Log file open, 01/08/25 09:57:40
LogInit: Display: Running engine for game: CIJ_RisqueAuditif
LogPlatformFile: Not using cached read wrapper
LogTaskGraph: Started task graph with 5 named threads and 14 total threads with 3 sets of task threads.
LogStats: Stats thread started at 1.183344
LogD3D11RHI: Loaded GFSDK_Aftermath_Lib.x64.dll
LogICUInternationalization: ICU TimeZone Detection - Raw Offset: +1:00, Platform Override: ''
LogPluginManager: Mounting plugin Paper2D
LogPluginManager: Mounting plugin AISupport
LogPluginManager: Mounting plugin LightPropagationVolume
LogPluginManager: Mounting plugin CameraShakePreviewer
LogPluginManager: Mounting plugin ActorLayerUtilities
LogPluginManager: Mounting plugin AnimationSharing
LogPluginManager: Mounting plugin CLionSourceCodeAccess
LogPluginManager: Mounting plugin CodeLiteSourceCodeAccess
LogPluginManager: Mounting plugin GitSourceControl
LogPluginManager: Mounting plugin KDevelopSourceCodeAccess
LogPluginManager: Mounting plugin NullSourceCodeAccess
LogPluginManager: Mounting plugin PerforceSourceControl
LogPluginManager: Mounting plugin PlasticSourceControl
LogPluginManager: Mounting plugin RiderSourceCodeAccess
LogPluginManager: Mounting plugin SubversionSourceControl
LogPluginManager: Mounting plugin UObjectPlugin
LogPluginManager: Mounting plugin VisualStudioCodeSourceCodeAccess
LogPluginManager: Mounting plugin VisualStudioSourceCodeAccess
LogPluginManager: Mounting plugin XCodeSourceCodeAccess
LogPluginManager: Mounting plugin AssetManagerEditor
LogPluginManager: Mounting plugin CryptoKeys
LogPluginManager: Mounting plugin CurveEditorTools
LogPluginManager: Mounting plugin DataValidation
LogPluginManager: Mounting plugin EditorScriptingUtilities
LogPluginManager: Mounting plugin FacialAnimation
LogPluginManager: Mounting plugin GameplayTagsEditor
LogPluginManager: Mounting plugin GeometryMode
LogPluginManager: Mounting plugin MacGraphicsSwitching
LogPluginManager: Mounting plugin MaterialAnalyzer
LogPluginManager: Mounting plugin MobileLauncherProfileWizard
LogPluginManager: Mounting plugin PluginBrowser
LogPluginManager: Mounting plugin SpeedTreeImporter
LogPluginManager: Mounting plugin DatasmithContent
LogPluginManager: Mounting plugin VariantManagerContent
LogPluginManager: Mounting plugin AlembicImporter
LogPluginManager: Mounting plugin AutomationUtils
LogPluginManager: Mounting plugin BackChannel
LogPluginManager: Mounting plugin ChaosCloth
LogPluginManager: Mounting plugin ChaosClothEditor
LogPluginManager: Mounting plugin ChaosEditor
LogPluginManager: Mounting plugin ChaosNiagara
LogPluginManager: Mounting plugin ChaosSolverPlugin
LogPluginManager: Mounting plugin CharacterAI
LogPluginManager: Mounting plugin GeometryCache
LogPluginManager: Mounting plugin GeometryCollectionPlugin
LogPluginManager: Mounting plugin GeometryProcessing
LogPluginManager: Mounting plugin PlanarCut
LogPluginManager: Mounting plugin PlatformCrypto
LogPluginManager: Mounting plugin ProxyLODPlugin
LogPluginManager: Mounting plugin SkeletalReduction
LogPluginManager: Mounting plugin Niagara
LogPluginManager: Mounting plugin MagicLeap
LogPluginManager: Mounting plugin MagicLeapLightEstimation
LogPluginManager: Mounting plugin MagicLeapMedia
LogPluginManager: Mounting plugin MagicLeapPassableWorld
LogPluginManager: Mounting plugin MLSDK
LogPluginManager: Mounting plugin AndroidMedia
LogPluginManager: Mounting plugin AvfMedia
LogPluginManager: Mounting plugin ImgMedia
LogPluginManager: Mounting plugin MediaCompositing
LogPluginManager: Mounting plugin MediaPlayerEditor
LogPluginManager: Mounting plugin WebMMedia
LogPluginManager: Mounting plugin WmfMedia
LogPluginManager: Mounting plugin MeshPainting
LogPluginManager: Mounting plugin TcpMessaging
LogPluginManager: Mounting plugin UdpMessaging
LogPluginManager: Mounting plugin ActorSequence
LogPluginManager: Mounting plugin LevelSequenceEditor
LogPluginManager: Mounting plugin MatineeToLevelSequence
LogPluginManager: Mounting plugin MovieRenderPipeline
LogPluginManager: Mounting plugin TemplateSequence
LogPluginManager: Mounting plugin NetcodeUnitTest
LogPluginManager: Mounting plugin NUTUnrealEngine4
LogPluginManager: Mounting plugin OnlineSubsystemGooglePlay
LogPluginManager: Mounting plugin OnlineSubsystemIOS
LogPluginManager: Mounting plugin OnlineSubsystem
LogPluginManager: Mounting plugin OnlineSubsystemNull
LogPluginManager: Mounting plugin OnlineSubsystemUtils
LogPluginManager: Mounting plugin LauncherChunkInstaller
LogPluginManager: Mounting plugin AndroidDeviceProfileSelector
LogPluginManager: Mounting plugin AndroidMoviePlayer
LogPluginManager: Mounting plugin AndroidPermission
LogPluginManager: Mounting plugin AppleImageUtils
LogPluginManager: Mounting plugin AppleMoviePlayer
LogPluginManager: Mounting plugin ArchVisCharacter
LogPluginManager: Mounting plugin AssetTags
LogPluginManager: Mounting plugin AudioCapture
LogPluginManager: Mounting plugin CableComponent
LogPluginManager: Mounting plugin CustomMeshComponent
LogPluginManager: Mounting plugin EditableMesh
LogPluginManager: Mounting plugin ExampleDeviceProfileSelector
LogPluginManager: Mounting plugin GoogleCloudMessaging
LogPluginManager: Mounting plugin GooglePAD
LogPluginManager: Mounting plugin IOSDeviceProfileSelector
LogPluginManager: Mounting plugin LinuxDeviceProfileSelector
LogPluginManager: Mounting plugin LocationServicesBPLibrary
LogPluginManager: Mounting plugin MobilePatchingUtils
LogPluginManager: Mounting plugin OculusVR
LogPluginManager: Mounting plugin PhysXVehicles
LogPluginManager: Mounting plugin PostSplashScreen
LogPluginManager: Mounting plugin ProceduralMeshComponent
LogPluginManager: Mounting plugin RuntimePhysXCooking
LogPluginManager: Mounting plugin SignificanceManager
LogPluginManager: Mounting plugin SoundFields
LogPluginManager: Mounting plugin SteamVR
LogPluginManager: Mounting plugin Synthesis
LogPluginManager: Mounting plugin WebMMoviePlayer
LogPluginManager: Mounting plugin WindowsMoviePlayer
LogPluginManager: Mounting plugin ScreenshotTools
LogInit: Using libcurl 7.55.1-DEV
LogInit:  - built for x86_64-pc-win32
LogInit:  - supports SSL with OpenSSL/1.1.1
LogInit:  - supports HTTP deflate (compression) using libz 1.2.8
LogInit:  - other features:
LogInit:      CURL_VERSION_SSL
LogInit:      CURL_VERSION_LIBZ
LogInit:      CURL_VERSION_IPV6
LogInit:      CURL_VERSION_ASYNCHDNS
LogInit:      CURL_VERSION_LARGEFILE
LogInit:      CURL_VERSION_IDN
LogInit:  CurlRequestOptions (configurable via config and command line):
LogInit:  - bVerifyPeer = true  - Libcurl will verify peer certificate
LogInit:  - bUseHttpProxy = false  - Libcurl will NOT use HTTP proxy
LogInit:  - bDontReuseConnections = false  - Libcurl will reuse connections
LogInit:  - MaxHostConnections = 16  - Libcurl will limit the number of connections to a host
LogInit:  - LocalHostAddr = Default
LogInit:  - BufferSize = 65536
LogOnline: OSS: Creating online subsystem instance for: NULL
LogInit: WinSock: version 1.1 (2.2), MaxSocks=32767, MaxUdp=65467
LogOnline: OSS: TryLoadSubsystemAndSetDefault: Loaded subsystem for module [NULL]
LogInit: Build: ++UE4+Release-4.25-CL-14469661
LogInit: Engine Version: 4.25.4-14469661+++UE4+Release-4.25
LogInit: Compatible Engine Version: 4.25.0-13144385+++UE4+Release-4.25
LogInit: Net CL: 13144385
LogInit: OS: Windows 10 (Release 2009) (), CPU:       Intel(R) Pentium(R) CPU  N3710  @ 1.60GHz, GPU: Intel(R) HD Graphics
LogInit: Compiled (64-bit): Oct 11 2020 08:10:49
LogInit: Compiled with Visual C++: 19.24.28315.00
LogInit: Build Configuration: Development
LogInit: Branch Name: ++UE4+Release-4.25
LogInit: Command Line:  /Game/Maps/MenuMap/MenuMap -game -PIEVIACONSOLE -Multiprocess "GameUserSettingsINI=C:/Users/fande/Documents/Unreal Projects/CIJ_RisqueAuditif/Saved/Config/Windows/PIEGameUserSettings0.ini" -MultiprocessSaveConfig -MultiprocessOSS -messaging -SessionName="Play in Standalone Game" -featureleveles31 -faketouches -MultiprocessSaveConfig -windowed -ResX=1280 -ResY=720
LogInit: Base Directory: C:/Users/fande/Documents/EpicGames/UE_4.25/Engine/Binaries/Win64/
LogInit: Allocator: TBB
LogInit: Installed Engine Build: 1
LogDevObjectVersion: Number of dev versions registered: 26
LogDevObjectVersion:   Dev-Blueprints (B0D832E4-1F89-4F0D-ACCF-7EB736FD4AA2): 10
LogDevObjectVersion:   Dev-Build (E1C64328-A22C-4D53-A36C-8E866417BD8C): 0
LogDevObjectVersion:   Dev-Core (375EC13C-06E4-48FB-B500-84F0262A717E): 4
LogDevObjectVersion:   Dev-Editor (E4B068ED-F494-42E9-A231-DA0B2E46BB41): 38
LogDevObjectVersion:   Dev-Framework (CFFC743F-43B0-4480-9391-14DF171D2073): 37
LogDevObjectVersion:   Dev-Mobile (B02B49B5-BB20-44E9-A304-32B752E40360): 2
LogDevObjectVersion:   Dev-Networking (A4E4105C-59A1-49B5-A7C5-40C4547EDFEE): 0
LogDevObjectVersion:   Dev-Online (39C831C9-5AE6-47DC-9A44-9C173E1C8E7C): 0
LogDevObjectVersion:   Dev-Physics (78F01B33-EBEA-4F98-B9B4-84EACCB95AA2): 4
LogDevObjectVersion:   Dev-Platform (6631380F-2D4D-43E0-8009-CF276956A95A): 0
LogDevObjectVersion:   Dev-Rendering (12F88B9F-8875-4AFC-A67C-D90C383ABD29): 43
LogDevObjectVersion:   Dev-Sequencer (7B5AE74C-D270-4C10-A958-57980B212A5A): 12
LogDevObjectVersion:   Dev-VR (D7296918-1DD6-4BDD-9DE2-64A83CC13884): 3
LogDevObjectVersion:   Dev-LoadTimes (C2A15278-BFE7-4AFE-6C17-90FF531DF755): 1
LogDevObjectVersion:   Private-Geometry (6EACA3D4-40EC-4CC1-B786-8BED09428FC5): 3
LogDevObjectVersion:   Dev-AnimPhys (29E575DD-E0A3-4627-9D10-D276232CDCEA): 17
LogDevObjectVersion:   Dev-Anim (AF43A65D-7FD3-4947-9873-3E8ED9C1BB05): 7
LogDevObjectVersion:   Dev-ReflectionCapture (6B266CEC-1EC7-4B8F-A30B-E4D90942FC07): 1
LogDevObjectVersion:   Dev-Automation (0DF73D61-A23F-47EA-B727-89E90C41499A): 1
LogDevObjectVersion:   FortniteMain (601D1886-AC64-4F84-AA16-D3DE0DEAC7D6): 31
LogDevObjectVersion:   Dev-Enterprise (9DFFBCD6-494F-0158-E221-12823C92A888): 10
LogDevObjectVersion:   Dev-Niagara (F2AED0AC-9AFE-416F-8664-AA7FFA26D6FC): 1
LogDevObjectVersion:   Dev-Destruction (174F1F0B-B4C6-45A5-B13F-2EE8D0FB917D): 10
LogDevObjectVersion:   Dev-Physics-Ext (35F94A83-E258-406C-A318-09F59610247C): 37
LogDevObjectVersion:   Dev-PhysicsMaterial-Chaos (B68FC16E-8B1B-42E2-B453-215C058844FE): 1
LogDevObjectVersion:   Dev-CineCamera (B2E18506-4273-CFC2-A54E-F4BB758BBA07): 1
LogInit: Presizing for max 25165824 objects, including 0 objects not considered by GC, pre-allocating 0 bytes for permanent pool.
LogConfig: Applying CVar settings from Section [/Script/Engine.StreamingSettings] File [C:/Users/fande/Documents/Unreal Projects/CIJ_RisqueAuditif/Saved/Config/Windows/Engine.ini]
LogConfig: Setting CVar [[s.MinBulkDataSizeForAsyncLoading:131072]]
LogConfig: Setting CVar [[s.AsyncLoadingThreadEnabled:0]]
LogConfig: Setting CVar [[s.EventDrivenLoaderEnabled:1]]
LogConfig: Setting CVar [[s.WarnIfTimeLimitExceeded:0]]
LogConfig: Setting CVar [[s.TimeLimitExceededMultiplier:1.5]]
LogConfig: Setting CVar [[s.TimeLimitExceededMinTime:0.005]]
LogConfig: Setting CVar [[s.UseBackgroundLevelStreaming:1]]
LogConfig: Setting CVar [[s.PriorityAsyncLoadingExtraTime:15.0]]
LogConfig: Setting CVar [[s.LevelStreamingActorsUpdateTimeLimit:5.0]]
LogConfig: Setting CVar [[s.PriorityLevelStreamingActorsUpdateExtraTime:5.0]]
LogConfig: Setting CVar [[s.LevelStreamingComponentsRegistrationGranularity:10]]
LogConfig: Setting CVar [[s.UnregisterComponentsTimeLimit:1.0]]
LogConfig: Setting CVar [[s.LevelStreamingComponentsUnregistrationGranularity:5]]
LogConfig: Setting CVar [[s.FlushStreamingOnExit:1]]
LogInit: Object subsystem initialized
LogConfig: Setting CVar [[con.DebugEarlyDefault:1]]
LogConfig: Setting CVar [[r.setres:1280x720]]
[2025.01.08-08.57.41:588][  0]LogConfig: Setting CVar [[con.DebugEarlyDefault:1]]
[2025.01.08-08.57.41:588][  0]LogConfig: Setting CVar [[r.setres:1280x720]]
[2025.01.08-08.57.41:588][  0]LogConfig: Applying CVar settings from Section [/Script/Engine.RendererSettings] File [C:/Users/fande/Documents/Unreal Projects/CIJ_RisqueAuditif/Saved/Config/Windows/Engine.ini]
[2025.01.08-08.57.41:588][  0]LogConfig: Setting CVar [[r.GPUCrashDebugging:0]]
[2025.01.08-08.57.41:588][  0]LogConfig: Setting CVar [[r.Mobile.DisableVertexFog:1]]
[2025.01.08-08.57.41:588][  0]LogConfig: Setting CVar [[r.Shadow.CSM.MaxMobileCascades:2]]
[2025.01.08-08.57.41:588][  0]LogConfig: Setting CVar [[r.MobileMSAA:1]]
[2025.01.08-08.57.41:588][  0]LogConfig: Setting CVar [[r.Mobile.UseLegacyShadingModel:0]]
[2025.01.08-08.57.41:588][  0]LogConfig: Setting CVar [[r.Mobile.AllowDitheredLODTransition:0]]
[2025.01.08-08.57.41:588][  0]LogConfig: Setting CVar [[r.Mobile.AllowSoftwareOcclusion:0]]
[2025.01.08-08.57.41:588][  0]LogConfig: Setting CVar [[r.Mobile.VirtualTextures:0]]
[2025.01.08-08.57.41:588][  0]LogConfig: Setting CVar [[r.DiscardUnusedQuality:0]]
[2025.01.08-08.57.41:588][  0]LogConfig: Setting CVar [[r.AllowOcclusionQueries:1]]
[2025.01.08-08.57.41:589][  0]LogConfig: Setting CVar [[r.MinScreenRadiusForLights:0.030000]]
[2025.01.08-08.57.41:589][  0]LogConfig: Setting CVar [[r.MinScreenRadiusForDepthPrepass:0.030000]]
[2025.01.08-08.57.41:589][  0]LogConfig: Setting CVar [[r.MinScreenRadiusForCSMDepth:0.010000]]
[2025.01.08-08.57.41:589][  0]LogConfig: Setting CVar [[r.PrecomputedVisibilityWarning:0]]
[2025.01.08-08.57.41:589][  0]LogConfig: Setting CVar [[r.TextureStreaming:1]]
[2025.01.08-08.57.41:589][  0]LogConfig: Setting CVar [[Compat.UseDXT5NormalMaps:0]]
[2025.01.08-08.57.41:589][  0]LogConfig: Setting CVar [[r.VirtualTextures:0]]
[2025.01.08-08.57.41:589][  0]LogConfig: Setting CVar [[r.VirtualTexturedLightmaps:0]]
[2025.01.08-08.57.41:589][  0]LogConfig: Setting CVar [[r.VT.TileSize:128]]
[2025.01.08-08.57.41:589][  0]LogConfig: Setting CVar [[r.VT.TileBorderSize:4]]
[2025.01.08-08.57.41:589][  0]LogConfig: Setting CVar [[r.vt.FeedbackFactor:16]]
[2025.01.08-08.57.41:589][  0]LogConfig: Setting CVar [[r.VT.EnableCompressZlib:1]]
[2025.01.08-08.57.41:589][  0]LogConfig: Setting CVar [[r.VT.EnableCompressCrunch:0]]
[2025.01.08-08.57.41:589][  0]LogConfig: Setting CVar [[r.ClearCoatNormal:0]]
[2025.01.08-08.57.41:589][  0]LogConfig: Setting CVar [[r.AnisotropicBRDF:0]]
[2025.01.08-08.57.41:590][  0]LogConfig: Setting CVar [[r.ReflectionCaptureResolution:128]]
[2025.01.08-08.57.41:590][  0]LogConfig: Setting CVar [[r.ReflectionEnvironmentLightmapMixBasedOnRoughness:1]]
[2025.01.08-08.57.41:590][  0]LogConfig: Setting CVar [[r.ForwardShading:0]]
[2025.01.08-08.57.41:590][  0]LogConfig: Setting CVar [[r.VertexFoggingForOpaque:1]]
[2025.01.08-08.57.41:590][  0]LogConfig: Setting CVar [[r.AllowStaticLighting:1]]
[2025.01.08-08.57.41:590][  0]LogConfig: Setting CVar [[r.NormalMapsForStaticLighting:0]]
[2025.01.08-08.57.41:590][  0]LogConfig: Setting CVar [[r.GenerateMeshDistanceFields:0]]
[2025.01.08-08.57.41:590][  0]LogConfig: Setting CVar [[r.DistanceFieldBuild.EightBit:0]]
[2025.01.08-08.57.41:590][  0]LogConfig: Setting CVar [[r.GenerateLandscapeGIData:0]]
[2025.01.08-08.57.41:590][  0]LogConfig: Setting CVar [[r.DistanceFieldBuild.Compress:0]]
[2025.01.08-08.57.41:590][  0]LogConfig: Setting CVar [[r.TessellationAdaptivePixelsPerTriangle:48.000000]]
[2025.01.08-08.57.41:590][  0]LogConfig: Setting CVar [[r.SeparateTranslucency:0]]
[2025.01.08-08.57.41:590][  0]LogConfig: Setting CVar [[r.TranslucentSortPolicy:0]]
[2025.01.08-08.57.41:590][  0]LogConfig: Setting CVar [[r.CustomDepth:1]]
[2025.01.08-08.57.41:590][  0]LogConfig: Setting CVar [[r.CustomDepthTemporalAAJitter:1]]
[2025.01.08-08.57.41:591][  0]LogConfig: Setting CVar [[r.PostProcessing.PropagateAlpha:0]]
[2025.01.08-08.57.41:591][  0]LogConfig: Setting CVar [[r.DefaultFeature.Bloom:0]]
[2025.01.08-08.57.41:591][  0]LogConfig: Setting CVar [[r.DefaultFeature.AmbientOcclusion:0]]
[2025.01.08-08.57.41:591][  0]LogConfig: Setting CVar [[r.DefaultFeature.AmbientOcclusionStaticFraction:1]]
[2025.01.08-08.57.41:591][  0]LogConfig: Setting CVar [[r.DefaultFeature.AutoExposure:0]]
[2025.01.08-08.57.41:591][  0]LogConfig: Setting CVar [[r.DefaultFeature.AutoExposure.Method:0]]
[2025.01.08-08.57.41:591][  0]LogConfig: Setting CVar [[r.DefaultFeature.AutoExposure.Bias:1.000000]]
[2025.01.08-08.57.41:591][  0]LogConfig: Setting CVar [[r.DefaultFeature.AutoExposure.ExtendDefaultLuminanceRange:0]]
[2025.01.08-08.57.41:591][  0]LogConfig: Setting CVar [[r.UsePreExposure:1]]
[2025.01.08-08.57.41:591][  0]LogConfig: Setting CVar [[r.EyeAdaptation.EditorOnly:0]]
[2025.01.08-08.57.41:591][  0]LogConfig: Setting CVar [[r.DefaultFeature.MotionBlur:0]]
[2025.01.08-08.57.41:591][  0]LogConfig: Setting CVar [[r.DefaultFeature.LensFlare:0]]
[2025.01.08-08.57.41:591][  0]LogConfig: Setting CVar [[r.TemporalAA.Upsampling:0]]
[2025.01.08-08.57.41:592][  0]LogConfig: Setting CVar [[r.SSGI.Enable:0]]
[2025.01.08-08.57.41:592][  0]LogConfig: Setting CVar [[r.DefaultFeature.AntiAliasing:0]]
[2025.01.08-08.57.41:592][  0]LogConfig: Setting CVar [[r.DefaultFeature.LightUnits:1]]
[2025.01.08-08.57.41:592][  0]LogConfig: Setting CVar [[r.DefaultBackBufferPixelFormat:4]]
[2025.01.08-08.57.41:592][  0]LogConfig: Setting CVar [[r.Shadow.UnbuiltPreviewInGame:1]]
[2025.01.08-08.57.41:592][  0]LogConfig: Setting CVar [[r.StencilForLODDither:0]]
[2025.01.08-08.57.41:592][  0]LogConfig: Setting CVar [[r.EarlyZPass:3]]
[2025.01.08-08.57.41:592][  0]LogConfig: Setting CVar [[r.EarlyZPassOnlyMaterialMasking:0]]
[2025.01.08-08.57.41:592][  0]LogConfig: Setting CVar [[r.DBuffer:1]]
[2025.01.08-08.57.41:592][  0]LogConfig: Setting CVar [[r.ClearSceneMethod:1]]
[2025.01.08-08.57.41:592][  0]LogConfig: Setting CVar [[r.BasePassOutputsVelocity:0]]
[2025.01.08-08.57.41:592][  0]LogConfig: Setting CVar [[r.VertexDeformationOutputsVelocity:0]]
[2025.01.08-08.57.41:592][  0]LogConfig: Setting CVar [[r.SelectiveBasePassOutputs:0]]
[2025.01.08-08.57.41:593][  0]LogConfig: Setting CVar [[fx.GPUSimulationTextureSizeX:1024]]
[2025.01.08-08.57.41:593][  0]LogConfig: Setting CVar [[fx.GPUSimulationTextureSizeY:1024]]
[2025.01.08-08.57.41:593][  0]LogConfig: Setting CVar [[r.AllowGlobalClipPlane:0]]
[2025.01.08-08.57.41:593][  0]LogConfig: Setting CVar [[r.GBufferFormat:1]]
[2025.01.08-08.57.41:593][  0]LogConfig: Setting CVar [[r.MorphTarget.Mode:1]]
[2025.01.08-08.57.41:593][  0]LogConfig: Setting CVar [[vr.InstancedStereo:0]]
[2025.01.08-08.57.41:593][  0]LogConfig: Setting CVar [[r.MobileHDR:1]]
[2025.01.08-08.57.41:593][  0]LogConfig: Setting CVar [[vr.MobileMultiView:0]]
[2025.01.08-08.57.41:593][  0]LogConfig: Setting CVar [[r.Mobile.UseHWsRGBEncoding:0]]
[2025.01.08-08.57.41:593][  0]LogConfig: Setting CVar [[vr.RoundRobinOcclusion:0]]
[2025.01.08-08.57.41:593][  0]LogConfig: Setting CVar [[vr.ODSCapture:0]]
[2025.01.08-08.57.41:593][  0]LogConfig: Setting CVar [[r.MeshStreaming:0]]
[2025.01.08-08.57.41:593][  0]LogConfig: Setting CVar [[r.WireframeCullThreshold:5.000000]]
[2025.01.08-08.57.41:593][  0]LogConfig: Setting CVar [[r.RayTracing:0]]
[2025.01.08-08.57.41:593][  0]LogConfig: Setting CVar [[r.RayTracing.UseTextureLod:0]]
[2025.01.08-08.57.41:594][  0]LogConfig: Setting CVar [[r.SupportStationarySkylight:1]]
[2025.01.08-08.57.41:594][  0]LogConfig: Setting CVar [[r.SupportLowQualityLightmaps:1]]
[2025.01.08-08.57.41:594][  0]LogConfig: Setting CVar [[r.SupportPointLightWholeSceneShadows:1]]
[2025.01.08-08.57.41:594][  0]LogConfig: Setting CVar [[r.SupportAtmosphericFog:1]]
[2025.01.08-08.57.41:594][  0]LogConfig: Setting CVar [[r.SupportSkyAtmosphere:1]]
[2025.01.08-08.57.41:594][  0]LogConfig: Setting CVar [[r.SupportSkyAtmosphereAffectsHeightFog:0]]
[2025.01.08-08.57.41:594][  0]LogConfig: Setting CVar [[r.SkinCache.CompileShaders:0]]
[2025.01.08-08.57.41:594][  0]LogConfig: Setting CVar [[r.SkinCache.DefaultBehavior:1]]
[2025.01.08-08.57.41:594][  0]LogConfig: Setting CVar [[r.SkinCache.SceneMemoryLimitInMB:128.000000]]
[2025.01.08-08.57.41:594][  0]LogConfig: Setting CVar [[r.Mobile.EnableStaticAndCSMShadowReceivers:1]]
[2025.01.08-08.57.41:594][  0]LogConfig: Setting CVar [[r.Mobile.EnableMovableLightCSMShaderCulling:1]]
[2025.01.08-08.57.41:594][  0]LogConfig: Setting CVar [[r.Mobile.AllowDistanceFieldShadows:1]]
[2025.01.08-08.57.41:594][  0]LogConfig: Setting CVar [[r.Mobile.AllowMovableDirectionalLights:1]]
[2025.01.08-08.57.41:594][  0]LogConfig: Setting CVar [[r.MobileNumDynamicPointLights:4]]
[2025.01.08-08.57.41:594][  0]LogConfig: Setting CVar [[r.MobileDynamicPointLightsUseStaticBranch:1]]
[2025.01.08-08.57.41:594][  0]LogConfig: Setting CVar [[r.Mobile.EnableMovableSpotlights:0]]
[2025.01.08-08.57.41:595][  0]LogConfig: Setting CVar [[r.GPUSkin.Support16BitBoneIndex:0]]
[2025.01.08-08.57.41:595][  0]LogConfig: Setting CVar [[r.GPUSkin.Limit2BoneInfluences:0]]
[2025.01.08-08.57.41:595][  0]LogConfig: Setting CVar [[r.SupportDepthOnlyIndexBuffers:1]]
[2025.01.08-08.57.41:595][  0]LogConfig: Setting CVar [[r.SupportReversedIndexBuffers:1]]
[2025.01.08-08.57.41:595][  0]LogConfig: Setting CVar [[r.SupportMaterialLayers:0]]
[2025.01.08-08.57.41:595][  0]LogConfig: Setting CVar [[r.LightPropagationVolume:0]]
[2025.01.08-08.57.41:595][  0]LogConfig: Applying CVar settings from Section [/Script/Engine.RendererOverrideSettings] File [C:/Users/fande/Documents/Unreal Projects/CIJ_RisqueAuditif/Saved/Config/Windows/Engine.ini]
[2025.01.08-08.57.41:595][  0]LogConfig: Applying CVar settings from Section [/Script/Engine.StreamingSettings] File [C:/Users/fande/Documents/Unreal Projects/CIJ_RisqueAuditif/Saved/Config/Windows/Engine.ini]
[2025.01.08-08.57.41:595][  0]LogConfig: Setting CVar [[s.MinBulkDataSizeForAsyncLoading:131072]]
[2025.01.08-08.57.41:595][  0]LogConfig: Setting CVar [[s.AsyncLoadingThreadEnabled:0]]
[2025.01.08-08.57.41:595][  0]LogConfig: Setting CVar [[s.EventDrivenLoaderEnabled:1]]
[2025.01.08-08.57.41:595][  0]LogConfig: Setting CVar [[s.WarnIfTimeLimitExceeded:0]]
[2025.01.08-08.57.41:595][  0]LogConfig: Setting CVar [[s.TimeLimitExceededMultiplier:1.5]]
[2025.01.08-08.57.41:595][  0]LogConfig: Setting CVar [[s.TimeLimitExceededMinTime:0.005]]
[2025.01.08-08.57.41:595][  0]LogConfig: Setting CVar [[s.UseBackgroundLevelStreaming:1]]
[2025.01.08-08.57.41:595][  0]LogConfig: Setting CVar [[s.PriorityAsyncLoadingExtraTime:15.0]]
[2025.01.08-08.57.41:596][  0]LogConfig: Setting CVar [[s.LevelStreamingActorsUpdateTimeLimit:5.0]]
[2025.01.08-08.57.41:596][  0]LogConfig: Setting CVar [[s.PriorityLevelStreamingActorsUpdateExtraTime:5.0]]
[2025.01.08-08.57.41:596][  0]LogConfig: Setting CVar [[s.LevelStreamingComponentsRegistrationGranularity:10]]
[2025.01.08-08.57.41:596][  0]LogConfig: Setting CVar [[s.UnregisterComponentsTimeLimit:1.0]]
[2025.01.08-08.57.41:596][  0]LogConfig: Setting CVar [[s.LevelStreamingComponentsUnregistrationGranularity:5]]
[2025.01.08-08.57.41:596][  0]LogConfig: Setting CVar [[s.FlushStreamingOnExit:1]]
[2025.01.08-08.57.41:596][  0]LogConfig: Applying CVar settings from Section [/Script/Engine.GarbageCollectionSettings] File [C:/Users/fande/Documents/Unreal Projects/CIJ_RisqueAuditif/Saved/Config/Windows/Engine.ini]
[2025.01.08-08.57.41:596][  0]LogConfig: Setting CVar [[gc.MaxObjectsNotConsideredByGC:1]]
[2025.01.08-08.57.41:596][  0]LogConfig: Setting CVar [[gc.SizeOfPermanentObjectPool:0]]
[2025.01.08-08.57.41:596][  0]LogConfig: Setting CVar [[gc.FlushStreamingOnGC:0]]
[2025.01.08-08.57.41:596][  0]LogConfig: Setting CVar [[gc.NumRetriesBeforeForcingGC:10]]
[2025.01.08-08.57.41:596][  0]LogConfig: Setting CVar [[gc.AllowParallelGC:1]]
[2025.01.08-08.57.41:596][  0]LogConfig: Setting CVar [[gc.TimeBetweenPurgingPendingKillObjects:61.1]]
[2025.01.08-08.57.41:596][  0]LogConfig: Setting CVar [[gc.MaxObjectsInEditor:25165824]]
[2025.01.08-08.57.41:597][  0]LogConfig: Setting CVar [[gc.IncrementalBeginDestroyEnabled:1]]
[2025.01.08-08.57.41:597][  0]LogConfig: Setting CVar [[gc.CreateGCClusters:1]]
[2025.01.08-08.57.41:597][  0]LogConfig: Setting CVar [[gc.MinGCClusterSize:5]]
[2025.01.08-08.57.41:597][  0]LogConfig: Setting CVar [[gc.ActorClusteringEnabled:0]]
[2025.01.08-08.57.41:597][  0]LogConfig: Setting CVar [[gc.BlueprintClusteringEnabled:0]]
[2025.01.08-08.57.41:597][  0]LogConfig: Setting CVar [[gc.UseDisregardForGCOnDedicatedServers:0]]
[2025.01.08-08.57.41:597][  0]LogConfig: Applying CVar settings from Section [/Script/Engine.NetworkSettings] File [C:/Users/fande/Documents/Unreal Projects/CIJ_RisqueAuditif/Saved/Config/Windows/Engine.ini]
[2025.01.08-08.57.41:597][  0]LogConfig: Applying CVar settings from Section [/Script/UnrealEd.CookerSettings] File [C:/Users/fande/Documents/Unreal Projects/CIJ_RisqueAuditif/Saved/Config/Windows/Engine.ini]
[2025.01.08-08.57.41:605][  0]LogConfig: Applying CVar settings from Section [ViewDistanceQuality@3] File [C:/Users/fande/Documents/Unreal Projects/CIJ_RisqueAuditif/Saved/Config/Windows/Scalability.ini]
[2025.01.08-08.57.41:605][  0]LogConfig: Setting CVar [[r.SkeletalMeshLODBias:0]]
[2025.01.08-08.57.41:605][  0]LogConfig: Setting CVar [[r.ViewDistanceScale:1.0]]
[2025.01.08-08.57.41:605][  0]LogConfig: Applying CVar settings from Section [AntiAliasingQuality@3] File [C:/Users/fande/Documents/Unreal Projects/CIJ_RisqueAuditif/Saved/Config/Windows/Scalability.ini]
[2025.01.08-08.57.41:605][  0]LogConfig: Setting CVar [[r.PostProcessAAQuality:4]]
[2025.01.08-08.57.41:605][  0]LogConfig: Applying CVar settings from Section [ShadowQuality@3] File [C:/Users/fande/Documents/Unreal Projects/CIJ_RisqueAuditif/Saved/Config/Windows/Scalability.ini]
[2025.01.08-08.57.41:605][  0]LogConfig: Setting CVar [[r.LightFunctionQuality:1]]
[2025.01.08-08.57.41:605][  0]LogConfig: Setting CVar [[r.ShadowQuality:5]]
[2025.01.08-08.57.41:605][  0]LogConfig: Setting CVar [[r.Shadow.CSM.MaxCascades:10]]
[2025.01.08-08.57.41:605][  0]LogConfig: Setting CVar [[r.Shadow.MaxResolution:2048]]
[2025.01.08-08.57.41:605][  0]LogConfig: Setting CVar [[r.Shadow.MaxCSMResolution:2048]]
[2025.01.08-08.57.41:605][  0]LogConfig: Setting CVar [[r.Shadow.RadiusThreshold:0.01]]
[2025.01.08-08.57.41:605][  0]LogConfig: Setting CVar [[r.Shadow.DistanceScale:1.0]]
[2025.01.08-08.57.41:605][  0]LogConfig: Setting CVar [[r.Shadow.CSM.TransitionScale:1.0]]
[2025.01.08-08.57.41:605][  0]LogConfig: Setting CVar [[r.Shadow.PreShadowResolutionFactor:1.0]]
[2025.01.08-08.57.41:606][  0]LogConfig: Setting CVar [[r.DistanceFieldShadowing:1]]
[2025.01.08-08.57.41:606][  0]LogConfig: Setting CVar [[r.DistanceFieldAO:1]]
[2025.01.08-08.57.41:606][  0]LogConfig: Setting CVar [[r.AOQuality:2]]
[2025.01.08-08.57.41:606][  0]LogConfig: Setting CVar [[r.VolumetricFog:1]]
[2025.01.08-08.57.41:606][  0]LogConfig: Setting CVar [[r.VolumetricFog.GridPixelSize:8]]
[2025.01.08-08.57.41:606][  0]LogConfig: Setting CVar [[r.VolumetricFog.GridSizeZ:128]]
[2025.01.08-08.57.41:606][  0]LogConfig: Setting CVar [[r.VolumetricFog.HistoryMissSupersampleCount:4]]
[2025.01.08-08.57.41:606][  0]LogConfig: Setting CVar [[r.LightMaxDrawDistanceScale:1]]
[2025.01.08-08.57.41:606][  0]LogConfig: Setting CVar [[r.CapsuleShadows:1]]
[2025.01.08-08.57.41:606][  0]LogConfig: Applying CVar settings from Section [PostProcessQuality@3] File [C:/Users/fande/Documents/Unreal Projects/CIJ_RisqueAuditif/Saved/Config/Windows/Scalability.ini]
[2025.01.08-08.57.41:606][  0]LogConfig: Setting CVar [[r.MotionBlurQuality:4]]
[2025.01.08-08.57.41:606][  0]LogConfig: Setting CVar [[r.AmbientOcclusionMipLevelFactor:0.4]]
[2025.01.08-08.57.41:606][  0]LogConfig: Setting CVar [[r.AmbientOcclusionMaxQuality:100]]
[2025.01.08-08.57.41:606][  0]LogConfig: Setting CVar [[r.AmbientOcclusionLevels:-1]]
[2025.01.08-08.57.41:606][  0]LogConfig: Setting CVar [[r.AmbientOcclusionRadiusScale:1.0]]
[2025.01.08-08.57.41:606][  0]LogConfig: Setting CVar [[r.DepthOfFieldQuality:2]]
[2025.01.08-08.57.41:607][  0]LogConfig: Setting CVar [[r.RenderTargetPoolMin:400]]
[2025.01.08-08.57.41:607][  0]LogConfig: Setting CVar [[r.LensFlareQuality:2]]
[2025.01.08-08.57.41:607][  0]LogConfig: Setting CVar [[r.SceneColorFringeQuality:1]]
[2025.01.08-08.57.41:607][  0]LogConfig: Setting CVar [[r.EyeAdaptationQuality:2]]
[2025.01.08-08.57.41:607][  0]LogConfig: Setting CVar [[r.BloomQuality:5]]
[2025.01.08-08.57.41:607][  0]LogConfig: Setting CVar [[r.FastBlurThreshold:100]]
[2025.01.08-08.57.41:607][  0]LogConfig: Setting CVar [[r.Upscale.Quality:3]]
[2025.01.08-08.57.41:607][  0]LogConfig: Setting CVar [[r.Tonemapper.GrainQuantization:1]]
[2025.01.08-08.57.41:607][  0]LogConfig: Setting CVar [[r.LightShaftQuality:1]]
[2025.01.08-08.57.41:607][  0]LogConfig: Setting CVar [[r.Filter.SizeScale:1]]
[2025.01.08-08.57.41:607][  0]LogConfig: Setting CVar [[r.Tonemapper.Quality:5]]
[2025.01.08-08.57.41:607][  0]LogConfig: Setting CVar [[r.DOF.Gather.AccumulatorQuality:1        ; higher gathering accumulator quality]]
[2025.01.08-08.57.41:607][  0]LogConfig: Setting CVar [[r.DOF.Gather.PostfilterMethod:1          ; Median3x3 postfilering method]]
[2025.01.08-08.57.41:607][  0]LogConfig: Setting CVar [[r.DOF.Gather.EnableBokehSettings:0       ; no bokeh simulation when gathering]]
[2025.01.08-08.57.41:607][  0]LogConfig: Setting CVar [[r.DOF.Gather.RingCount:4                 ; medium number of samples when gathering]]
[2025.01.08-08.57.41:607][  0]LogConfig: Setting CVar [[r.DOF.Scatter.ForegroundCompositing:1    ; additive foreground scattering]]
[2025.01.08-08.57.41:608][  0]LogConfig: Setting CVar [[r.DOF.Scatter.BackgroundCompositing:2    ; additive background scattering]]
[2025.01.08-08.57.41:608][  0]LogConfig: Setting CVar [[r.DOF.Scatter.EnableBokehSettings:1      ; bokeh simulation when scattering]]
[2025.01.08-08.57.41:608][  0]LogConfig: Setting CVar [[r.DOF.Scatter.MaxSpriteRatio:0.1         ; only a maximum of 10% of scattered bokeh]]
[2025.01.08-08.57.41:608][  0]LogConfig: Setting CVar [[r.DOF.Recombine.Quality:1                ; cheap slight out of focus]]
[2025.01.08-08.57.41:608][  0]LogConfig: Setting CVar [[r.DOF.Recombine.EnableBokehSettings:0    ; no bokeh simulation on slight out of focus]]
[2025.01.08-08.57.41:608][  0]LogConfig: Setting CVar [[r.DOF.TemporalAAQuality:1                ; more stable temporal accumulation]]
[2025.01.08-08.57.41:608][  0]LogConfig: Setting CVar [[r.DOF.Kernel.MaxForegroundRadius:0.025]]
[2025.01.08-08.57.41:608][  0]LogConfig: Setting CVar [[r.DOF.Kernel.MaxBackgroundRadius:0.025]]
[2025.01.08-08.57.41:608][  0]LogConfig: Applying CVar settings from Section [TextureQuality@3] File [C:/Users/fande/Documents/Unreal Projects/CIJ_RisqueAuditif/Saved/Config/Windows/Scalability.ini]
[2025.01.08-08.57.41:608][  0]LogConfig: Setting CVar [[r.Streaming.MipBias:0]]
[2025.01.08-08.57.41:608][  0]LogConfig: Setting CVar [[r.Streaming.AmortizeCPUToGPUCopy:0]]
[2025.01.08-08.57.41:608][  0]LogConfig: Setting CVar [[r.Streaming.MaxNumTexturesToStreamPerFrame:0]]
[2025.01.08-08.57.41:608][  0]LogConfig: Setting CVar [[r.Streaming.Boost:1]]
[2025.01.08-08.57.41:608][  0]LogConfig: Setting CVar [[r.MaxAnisotropy:8]]
[2025.01.08-08.57.41:608][  0]LogConfig: Setting CVar [[r.VT.MaxAnisotropy:8]]
[2025.01.08-08.57.41:608][  0]LogConfig: Setting CVar [[r.Streaming.LimitPoolSizeToVRAM:0]]
[2025.01.08-08.57.41:608][  0]LogConfig: Setting CVar [[r.Streaming.PoolSize:1000]]
[2025.01.08-08.57.41:609][  0]LogConfig: Setting CVar [[r.Streaming.MaxEffectiveScreenSize:0]]
[2025.01.08-08.57.41:609][  0]LogConfig: Applying CVar settings from Section [EffectsQuality@3] File [C:/Users/fande/Documents/Unreal Projects/CIJ_RisqueAuditif/Saved/Config/Windows/Scalability.ini]
[2025.01.08-08.57.41:609][  0]LogConfig: Setting CVar [[r.TranslucencyLightingVolumeDim:64]]
[2025.01.08-08.57.41:609][  0]LogConfig: Setting CVar [[r.RefractionQuality:2]]
[2025.01.08-08.57.41:609][  0]LogConfig: Setting CVar [[r.SSR.Quality:3]]
[2025.01.08-08.57.41:609][  0]LogConfig: Setting CVar [[r.SSR.HalfResSceneColor:0]]
[2025.01.08-08.57.41:609][  0]LogConfig: Setting CVar [[r.SceneColorFormat:4]]
[2025.01.08-08.57.41:609][  0]LogConfig: Setting CVar [[r.DetailMode:2]]
[2025.01.08-08.57.41:609][  0]LogConfig: Setting CVar [[r.TranslucencyVolumeBlur:1]]
[2025.01.08-08.57.41:609][  0]LogConfig: Setting CVar [[r.MaterialQualityLevel:1 ; High quality]]
[2025.01.08-08.57.41:609][  0]LogConfig: Setting CVar [[r.SSS.Scale:1]]
[2025.01.08-08.57.41:609][  0]LogConfig: Setting CVar [[r.SSS.SampleSet:2]]
[2025.01.08-08.57.41:609][  0]LogConfig: Setting CVar [[r.SSS.Quality:1]]
[2025.01.08-08.57.41:609][  0]LogConfig: Setting CVar [[r.SSS.HalfRes:0]]
[2025.01.08-08.57.41:609][  0]LogConfig: Setting CVar [[r.SSGI.Quality:3]]
[2025.01.08-08.57.41:609][  0]LogConfig: Setting CVar [[r.EmitterSpawnRateScale:1.0]]
[2025.01.08-08.57.41:610][  0]LogConfig: Setting CVar [[r.ParticleLightQuality:2]]
[2025.01.08-08.57.41:610][  0]LogConfig: Setting CVar [[r.SkyAtmosphere.AerialPerspectiveLUT.FastApplyOnOpaque:1 ; Always have FastSkyLUT 1 in this case to avoid wrong sky]]
[2025.01.08-08.57.41:610][  0]LogConfig: Setting CVar [[r.SkyAtmosphere.AerialPerspectiveLUT.SampleCountPerSlice:1]]
[2025.01.08-08.57.41:610][  0]LogConfig: Setting CVar [[r.SkyAtmosphere.AerialPerspectiveLUT.DepthResolution:16.0]]
[2025.01.08-08.57.41:610][  0]LogConfig: Setting CVar [[r.SkyAtmosphere.FastSkyLUT:1]]
[2025.01.08-08.57.41:610][  0]LogConfig: Setting CVar [[r.SkyAtmosphere.FastSkyLUT.SampleCountMin:4.0]]
[2025.01.08-08.57.41:610][  0]LogConfig: Setting CVar [[r.SkyAtmosphere.FastSkyLUT.SampleCountMax:32.0]]
[2025.01.08-08.57.41:610][  0]LogConfig: Setting CVar [[r.SkyAtmosphere.SampleCountMin:4.0]]
[2025.01.08-08.57.41:610][  0]LogConfig: Setting CVar [[r.SkyAtmosphere.SampleCountMax:32.0]]
[2025.01.08-08.57.41:610][  0]LogConfig: Setting CVar [[r.SkyAtmosphere.TransmittanceLUT.UseSmallFormat:0]]
[2025.01.08-08.57.41:610][  0]LogConfig: Setting CVar [[r.SkyAtmosphere.TransmittanceLUT.SampleCount:10.0]]
[2025.01.08-08.57.41:610][  0]LogConfig: Setting CVar [[r.SkyAtmosphere.MultiScatteringLUT.SampleCount:15.0]]
[2025.01.08-08.57.41:610][  0]LogConfig: Applying CVar settings from Section [FoliageQuality@3] File [C:/Users/fande/Documents/Unreal Projects/CIJ_RisqueAuditif/Saved/Config/Windows/Scalability.ini]
[2025.01.08-08.57.41:610][  0]LogConfig: Setting CVar [[foliage.DensityScale:1.0]]
[2025.01.08-08.57.41:610][  0]LogConfig: Setting CVar [[grass.DensityScale:1.0]]
[2025.01.08-08.57.41:610][  0]LogConfig: Applying CVar settings from Section [ShadingQuality@3] File [C:/Users/fande/Documents/Unreal Projects/CIJ_RisqueAuditif/Saved/Config/Windows/Scalability.ini]
[2025.01.08-08.57.41:611][  0]LogConfig: Setting CVar [[r.HairStrands.SkyLighting.SampleCount:16]]
[2025.01.08-08.57.41:611][  0]LogConfig: Setting CVar [[r.HairStrands.SkyLighting.JitterIntegration:0]]
[2025.01.08-08.57.41:611][  0]LogConfig: Setting CVar [[r.HairStrands.SkyAO.SampleCount:16]]
[2025.01.08-08.57.41:611][  0]LogConfig: Setting CVar [[r.HairStrands.DeepShadow.SuperSampling:0]]
[2025.01.08-08.57.41:611][  0]LogConfig: Setting CVar [[r.HairStrands.VisibilityPPLL:0]]
[2025.01.08-08.57.41:611][  0]LogConfig: Setting CVar [[r.HairStrands.RasterizationScale:0.5]]
[2025.01.08-08.57.41:611][  0]LogConfig: Setting CVar [[r.HairStrands.VelocityRasterizationScale:1]]
[2025.01.08-08.57.41:611][  0]LogInit: Selected Device Profile: [Windows]
[2025.01.08-08.57.41:612][  0]LogInit: Applying CVar settings loaded from the selected device profile: [Windows]
[2025.01.08-08.57.41:612][  0]LogHAL: Display: Platform has ~ 8 GB [8491347968 / 8589934592 / 8], which maps to Default [LargestMinGB=32, LargerMinGB=12, DefaultMinGB=8, SmallerMinGB=6, SmallestMinGB=0)
[2025.01.08-08.57.41:612][  0]LogInit: Going up to parent DeviceProfile []
[2025.01.08-08.57.41:612][  0]LogConfig: Applying CVar settings from Section [ViewDistanceQuality@3] File [C:/Users/fande/Documents/Unreal Projects/CIJ_RisqueAuditif/Saved/Config/Windows/Scalability.ini]
[2025.01.08-08.57.41:612][  0]LogConfig: Setting CVar [[r.SkeletalMeshLODBias:0]]
[2025.01.08-08.57.41:612][  0]LogConfig: Setting CVar [[r.ViewDistanceScale:1.0]]
[2025.01.08-08.57.41:612][  0]LogConfig: Applying CVar settings from Section [AntiAliasingQuality@3] File [C:/Users/fande/Documents/Unreal Projects/CIJ_RisqueAuditif/Saved/Config/Windows/Scalability.ini]
[2025.01.08-08.57.41:612][  0]LogConfig: Setting CVar [[r.PostProcessAAQuality:4]]
[2025.01.08-08.57.41:612][  0]LogConfig: Applying CVar settings from Section [ShadowQuality@3] File [C:/Users/fande/Documents/Unreal Projects/CIJ_RisqueAuditif/Saved/Config/Windows/Scalability.ini]
[2025.01.08-08.57.41:613][  0]LogConfig: Setting CVar [[r.LightFunctionQuality:1]]
[2025.01.08-08.57.41:613][  0]LogConfig: Setting CVar [[r.ShadowQuality:5]]
[2025.01.08-08.57.41:613][  0]LogConfig: Setting CVar [[r.Shadow.CSM.MaxCascades:10]]
[2025.01.08-08.57.41:613][  0]LogConfig: Setting CVar [[r.Shadow.MaxResolution:2048]]
[2025.01.08-08.57.41:613][  0]LogConfig: Setting CVar [[r.Shadow.MaxCSMResolution:2048]]
[2025.01.08-08.57.41:613][  0]LogConfig: Setting CVar [[r.Shadow.RadiusThreshold:0.01]]
[2025.01.08-08.57.41:613][  0]LogConfig: Setting CVar [[r.Shadow.DistanceScale:1.0]]
[2025.01.08-08.57.41:613][  0]LogConfig: Setting CVar [[r.Shadow.CSM.TransitionScale:1.0]]
[2025.01.08-08.57.41:613][  0]LogConfig: Setting CVar [[r.Shadow.PreShadowResolutionFactor:1.0]]
[2025.01.08-08.57.41:613][  0]LogConfig: Setting CVar [[r.DistanceFieldShadowing:1]]
[2025.01.08-08.57.41:613][  0]LogConfig: Setting CVar [[r.DistanceFieldAO:1]]
[2025.01.08-08.57.41:613][  0]LogConfig: Setting CVar [[r.AOQuality:2]]
[2025.01.08-08.57.41:613][  0]LogConfig: Setting CVar [[r.VolumetricFog:1]]
[2025.01.08-08.57.41:613][  0]LogConfig: Setting CVar [[r.VolumetricFog.GridPixelSize:8]]
[2025.01.08-08.57.41:613][  0]LogConfig: Setting CVar [[r.VolumetricFog.GridSizeZ:128]]
[2025.01.08-08.57.41:614][  0]LogConfig: Setting CVar [[r.VolumetricFog.HistoryMissSupersampleCount:4]]
[2025.01.08-08.57.41:614][  0]LogConfig: Setting CVar [[r.LightMaxDrawDistanceScale:1]]
[2025.01.08-08.57.41:614][  0]LogConfig: Setting CVar [[r.CapsuleShadows:1]]
[2025.01.08-08.57.41:614][  0]LogConfig: Applying CVar settings from Section [PostProcessQuality@3] File [C:/Users/fande/Documents/Unreal Projects/CIJ_RisqueAuditif/Saved/Config/Windows/Scalability.ini]
[2025.01.08-08.57.41:614][  0]LogConfig: Setting CVar [[r.MotionBlurQuality:4]]
[2025.01.08-08.57.41:614][  0]LogConfig: Setting CVar [[r.AmbientOcclusionMipLevelFactor:0.4]]
[2025.01.08-08.57.41:614][  0]LogConfig: Setting CVar [[r.AmbientOcclusionMaxQuality:100]]
[2025.01.08-08.57.41:614][  0]LogConfig: Setting CVar [[r.AmbientOcclusionLevels:-1]]
[2025.01.08-08.57.41:614][  0]LogConfig: Setting CVar [[r.AmbientOcclusionRadiusScale:1.0]]
[2025.01.08-08.57.41:614][  0]LogConfig: Setting CVar [[r.DepthOfFieldQuality:2]]
[2025.01.08-08.57.41:614][  0]LogConfig: Setting CVar [[r.RenderTargetPoolMin:400]]
[2025.01.08-08.57.41:614][  0]LogConfig: Setting CVar [[r.LensFlareQuality:2]]
[2025.01.08-08.57.41:614][  0]LogConfig: Setting CVar [[r.SceneColorFringeQuality:1]]
[2025.01.08-08.57.41:614][  0]LogConfig: Setting CVar [[r.EyeAdaptationQuality:2]]
[2025.01.08-08.57.41:614][  0]LogConfig: Setting CVar [[r.BloomQuality:5]]
[2025.01.08-08.57.41:614][  0]LogConfig: Setting CVar [[r.FastBlurThreshold:100]]
[2025.01.08-08.57.41:615][  0]LogConfig: Setting CVar [[r.Upscale.Quality:3]]
[2025.01.08-08.57.41:615][  0]LogConfig: Setting CVar [[r.Tonemapper.GrainQuantization:1]]
[2025.01.08-08.57.41:615][  0]LogConfig: Setting CVar [[r.LightShaftQuality:1]]
[2025.01.08-08.57.41:615][  0]LogConfig: Setting CVar [[r.Filter.SizeScale:1]]
[2025.01.08-08.57.41:615][  0]LogConfig: Setting CVar [[r.Tonemapper.Quality:5]]
[2025.01.08-08.57.41:615][  0]LogConfig: Setting CVar [[r.DOF.Gather.AccumulatorQuality:1        ; higher gathering accumulator quality]]
[2025.01.08-08.57.41:615][  0]LogConfig: Setting CVar [[r.DOF.Gather.PostfilterMethod:1          ; Median3x3 postfilering method]]
[2025.01.08-08.57.41:615][  0]LogConfig: Setting CVar [[r.DOF.Gather.EnableBokehSettings:0       ; no bokeh simulation when gathering]]
[2025.01.08-08.57.41:615][  0]LogConfig: Setting CVar [[r.DOF.Gather.RingCount:4                 ; medium number of samples when gathering]]
[2025.01.08-08.57.41:615][  0]LogConfig: Setting CVar [[r.DOF.Scatter.ForegroundCompositing:1    ; additive foreground scattering]]
[2025.01.08-08.57.41:615][  0]LogConfig: Setting CVar [[r.DOF.Scatter.BackgroundCompositing:2    ; additive background scattering]]
[2025.01.08-08.57.41:615][  0]LogConfig: Setting CVar [[r.DOF.Scatter.EnableBokehSettings:1      ; bokeh simulation when scattering]]
[2025.01.08-08.57.41:615][  0]LogConfig: Setting CVar [[r.DOF.Scatter.MaxSpriteRatio:0.1         ; only a maximum of 10% of scattered bokeh]]
[2025.01.08-08.57.41:615][  0]LogConfig: Setting CVar [[r.DOF.Recombine.Quality:1                ; cheap slight out of focus]]
[2025.01.08-08.57.41:615][  0]LogConfig: Setting CVar [[r.DOF.Recombine.EnableBokehSettings:0    ; no bokeh simulation on slight out of focus]]
[2025.01.08-08.57.41:615][  0]LogConfig: Setting CVar [[r.DOF.TemporalAAQuality:1                ; more stable temporal accumulation]]
[2025.01.08-08.57.41:616][  0]LogConfig: Setting CVar [[r.DOF.Kernel.MaxForegroundRadius:0.025]]
[2025.01.08-08.57.41:616][  0]LogConfig: Setting CVar [[r.DOF.Kernel.MaxBackgroundRadius:0.025]]
[2025.01.08-08.57.41:616][  0]LogConfig: Applying CVar settings from Section [TextureQuality@3] File [C:/Users/fande/Documents/Unreal Projects/CIJ_RisqueAuditif/Saved/Config/Windows/Scalability.ini]
[2025.01.08-08.57.41:616][  0]LogConfig: Setting CVar [[r.Streaming.MipBias:0]]
[2025.01.08-08.57.41:616][  0]LogConfig: Setting CVar [[r.Streaming.AmortizeCPUToGPUCopy:0]]
[2025.01.08-08.57.41:616][  0]LogConfig: Setting CVar [[r.Streaming.MaxNumTexturesToStreamPerFrame:0]]
[2025.01.08-08.57.41:616][  0]LogConfig: Setting CVar [[r.Streaming.Boost:1]]
[2025.01.08-08.57.41:616][  0]LogConfig: Setting CVar [[r.MaxAnisotropy:8]]
[2025.01.08-08.57.41:616][  0]LogConfig: Setting CVar [[r.VT.MaxAnisotropy:8]]
[2025.01.08-08.57.41:616][  0]LogConfig: Setting CVar [[r.Streaming.LimitPoolSizeToVRAM:0]]
[2025.01.08-08.57.41:616][  0]LogConfig: Setting CVar [[r.Streaming.PoolSize:1000]]
[2025.01.08-08.57.41:616][  0]LogConfig: Setting CVar [[r.Streaming.MaxEffectiveScreenSize:0]]
[2025.01.08-08.57.41:616][  0]LogConfig: Applying CVar settings from Section [EffectsQuality@3] File [C:/Users/fande/Documents/Unreal Projects/CIJ_RisqueAuditif/Saved/Config/Windows/Scalability.ini]
[2025.01.08-08.57.41:616][  0]LogConfig: Setting CVar [[r.TranslucencyLightingVolumeDim:64]]
[2025.01.08-08.57.41:616][  0]LogConfig: Setting CVar [[r.RefractionQuality:2]]
[2025.01.08-08.57.41:616][  0]LogConfig: Setting CVar [[r.SSR.Quality:3]]
[2025.01.08-08.57.41:616][  0]LogConfig: Setting CVar [[r.SSR.HalfResSceneColor:0]]
[2025.01.08-08.57.41:617][  0]LogConfig: Setting CVar [[r.SceneColorFormat:4]]
[2025.01.08-08.57.41:617][  0]LogConfig: Setting CVar [[r.DetailMode:2]]
[2025.01.08-08.57.41:617][  0]LogConfig: Setting CVar [[r.TranslucencyVolumeBlur:1]]
[2025.01.08-08.57.41:617][  0]LogConfig: Setting CVar [[r.MaterialQualityLevel:1 ; High quality]]
[2025.01.08-08.57.41:617][  0]LogConfig: Setting CVar [[r.SSS.Scale:1]]
[2025.01.08-08.57.41:617][  0]LogConfig: Setting CVar [[r.SSS.SampleSet:2]]
[2025.01.08-08.57.41:617][  0]LogConfig: Setting CVar [[r.SSS.Quality:1]]
[2025.01.08-08.57.41:617][  0]LogConfig: Setting CVar [[r.SSS.HalfRes:0]]
[2025.01.08-08.57.41:617][  0]LogConfig: Setting CVar [[r.SSGI.Quality:3]]
[2025.01.08-08.57.41:617][  0]LogConfig: Setting CVar [[r.EmitterSpawnRateScale:1.0]]
[2025.01.08-08.57.41:617][  0]LogConfig: Setting CVar [[r.ParticleLightQuality:2]]
[2025.01.08-08.57.41:617][  0]LogConfig: Setting CVar [[r.SkyAtmosphere.AerialPerspectiveLUT.FastApplyOnOpaque:1 ; Always have FastSkyLUT 1 in this case to avoid wrong sky]]
[2025.01.08-08.57.41:617][  0]LogConfig: Setting CVar [[r.SkyAtmosphere.AerialPerspectiveLUT.SampleCountPerSlice:1]]
[2025.01.08-08.57.41:617][  0]LogConfig: Setting CVar [[r.SkyAtmosphere.AerialPerspectiveLUT.DepthResolution:16.0]]
[2025.01.08-08.57.41:618][  0]LogConfig: Setting CVar [[r.SkyAtmosphere.FastSkyLUT:1]]
[2025.01.08-08.57.41:618][  0]LogConfig: Setting CVar [[r.SkyAtmosphere.FastSkyLUT.SampleCountMin:4.0]]
[2025.01.08-08.57.41:618][  0]LogConfig: Setting CVar [[r.SkyAtmosphere.FastSkyLUT.SampleCountMax:32.0]]
[2025.01.08-08.57.41:618][  0]LogConfig: Setting CVar [[r.SkyAtmosphere.SampleCountMin:4.0]]
[2025.01.08-08.57.41:618][  0]LogConfig: Setting CVar [[r.SkyAtmosphere.SampleCountMax:32.0]]
[2025.01.08-08.57.41:618][  0]LogConfig: Setting CVar [[r.SkyAtmosphere.TransmittanceLUT.UseSmallFormat:0]]
[2025.01.08-08.57.41:618][  0]LogConfig: Setting CVar [[r.SkyAtmosphere.TransmittanceLUT.SampleCount:10.0]]
[2025.01.08-08.57.41:618][  0]LogConfig: Setting CVar [[r.SkyAtmosphere.MultiScatteringLUT.SampleCount:15.0]]
[2025.01.08-08.57.41:618][  0]LogConfig: Applying CVar settings from Section [FoliageQuality@3] File [C:/Users/fande/Documents/Unreal Projects/CIJ_RisqueAuditif/Saved/Config/Windows/Scalability.ini]
[2025.01.08-08.57.41:618][  0]LogConfig: Setting CVar [[foliage.DensityScale:1.0]]
[2025.01.08-08.57.41:618][  0]LogConfig: Setting CVar [[grass.DensityScale:1.0]]
[2025.01.08-08.57.41:618][  0]LogConfig: Applying CVar settings from Section [ShadingQuality@3] File [C:/Users/fande/Documents/Unreal Projects/CIJ_RisqueAuditif/Saved/Config/Windows/Scalability.ini]
[2025.01.08-08.57.41:618][  0]LogConfig: Setting CVar [[r.HairStrands.SkyLighting.SampleCount:16]]
[2025.01.08-08.57.41:619][  0]LogConfig: Setting CVar [[r.HairStrands.SkyLighting.JitterIntegration:0]]
[2025.01.08-08.57.41:619][  0]LogConfig: Setting CVar [[r.HairStrands.SkyAO.SampleCount:16]]
[2025.01.08-08.57.41:619][  0]LogConfig: Setting CVar [[r.HairStrands.DeepShadow.SuperSampling:0]]
[2025.01.08-08.57.41:619][  0]LogConfig: Setting CVar [[r.HairStrands.VisibilityPPLL:0]]
[2025.01.08-08.57.41:619][  0]LogConfig: Setting CVar [[r.HairStrands.RasterizationScale:0.5]]
[2025.01.08-08.57.41:619][  0]LogConfig: Setting CVar [[r.HairStrands.VelocityRasterizationScale:1]]
[2025.01.08-08.57.41:619][  0]LogConfig: Applying CVar settings from Section [Startup] File [../../../Engine/Config/ConsoleVariables.ini]
[2025.01.08-08.57.41:620][  0]LogConfig: Setting CVar [[net.UseAdaptiveNetUpdateFrequency:0]]
[2025.01.08-08.57.41:620][  0]LogConfig: Setting CVar [[p.chaos.AllowCreatePhysxBodies:1]]
[2025.01.08-08.57.41:620][  0]LogConfig: Setting CVar [[fx.SkipVectorVMBackendOptimizations:1]]
[2025.01.08-08.57.41:620][  0]LogConfig: Applying CVar settings from Section [ConsoleVariables] File [C:/Users/fande/Documents/Unreal Projects/CIJ_RisqueAuditif/Saved/Config/Windows/Engine.ini]
[2025.01.08-08.57.41:620][  0]LogInit: Computer: DESKTOP-NVK5SG3
[2025.01.08-08.57.41:620][  0]LogInit: User: fande
[2025.01.08-08.57.41:621][  0]LogInit: CPU Page size=4096, Cores=4
[2025.01.08-08.57.41:621][  0]LogInit: High frequency timer resolution =10.000000 MHz
[2025.01.08-08.57.41:621][  0]LogMemory: Memory total: Physical=7.9GB (8GB approx)
[2025.01.08-08.57.41:622][  0]LogMemory: Platform Memory Stats for Windows
[2025.01.08-08.57.41:622][  0]LogMemory: Process Physical Memory: 112.89 MB used, 112.89 MB peak
[2025.01.08-08.57.41:622][  0]LogMemory: Process Virtual Memory: 95.05 MB used, 95.05 MB peak
[2025.01.08-08.57.41:622][  0]LogMemory: Physical Memory: 5891.98 MB used,  2206.00 MB free, 8097.98 MB total
[2025.01.08-08.57.41:622][  0]LogMemory: Virtual Memory: 5129.10 MB used,  134212600.00 MB free, 134217728.00 MB total
[2025.01.08-08.57.41:632][  0]LogWindows: WindowsPlatformFeatures enabled
[2025.01.08-08.57.41:727][  0]LogInit: Physics initialised using underlying interface: PhysX
[2025.01.08-08.57.41:727][  0]LogInit: Using OS detected language (fr-FR).
[2025.01.08-08.57.41:727][  0]LogInit: Using OS detected locale (fr-FR).
[2025.01.08-08.57.41:740][  0]LogTextLocalizationManager: No specific localization for 'fr-FR' exists, so the 'fr' localization will be used.
[2025.01.08-08.57.41:752][  0]LogTextLocalizationResource: LocRes '../../../Engine/Content/Localization/Editor/fr/Editor.locres' could not be opened for reading!
[2025.01.08-08.57.41:753][  0]LogTextLocalizationResource: LocRes '../../../Engine/Content/Localization/EditorTutorials/fr/EditorTutorials.locres' could not be opened for reading!
[2025.01.08-08.57.41:754][  0]LogTextLocalizationResource: LocRes '../../../Engine/Content/Localization/Keywords/fr/Keywords.locres' could not be opened for reading!
[2025.01.08-08.57.41:754][  0]LogTextLocalizationResource: LocRes '../../../Engine/Content/Localization/Category/fr/Category.locres' could not be opened for reading!
[2025.01.08-08.57.41:755][  0]LogTextLocalizationResource: LocRes '../../../Engine/Content/Localization/ToolTips/fr/ToolTips.locres' could not be opened for reading!
[2025.01.08-08.57.41:756][  0]LogTextLocalizationResource: LocRes '../../../Engine/Content/Localization/PropertyNames/fr/PropertyNames.locres' could not be opened for reading!
[2025.01.08-08.57.41:756][  0]LogTextLocalizationResource: LocRes '../../../Engine/Content/Localization/Engine/fr/Engine.locres' could not be opened for reading!
[2025.01.08-08.57.41:850][  0]LogSlate: New Slate User Created.  User Index 0, Is Virtual User: 0
[2025.01.08-08.57.41:850][  0]LogSlate: Slate User Registered.  User Index 0, Is Virtual User: 0
[2025.01.08-08.57.42:087][  0]LogHMD: Failed to initialize OpenVR with code 110
[2025.01.08-08.57.42:087][  0]LogD3D11RHI: D3D11 min allowed feature level: 11_0
[2025.01.08-08.57.42:087][  0]LogD3D11RHI: D3D11 max allowed feature level: 11_0
[2025.01.08-08.57.42:087][  0]LogD3D11RHI: D3D11 adapters:
[2025.01.08-08.57.42:267][  0]LogD3D11RHI:    0. 'NVIDIA GeForce 920MX' (Feature Level 11_0)
[2025.01.08-08.57.42:268][  0]LogD3D11RHI:       997/0/4048 MB DedicatedVideo/DedicatedSystem/SharedSystem, Outputs:1, VendorId:0x10de
[2025.01.08-08.57.42:289][  0]LogD3D11RHI:    1. 'Intel(R) HD Graphics' (Feature Level 11_0)
[2025.01.08-08.57.42:289][  0]LogD3D11RHI:       114/0/4048 MB DedicatedVideo/DedicatedSystem/SharedSystem, Outputs:0, VendorId:0x8086
[2025.01.08-08.57.42:298][  0]LogD3D11RHI:    2. 'Microsoft Basic Render Driver' (Feature Level 11_0)
[2025.01.08-08.57.42:298][  0]LogD3D11RHI:       0/0/4048 MB DedicatedVideo/DedicatedSystem/SharedSystem, Outputs:0, VendorId:0x1414
[2025.01.08-08.57.42:298][  0]LogD3D11RHI: Chosen D3D11 Adapter: 0
[2025.01.08-08.57.42:490][  0]LogD3D11RHI: Creating new Direct3DDevice
[2025.01.08-08.57.42:491][  0]LogD3D11RHI:     GPU DeviceId: 0x134f (for the marketing name, search the web for "GPU Device Id")
[2025.01.08-08.57.42:491][  0]LogWindows: EnumDisplayDevices:
[2025.01.08-08.57.42:491][  0]LogWindows:    0. 'Intel(R) HD Graphics' (P:1 D:1)
[2025.01.08-08.57.42:492][  0]LogWindows:    1. 'Intel(R) HD Graphics' (P:0 D:0)
[2025.01.08-08.57.42:493][  0]LogWindows:    2. 'Intel(R) HD Graphics' (P:0 D:0)
[2025.01.08-08.57.42:494][  0]LogWindows: DebugString: PrimaryIsNotTheChoosenAdapter PrimaryIsNotTheChoosenAdapter PrimaryIsNotTheChoosenAdapter FoundDriverCount:0 
[2025.01.08-08.57.42:494][  0]LogD3D11RHI:     Adapter Name: NVIDIA GeForce 920MX
[2025.01.08-08.57.42:494][  0]LogD3D11RHI:   Driver Version: Unknown (internal:Unknown, unified:Unknown)
[2025.01.08-08.57.42:494][  0]LogD3D11RHI:      Driver Date: Unknown
[2025.01.08-08.57.42:494][  0]LogRHI: Texture pool is 698 MB (70% of 997 MB)
[2025.01.08-08.57.42:615][  0]LogD3D11RHI: RHI has support for 64 bit atomics
[2025.01.08-08.57.42:616][  0]LogD3D11RHI: Async texture creation enabled
[2025.01.08-08.57.42:670][  0]LogD3D11RHI: GPU Timing Frequency: 1000.000000 (Debug: 2 2)
[2025.01.08-08.57.44:069][  0]LogTargetPlatformManager: Display: Loaded TargetPlatform 'WindowsNoEditor'
[2025.01.08-08.57.44:083][  0]LogTargetPlatformManager: Display: Loaded TargetPlatform 'Windows'
[2025.01.08-08.57.44:114][  0]LogTargetPlatformManager: Display: Loaded TargetPlatform 'WindowsClient'
[2025.01.08-08.57.44:146][  0]LogTargetPlatformManager: Display: Loaded TargetPlatform 'WindowsServer'
[2025.01.08-08.57.44:147][  0]LogTargetPlatformManager: Display: Building Assets For Windows
[2025.01.08-08.57.44:162][  0]LogAudioDebug: Display: Lib vorbis DLL was dynamically loaded.
[2025.01.08-08.57.44:308][  0]LogShaderCompilers: Guid format shader working directory is -2 characters bigger than the processId version (../../../../../Unreal Projects/CIJ_RisqueAuditif/Intermediate/Shaders/WorkingDirectory/6416/).
[2025.01.08-08.57.44:309][  0]LogShaderCompilers: Cleaned the shader compiler working directory 'C:/Users/fande/AppData/Local/Temp/UnrealShaderWorkingDir/9832EFA0478FA95540A68B928866DFA1/'.
[2025.01.08-08.57.44:311][  0]LogXGEController: Cannot use XGE Controller as Incredibuild is not installed on this machine.
[2025.01.08-08.57.44:312][  0]LogShaderCompilers: Cannot use XGE Shader Compiler as Incredibuild is not installed on this machine.
[2025.01.08-08.57.44:312][  0]LogShaderCompilers: Display: Using Local Shader Compiler.
[2025.01.08-08.57.48:259][  0]LogDerivedDataCache: Display: Max Cache Size: 512 MB
[2025.01.08-08.57.48:534][  0]LogDerivedDataCache: Loaded boot cache 0.27s 75MB C:/Users/fande/AppData/Local/UnrealEngine/4.25/DerivedDataCache/Boot.ddc.
[2025.01.08-08.57.48:534][  0]LogDerivedDataCache: Display: Loaded Boot cache: C:/Users/fande/AppData/Local/UnrealEngine/4.25/DerivedDataCache/Boot.ddc
[2025.01.08-08.57.48:535][  0]LogDerivedDataCache: FDerivedDataBackendGraph:  Pak pak cache file ../../../../../Unreal Projects/CIJ_RisqueAuditif/DerivedDataCache/DDC.ddp not found, will not use a pak cache.
[2025.01.08-08.57.48:535][  0]LogDerivedDataCache: Unable to find inner node Pak for hierarchical cache Hierarchy.
[2025.01.08-08.57.48:535][  0]LogDerivedDataCache: FDerivedDataBackendGraph:  CompressedPak pak cache file ../../../../../Unreal Projects/CIJ_RisqueAuditif/DerivedDataCache/Compressed.ddp not found, will not use a pak cache.
[2025.01.08-08.57.48:535][  0]LogDerivedDataCache: Unable to find inner node CompressedPak for hierarchical cache Hierarchy.
[2025.01.08-08.57.48:569][  0]LogDerivedDataCache: Display: Pak cache opened for reading ../../../Engine/DerivedDataCache/Compressed.ddp.
[2025.01.08-08.57.48:569][  0]LogDerivedDataCache: FDerivedDataBackendGraph:  EnterprisePak pak cache file ../../../Enterprise/DerivedDataCache/Compressed.ddp not found, will not use a pak cache.
[2025.01.08-08.57.48:569][  0]LogDerivedDataCache: Unable to find inner node EnterprisePak for hierarchical cache Hierarchy.
[2025.01.08-08.57.48:574][  0]LogDerivedDataCache: Using Local data cache path C:/Users/fande/AppData/Local/UnrealEngine/Common/DerivedDataCache: Writable
[2025.01.08-08.57.48:575][  0]LogDerivedDataCache: Shared data cache path not found in *engine.ini, will not use an Shared cache.
[2025.01.08-08.57.48:575][  0]LogDerivedDataCache: Unable to find inner node Shared for hierarchical cache Hierarchy.
[2025.01.08-08.57.50:952][  0]LogShaderCompilers: Display: Worker (1/3): shaders left to compile 497
[2025.01.08-08.57.50:953][  0]LogShaderCompilers: Display: Worker (2/3): shaders left to compile 496
[2025.01.08-08.57.50:953][  0]LogShaderCompilers: Display: Worker (3/3): shaders left to compile 495
[2025.01.08-08.57.50:953][  0]LogSlate: Using FreeType 2.10.0
[2025.01.08-08.57.51:017][  0]LogSlate: SlateFontServices - WITH_FREETYPE: 1, WITH_HARFBUZZ: 1
[2025.01.08-08.58.08:663][  0]LogShaderCompilers: Display: Worker (3/3): shaders left to compile 494
[2025.01.08-08.58.08:663][  0]LogShaderCompilers: Display: Worker (2/3): shaders left to compile 493
[2025.01.08-08.58.08:663][  0]LogShaderCompilers: Display: Worker (1/3): shaders left to compile 492
[2025.01.08-08.58.08:663][  0]LogShaderCompilers: Display: Worker (3/3): shaders left to compile 491
[2025.01.08-08.58.09:223][  0]LogShaderCompilers: Display: Worker (1/3): shaders left to compile 490
[2025.01.08-08.58.09:223][  0]LogShaderCompilers: Display: Worker (2/3): shaders left to compile 489
[2025.01.08-08.58.09:223][  0]LogShaderCompilers: Display: Worker (1/3): shaders left to compile 488
[2025.01.08-08.58.09:782][  0]LogShaderCompilers: Display: Worker (2/3): shaders left to compile 487
[2025.01.08-08.58.09:782][  0]LogShaderCompilers: Display: Worker (3/3): shaders left to compile 486
[2025.01.08-08.58.10:353][  0]LogShaderCompilers: Display: Worker (1/3): shaders left to compile 485
[2025.01.08-08.58.10:353][  0]LogShaderCompilers: Display: Worker (2/3): shaders left to compile 484
[2025.01.08-08.58.10:353][  0]LogShaderCompilers: Display: Worker (3/3): shaders left to compile 483
[2025.01.08-08.58.10:974][  0]LogShaderCompilers: Display: Worker (1/3): shaders left to compile 482
[2025.01.08-08.58.10:974][  0]LogShaderCompilers: Display: Worker (2/3): shaders left to compile 481
[2025.01.08-08.58.11:598][  0]LogShaderCompilers: Display: Worker (3/3): shaders left to compile 480
[2025.01.08-08.58.12:160][  0]LogShaderCompilers: Display: Worker (1/3): shaders left to compile 479
[2025.01.08-08.58.12:160][  0]LogShaderCompilers: Display: Worker (2/3): shaders left to compile 478
[2025.01.08-08.58.12:160][  0]LogShaderCompilers: Display: Worker (3/3): shaders left to compile 477
[2025.01.08-08.58.12:722][  0]LogShaderCompilers: Display: Worker (1/3): shaders left to compile 476
[2025.01.08-08.58.13:279][  0]LogShaderCompilers: Display: Worker (2/3): shaders left to compile 475
[2025.01.08-08.58.13:279][  0]LogShaderCompilers: Display: Worker (3/3): shaders left to compile 474
[2025.01.08-08.58.13:838][  0]LogShaderCompilers: Display: Worker (1/3): shaders left to compile 473
[2025.01.08-08.58.13:838][  0]LogShaderCompilers: Display: Worker (2/3): shaders left to compile 472
[2025.01.08-08.58.13:838][  0]LogShaderCompilers: Display: Worker (3/3): shaders left to compile 471
[2025.01.08-08.58.14:392][  0]LogShaderCompilers: Display: Worker (1/3): shaders left to compile 470
[2025.01.08-08.58.14:947][  0]LogShaderCompilers: Display: Worker (3/3): shaders left to compile 469
[2025.01.08-08.58.14:947][  0]LogShaderCompilers: Display: Worker (2/3): shaders left to compile 468
[2025.01.08-08.58.15:501][  0]LogShaderCompilers: Display: Worker (1/3): shaders left to compile 467
[2025.01.08-08.58.15:501][  0]LogShaderCompilers: Display: Worker (3/3): shaders left to compile 466
[2025.01.08-08.58.15:501][  0]LogShaderCompilers: Display: Worker (2/3): shaders left to compile 465
[2025.01.08-08.58.16:062][  0]LogShaderCompilers: Display: Worker (1/3): shaders left to compile 464
[2025.01.08-08.58.16:062][  0]LogShaderCompilers: Display: Worker (3/3): shaders left to compile 463
[2025.01.08-08.58.16:620][  0]LogShaderCompilers: Display: Worker (2/3): shaders left to compile 462
[2025.01.08-08.58.16:620][  0]LogShaderCompilers: Display: Worker (1/3): shaders left to compile 461
[2025.01.08-08.58.16:620][  0]LogShaderCompilers: Display: Worker (3/3): shaders left to compile 460
[2025.01.08-08.58.17:177][  0]LogShaderCompilers: Display: Worker (1/3): shaders left to compile 459
[2025.01.08-08.58.17:177][  0]LogShaderCompilers: Display: Worker (2/3): shaders left to compile 458
[2025.01.08-08.58.17:177][  0]LogShaderCompilers: Display: Worker (3/3): shaders left to compile 457
[2025.01.08-08.58.17:731][  0]LogShaderCompilers: Display: Worker (1/3): shaders left to compile 456
[2025.01.08-08.58.18:290][  0]LogShaderCompilers: Display: Worker (2/3): shaders left to compile 455
[2025.01.08-08.58.18:290][  0]LogShaderCompilers: Display: Worker (3/3): shaders left to compile 454
[2025.01.08-08.58.18:290][  0]LogShaderCompilers: Display: Worker (1/3): shaders left to compile 453
[2025.01.08-08.58.18:845][  0]LogShaderCompilers: Display: Worker (2/3): shaders left to compile 452
[2025.01.08-08.58.18:845][  0]LogShaderCompilers: Display: Worker (3/3): shaders left to compile 451
[2025.01.08-08.58.18:845][  0]LogShaderCompilers: Display: Worker (1/3): shaders left to compile 450
[2025.01.08-08.58.19:401][  0]LogShaderCompilers: Display: Worker (2/3): shaders left to compile 449
[2025.01.08-08.58.19:401][  0]LogShaderCompilers: Display: Worker (3/3): shaders left to compile 448
[2025.01.08-08.58.19:958][  0]LogShaderCompilers: Display: Worker (1/3): shaders left to compile 447
[2025.01.08-08.58.19:958][  0]LogShaderCompilers: Display: Worker (2/3): shaders left to compile 446
[2025.01.08-08.58.19:958][  0]LogShaderCompilers: Display: Worker (3/3): shaders left to compile 445
[2025.01.08-08.58.20:519][  0]LogShaderCompilers: Display: Worker (1/3): shaders left to compile 444
[2025.01.08-08.58.20:519][  0]LogShaderCompilers: Display: Worker (2/3): shaders left to compile 443
[2025.01.08-08.58.20:519][  0]LogShaderCompilers: Display: Worker (3/3): shaders left to compile 442
[2025.01.08-08.58.21:085][  0]LogShaderCompilers: Display: Worker (1/3): shaders left to compile 441
[2025.01.08-08.58.21:085][  0]LogShaderCompilers: Display: Worker (2/3): shaders left to compile 440
[2025.01.08-08.58.21:085][  0]LogShaderCompilers: Display: Worker (3/3): shaders left to compile 439
[2025.01.08-08.58.21:645][  0]LogShaderCompilers: Display: Worker (1/3): shaders left to compile 438
[2025.01.08-08.58.21:645][  0]LogShaderCompilers: Display: Worker (3/3): shaders left to compile 437
[2025.01.08-08.58.22:202][  0]LogShaderCompilers: Display: Worker (1/3): shaders left to compile 436
[2025.01.08-08.58.22:762][  0]LogShaderCompilers: Display: Worker (3/3): shaders left to compile 435
[2025.01.08-08.58.22:762][  0]LogShaderCompilers: Display: Worker (1/3): shaders left to compile 434
[2025.01.08-08.58.22:762][  0]LogShaderCompilers: Display: Worker (2/3): shaders left to compile 433
[2025.01.08-08.58.28:331][  0]LogShaderCompilers: Display: Worker (2/3): shaders left to compile 432
[2025.01.08-08.58.28:891][  0]LogShaderCompilers: Display: Worker (2/3): shaders left to compile 431
[2025.01.08-08.58.29:448][  0]LogShaderCompilers: Display: Worker (2/3): shaders left to compile 430
[2025.01.08-08.58.30:009][  0]LogShaderCompilers: Display: Worker (2/3): shaders left to compile 429
[2025.01.08-08.58.30:563][  0]LogShaderCompilers: Display: Worker (1/3): shaders left to compile 428
[2025.01.08-08.58.30:563][  0]LogShaderCompilers: Display: Worker (2/3): shaders left to compile 427
[2025.01.08-08.58.31:153][  0]LogShaderCompilers: Display: Worker (1/3): shaders left to compile 426
[2025.01.08-08.58.31:153][  0]LogShaderCompilers: Display: Worker (2/3): shaders left to compile 425
[2025.01.08-08.58.31:713][  0]LogShaderCompilers: Display: Worker (1/3): shaders left to compile 424
[2025.01.08-08.58.31:713][  0]LogShaderCompilers: Display: Worker (2/3): shaders left to compile 423
[2025.01.08-08.58.31:713][  0]LogShaderCompilers: Display: Worker (1/3): shaders left to compile 422
[2025.01.08-08.58.32:338][  0]LogShaderCompilers: Display: Worker (2/3): shaders left to compile 421
[2025.01.08-08.58.33:532][  0]LogShaderCompilers: Display: Worker (1/3): shaders left to compile 420
[2025.01.08-08.58.34:128][  0]LogShaderCompilers: Display: Worker (2/3): shaders left to compile 419
[2025.01.08-08.58.35:317][  0]LogShaderCompilers: Display: Worker (1/3): shaders left to compile 418
[2025.01.08-08.58.35:317][  0]LogShaderCompilers: Display: Worker (2/3): shaders left to compile 417
[2025.01.08-08.58.37:058][  0]LogShaderCompilers: Display: Worker (2/3): shaders left to compile 416
[2025.01.08-08.58.37:058][  0]LogShaderCompilers: Display: Worker (1/3): shaders left to compile 415
[2025.01.08-08.58.38:183][  0]LogShaderCompilers: Display: Worker (2/3): shaders left to compile 414
[2025.01.08-08.58.38:183][  0]LogShaderCompilers: Display: Worker (1/3): shaders left to compile 413
[2025.01.08-08.58.39:868][  0]LogShaderCompilers: Display: Worker (2/3): shaders left to compile 412
[2025.01.08-08.59.05:380][  0]LogShaderCompilers: Display: Worker (2/3): shaders left to compile 411
[2025.01.08-08.59.07:131][  0]LogShaderCompilers: Display: Worker (1/3): shaders left to compile 410
[2025.01.08-08.59.11:229][  0]LogShaderCompilers: Display: Worker (1/3): shaders left to compile 409
[2025.01.08-08.59.11:792][  0]LogShaderCompilers: Display: Worker (1/3): shaders left to compile 408
