Log file open, 01/09/25 14:20:36
LogInit: Display: Running engine for game: CIJ_RisqueAuditif
LogPlatformFile: Not using cached read wrapper
LogTaskGraph: Started task graph with 5 named threads and 14 total threads with 3 sets of task threads.
LogStats: Stats thread started at 2.990005
LogD3D11RHI: Loaded GFSDK_Aftermath_Lib.x64.dll
LogICUInternationalization: ICU TimeZone Detection - Raw Offset: +1:00, Platform Override: ''
LogPluginManager: Mounting plugin Paper2D
LogPluginManager: Mounting plugin AISupport
LogPluginManager: Mounting plugin LightPropagationVolume
LogPluginManager: Mounting plugin CameraShakePreviewer
LogPluginManager: Mounting plugin ActorLayerUtilities
LogPluginManager: Mounting plugin AnimationSharing
LogPluginManager: Mounting plugin CLionSourceCodeAccess
LogPluginManager: Mounting plugin CodeLiteSourceCodeAccess
LogPluginManager: Mounting plugin GitSourceControl
LogPluginManager: Mounting plugin KDevelopSourceCodeAccess
LogPluginManager: Mounting plugin NullSourceCodeAccess
LogPluginManager: Mounting plugin PerforceSourceControl
LogPluginManager: Mounting plugin PlasticSourceControl
LogPluginManager: Mounting plugin RiderSourceCodeAccess
LogPluginManager: Mounting plugin SubversionSourceControl
LogPluginManager: Mounting plugin UObjectPlugin
LogPluginManager: Mounting plugin VisualStudioCodeSourceCodeAccess
LogPluginManager: Mounting plugin VisualStudioSourceCodeAccess
LogPluginManager: Mounting plugin XCodeSourceCodeAccess
LogPluginManager: Mounting plugin AssetManagerEditor
LogPluginManager: Mounting plugin CryptoKeys
LogPluginManager: Mounting plugin CurveEditorTools
LogPluginManager: Mounting plugin DataValidation
LogPluginManager: Mounting plugin EditorScriptingUtilities
LogPluginManager: Mounting plugin FacialAnimation
LogPluginManager: Mounting plugin GameplayTagsEditor
LogPluginManager: Mounting plugin GeometryMode
LogPluginManager: Mounting plugin MacGraphicsSwitching
LogPluginManager: Mounting plugin MaterialAnalyzer
LogPluginManager: Mounting plugin MobileLauncherProfileWizard
LogPluginManager: Mounting plugin PluginBrowser
LogPluginManager: Mounting plugin SpeedTreeImporter
LogPluginManager: Mounting plugin DatasmithContent
LogPluginManager: Mounting plugin VariantManagerContent
LogPluginManager: Mounting plugin AlembicImporter
LogPluginManager: Mounting plugin AutomationUtils
LogPluginManager: Mounting plugin BackChannel
LogPluginManager: Mounting plugin ChaosCloth
LogPluginManager: Mounting plugin ChaosClothEditor
LogPluginManager: Mounting plugin ChaosEditor
LogPluginManager: Mounting plugin ChaosNiagara
LogPluginManager: Mounting plugin ChaosSolverPlugin
LogPluginManager: Mounting plugin CharacterAI
LogPluginManager: Mounting plugin GeometryCache
LogPluginManager: Mounting plugin GeometryCollectionPlugin
LogPluginManager: Mounting plugin GeometryProcessing
LogPluginManager: Mounting plugin PlanarCut
LogPluginManager: Mounting plugin PlatformCrypto
LogPluginManager: Mounting plugin ProxyLODPlugin
LogPluginManager: Mounting plugin SkeletalReduction
LogPluginManager: Mounting plugin Niagara
LogPluginManager: Mounting plugin MagicLeap
LogPluginManager: Mounting plugin MagicLeapLightEstimation
LogPluginManager: Mounting plugin MagicLeapMedia
LogPluginManager: Mounting plugin MagicLeapPassableWorld
LogPluginManager: Mounting plugin MLSDK
LogPluginManager: Mounting plugin AndroidMedia
LogPluginManager: Mounting plugin AvfMedia
LogPluginManager: Mounting plugin ImgMedia
LogPluginManager: Mounting plugin MediaCompositing
LogPluginManager: Mounting plugin MediaPlayerEditor
LogPluginManager: Mounting plugin WebMMedia
LogPluginManager: Mounting plugin WmfMedia
LogPluginManager: Mounting plugin MeshPainting
LogPluginManager: Mounting plugin TcpMessaging
LogPluginManager: Mounting plugin UdpMessaging
LogPluginManager: Mounting plugin ActorSequence
LogPluginManager: Mounting plugin LevelSequenceEditor
LogPluginManager: Mounting plugin MatineeToLevelSequence
LogPluginManager: Mounting plugin MovieRenderPipeline
LogPluginManager: Mounting plugin TemplateSequence
LogPluginManager: Mounting plugin NetcodeUnitTest
LogPluginManager: Mounting plugin NUTUnrealEngine4
LogPluginManager: Mounting plugin OnlineSubsystemGooglePlay
LogPluginManager: Mounting plugin OnlineSubsystemIOS
LogPluginManager: Mounting plugin OnlineSubsystem
LogPluginManager: Mounting plugin OnlineSubsystemNull
LogPluginManager: Mounting plugin OnlineSubsystemUtils
LogPluginManager: Mounting plugin LauncherChunkInstaller
LogPluginManager: Mounting plugin AndroidDeviceProfileSelector
LogPluginManager: Mounting plugin AndroidMoviePlayer
LogPluginManager: Mounting plugin AndroidPermission
LogPluginManager: Mounting plugin AppleImageUtils
LogPluginManager: Mounting plugin AppleMoviePlayer
LogPluginManager: Mounting plugin ArchVisCharacter
LogPluginManager: Mounting plugin AssetTags
LogPluginManager: Mounting plugin AudioCapture
LogPluginManager: Mounting plugin CableComponent
LogPluginManager: Mounting plugin CustomMeshComponent
LogPluginManager: Mounting plugin EditableMesh
LogPluginManager: Mounting plugin ExampleDeviceProfileSelector
LogPluginManager: Mounting plugin GoogleCloudMessaging
LogPluginManager: Mounting plugin GooglePAD
LogPluginManager: Mounting plugin IOSDeviceProfileSelector
LogPluginManager: Mounting plugin LinuxDeviceProfileSelector
LogPluginManager: Mounting plugin LocationServicesBPLibrary
LogPluginManager: Mounting plugin MobilePatchingUtils
LogPluginManager: Mounting plugin OculusVR
LogPluginManager: Mounting plugin PhysXVehicles
LogPluginManager: Mounting plugin PostSplashScreen
LogPluginManager: Mounting plugin ProceduralMeshComponent
LogPluginManager: Mounting plugin RuntimePhysXCooking
LogPluginManager: Mounting plugin SignificanceManager
LogPluginManager: Mounting plugin SoundFields
LogPluginManager: Mounting plugin SteamVR
LogPluginManager: Mounting plugin Synthesis
LogPluginManager: Mounting plugin WebMMoviePlayer
LogPluginManager: Mounting plugin WindowsMoviePlayer
LogPluginManager: Mounting plugin ScreenshotTools
LogInit: Using libcurl 7.55.1-DEV
LogInit:  - built for x86_64-pc-win32
LogInit:  - supports SSL with OpenSSL/1.1.1
LogInit:  - supports HTTP deflate (compression) using libz 1.2.8
LogInit:  - other features:
LogInit:      CURL_VERSION_SSL
LogInit:      CURL_VERSION_LIBZ
LogInit:      CURL_VERSION_IPV6
LogInit:      CURL_VERSION_ASYNCHDNS
LogInit:      CURL_VERSION_LARGEFILE
LogInit:      CURL_VERSION_IDN
LogInit:  CurlRequestOptions (configurable via config and command line):
LogInit:  - bVerifyPeer = true  - Libcurl will verify peer certificate
LogInit:  - bUseHttpProxy = false  - Libcurl will NOT use HTTP proxy
LogInit:  - bDontReuseConnections = false  - Libcurl will reuse connections
LogInit:  - MaxHostConnections = 16  - Libcurl will limit the number of connections to a host
LogInit:  - LocalHostAddr = Default
LogInit:  - BufferSize = 65536
LogOnline: OSS: Creating online subsystem instance for: NULL
LogInit: WinSock: version 1.1 (2.2), MaxSocks=32767, MaxUdp=65467
LogOnline: OSS: TryLoadSubsystemAndSetDefault: Loaded subsystem for module [NULL]
LogInit: Build: ++UE4+Release-4.25-CL-14469661
LogInit: Engine Version: 4.25.4-14469661+++UE4+Release-4.25
LogInit: Compatible Engine Version: 4.25.0-13144385+++UE4+Release-4.25
LogInit: Net CL: 13144385
LogInit: OS: Windows 10 (Release 2009) (), CPU:       Intel(R) Pentium(R) CPU  N3710  @ 1.60GHz, GPU: Intel(R) HD Graphics
LogInit: Compiled (64-bit): Oct 11 2020 08:10:49
LogInit: Compiled with Visual C++: 19.24.28315.00
LogInit: Build Configuration: Development
LogInit: Branch Name: ++UE4+Release-4.25
LogInit: Command Line: 
LogInit: Base Directory: C:/Users/fande/Documents/EpicGames/UE_4.25/Engine/Binaries/Win64/
LogInit: Allocator: TBB
LogInit: Installed Engine Build: 1
LogDevObjectVersion: Number of dev versions registered: 26
LogDevObjectVersion:   Dev-Blueprints (B0D832E4-1F89-4F0D-ACCF-7EB736FD4AA2): 10
LogDevObjectVersion:   Dev-Build (E1C64328-A22C-4D53-A36C-8E866417BD8C): 0
LogDevObjectVersion:   Dev-Core (375EC13C-06E4-48FB-B500-84F0262A717E): 4
LogDevObjectVersion:   Dev-Editor (E4B068ED-F494-42E9-A231-DA0B2E46BB41): 38
LogDevObjectVersion:   Dev-Framework (CFFC743F-43B0-4480-9391-14DF171D2073): 37
LogDevObjectVersion:   Dev-Mobile (B02B49B5-BB20-44E9-A304-32B752E40360): 2
LogDevObjectVersion:   Dev-Networking (A4E4105C-59A1-49B5-A7C5-40C4547EDFEE): 0
LogDevObjectVersion:   Dev-Online (39C831C9-5AE6-47DC-9A44-9C173E1C8E7C): 0
LogDevObjectVersion:   Dev-Physics (78F01B33-EBEA-4F98-B9B4-84EACCB95AA2): 4
LogDevObjectVersion:   Dev-Platform (6631380F-2D4D-43E0-8009-CF276956A95A): 0
LogDevObjectVersion:   Dev-Rendering (12F88B9F-8875-4AFC-A67C-D90C383ABD29): 43
LogDevObjectVersion:   Dev-Sequencer (7B5AE74C-D270-4C10-A958-57980B212A5A): 12
LogDevObjectVersion:   Dev-VR (D7296918-1DD6-4BDD-9DE2-64A83CC13884): 3
LogDevObjectVersion:   Dev-LoadTimes (C2A15278-BFE7-4AFE-6C17-90FF531DF755): 1
LogDevObjectVersion:   Private-Geometry (6EACA3D4-40EC-4CC1-B786-8BED09428FC5): 3
LogDevObjectVersion:   Dev-AnimPhys (29E575DD-E0A3-4627-9D10-D276232CDCEA): 17
LogDevObjectVersion:   Dev-Anim (AF43A65D-7FD3-4947-9873-3E8ED9C1BB05): 7
LogDevObjectVersion:   Dev-ReflectionCapture (6B266CEC-1EC7-4B8F-A30B-E4D90942FC07): 1
LogDevObjectVersion:   Dev-Automation (0DF73D61-A23F-47EA-B727-89E90C41499A): 1
LogDevObjectVersion:   FortniteMain (601D1886-AC64-4F84-AA16-D3DE0DEAC7D6): 31
LogDevObjectVersion:   Dev-Enterprise (9DFFBCD6-494F-0158-E221-12823C92A888): 10
LogDevObjectVersion:   Dev-Niagara (F2AED0AC-9AFE-416F-8664-AA7FFA26D6FC): 1
LogDevObjectVersion:   Dev-Destruction (174F1F0B-B4C6-45A5-B13F-2EE8D0FB917D): 10
LogDevObjectVersion:   Dev-Physics-Ext (35F94A83-E258-406C-A318-09F59610247C): 37
LogDevObjectVersion:   Dev-PhysicsMaterial-Chaos (B68FC16E-8B1B-42E2-B453-215C058844FE): 1
LogDevObjectVersion:   Dev-CineCamera (B2E18506-4273-CFC2-A54E-F4BB758BBA07): 1
LogInit: Presizing for max 25165824 objects, including 0 objects not considered by GC, pre-allocating 0 bytes for permanent pool.
LogConfig: Applying CVar settings from Section [/Script/Engine.StreamingSettings] File [C:/Users/fande/Documents/Unreal Projects/CIJ_RisqueAuditif/Saved/Config/Windows/Engine.ini]
LogConfig: Setting CVar [[s.MinBulkDataSizeForAsyncLoading:131072]]
LogConfig: Setting CVar [[s.AsyncLoadingThreadEnabled:0]]
LogConfig: Setting CVar [[s.EventDrivenLoaderEnabled:1]]
LogConfig: Setting CVar [[s.WarnIfTimeLimitExceeded:0]]
LogConfig: Setting CVar [[s.TimeLimitExceededMultiplier:1.5]]
LogConfig: Setting CVar [[s.TimeLimitExceededMinTime:0.005]]
LogConfig: Setting CVar [[s.UseBackgroundLevelStreaming:1]]
LogConfig: Setting CVar [[s.PriorityAsyncLoadingExtraTime:15.0]]
LogConfig: Setting CVar [[s.LevelStreamingActorsUpdateTimeLimit:5.0]]
LogConfig: Setting CVar [[s.PriorityLevelStreamingActorsUpdateExtraTime:5.0]]
LogConfig: Setting CVar [[s.LevelStreamingComponentsRegistrationGranularity:10]]
LogConfig: Setting CVar [[s.UnregisterComponentsTimeLimit:1.0]]
LogConfig: Setting CVar [[s.LevelStreamingComponentsUnregistrationGranularity:5]]
LogConfig: Setting CVar [[s.FlushStreamingOnExit:1]]
LogInit: Object subsystem initialized
LogConfig: Setting CVar [[con.DebugEarlyDefault:1]]
LogConfig: Setting CVar [[r.setres:1280x720]]
[2025.01.09-13.20.41:305][  0]LogConfig: Setting CVar [[r.VSync:0]]
[2025.01.09-13.20.41:305][  0]LogConfig: Setting CVar [[r.RHICmdBypass:0]]
[2025.01.09-13.20.41:305][  0]LogConfig: Applying CVar settings from Section [/Script/Engine.RendererSettings] File [C:/Users/fande/Documents/Unreal Projects/CIJ_RisqueAuditif/Saved/Config/Windows/Engine.ini]
[2025.01.09-13.20.41:305][  0]LogConfig: Setting CVar [[r.GPUCrashDebugging:0]]
[2025.01.09-13.20.41:306][  0]LogConfig: Setting CVar [[r.Mobile.DisableVertexFog:1]]
[2025.01.09-13.20.41:306][  0]LogConfig: Setting CVar [[r.Shadow.CSM.MaxMobileCascades:2]]
[2025.01.09-13.20.41:306][  0]LogConfig: Setting CVar [[r.MobileMSAA:1]]
[2025.01.09-13.20.41:306][  0]LogConfig: Setting CVar [[r.Mobile.UseLegacyShadingModel:0]]
[2025.01.09-13.20.41:306][  0]LogConfig: Setting CVar [[r.Mobile.AllowDitheredLODTransition:0]]
[2025.01.09-13.20.41:306][  0]LogConfig: Setting CVar [[r.Mobile.AllowSoftwareOcclusion:0]]
[2025.01.09-13.20.41:306][  0]LogConfig: Setting CVar [[r.Mobile.VirtualTextures:0]]
[2025.01.09-13.20.41:306][  0]LogConfig: Setting CVar [[r.DiscardUnusedQuality:0]]
[2025.01.09-13.20.41:306][  0]LogConfig: Setting CVar [[r.AllowOcclusionQueries:1]]
[2025.01.09-13.20.41:306][  0]LogConfig: Setting CVar [[r.MinScreenRadiusForLights:0.030000]]
[2025.01.09-13.20.41:306][  0]LogConfig: Setting CVar [[r.MinScreenRadiusForDepthPrepass:0.030000]]
[2025.01.09-13.20.41:306][  0]LogConfig: Setting CVar [[r.MinScreenRadiusForCSMDepth:0.010000]]
[2025.01.09-13.20.41:306][  0]LogConfig: Setting CVar [[r.PrecomputedVisibilityWarning:0]]
[2025.01.09-13.20.41:306][  0]LogConfig: Setting CVar [[r.TextureStreaming:1]]
[2025.01.09-13.20.41:306][  0]LogConfig: Setting CVar [[Compat.UseDXT5NormalMaps:0]]
[2025.01.09-13.20.41:306][  0]LogConfig: Setting CVar [[r.VirtualTextures:0]]
[2025.01.09-13.20.41:307][  0]LogConfig: Setting CVar [[r.VirtualTexturedLightmaps:0]]
[2025.01.09-13.20.41:307][  0]LogConfig: Setting CVar [[r.VT.TileSize:128]]
[2025.01.09-13.20.41:307][  0]LogConfig: Setting CVar [[r.VT.TileBorderSize:4]]
[2025.01.09-13.20.41:307][  0]LogConfig: Setting CVar [[r.vt.FeedbackFactor:16]]
[2025.01.09-13.20.41:307][  0]LogConfig: Setting CVar [[r.VT.EnableCompressZlib:1]]
[2025.01.09-13.20.41:307][  0]LogConfig: Setting CVar [[r.VT.EnableCompressCrunch:0]]
[2025.01.09-13.20.41:307][  0]LogConfig: Setting CVar [[r.ClearCoatNormal:0]]
[2025.01.09-13.20.41:307][  0]LogConfig: Setting CVar [[r.AnisotropicBRDF:0]]
[2025.01.09-13.20.41:307][  0]LogConfig: Setting CVar [[r.ReflectionCaptureResolution:128]]
[2025.01.09-13.20.41:307][  0]LogConfig: Setting CVar [[r.ReflectionEnvironmentLightmapMixBasedOnRoughness:1]]
[2025.01.09-13.20.41:307][  0]LogConfig: Setting CVar [[r.ForwardShading:0]]
[2025.01.09-13.20.41:307][  0]LogConfig: Setting CVar [[r.VertexFoggingForOpaque:1]]
[2025.01.09-13.20.41:307][  0]LogConfig: Setting CVar [[r.AllowStaticLighting:1]]
[2025.01.09-13.20.41:307][  0]LogConfig: Setting CVar [[r.NormalMapsForStaticLighting:0]]
[2025.01.09-13.20.41:307][  0]LogConfig: Setting CVar [[r.GenerateMeshDistanceFields:0]]
[2025.01.09-13.20.41:307][  0]LogConfig: Setting CVar [[r.DistanceFieldBuild.EightBit:0]]
[2025.01.09-13.20.41:307][  0]LogConfig: Setting CVar [[r.GenerateLandscapeGIData:0]]
[2025.01.09-13.20.41:308][  0]LogConfig: Setting CVar [[r.DistanceFieldBuild.Compress:0]]
[2025.01.09-13.20.41:308][  0]LogConfig: Setting CVar [[r.TessellationAdaptivePixelsPerTriangle:48.000000]]
[2025.01.09-13.20.41:308][  0]LogConfig: Setting CVar [[r.SeparateTranslucency:0]]
[2025.01.09-13.20.41:308][  0]LogConfig: Setting CVar [[r.TranslucentSortPolicy:0]]
[2025.01.09-13.20.41:308][  0]LogConfig: Setting CVar [[r.CustomDepth:1]]
[2025.01.09-13.20.41:308][  0]LogConfig: Setting CVar [[r.CustomDepthTemporalAAJitter:1]]
[2025.01.09-13.20.41:308][  0]LogConfig: Setting CVar [[r.PostProcessing.PropagateAlpha:0]]
[2025.01.09-13.20.41:308][  0]LogConfig: Setting CVar [[r.DefaultFeature.Bloom:0]]
[2025.01.09-13.20.41:308][  0]LogConfig: Setting CVar [[r.DefaultFeature.AmbientOcclusion:0]]
[2025.01.09-13.20.41:308][  0]LogConfig: Setting CVar [[r.DefaultFeature.AmbientOcclusionStaticFraction:1]]
[2025.01.09-13.20.41:308][  0]LogConfig: Setting CVar [[r.DefaultFeature.AutoExposure:0]]
[2025.01.09-13.20.41:308][  0]LogConfig: Setting CVar [[r.DefaultFeature.AutoExposure.Method:0]]
[2025.01.09-13.20.41:308][  0]LogConfig: Setting CVar [[r.DefaultFeature.AutoExposure.Bias:1.000000]]
[2025.01.09-13.20.41:308][  0]LogConfig: Setting CVar [[r.DefaultFeature.AutoExposure.ExtendDefaultLuminanceRange:0]]
[2025.01.09-13.20.41:308][  0]LogConfig: Setting CVar [[r.UsePreExposure:1]]
[2025.01.09-13.20.41:308][  0]LogConfig: Setting CVar [[r.EyeAdaptation.EditorOnly:0]]
[2025.01.09-13.20.41:309][  0]LogConfig: Setting CVar [[r.DefaultFeature.MotionBlur:0]]
[2025.01.09-13.20.41:309][  0]LogConfig: Setting CVar [[r.DefaultFeature.LensFlare:0]]
[2025.01.09-13.20.41:309][  0]LogConfig: Setting CVar [[r.TemporalAA.Upsampling:0]]
[2025.01.09-13.20.41:309][  0]LogConfig: Setting CVar [[r.SSGI.Enable:0]]
[2025.01.09-13.20.41:309][  0]LogConfig: Setting CVar [[r.DefaultFeature.AntiAliasing:0]]
[2025.01.09-13.20.41:309][  0]LogConfig: Setting CVar [[r.DefaultFeature.LightUnits:1]]
[2025.01.09-13.20.41:309][  0]LogConfig: Setting CVar [[r.DefaultBackBufferPixelFormat:4]]
[2025.01.09-13.20.41:309][  0]LogConfig: Setting CVar [[r.Shadow.UnbuiltPreviewInGame:1]]
[2025.01.09-13.20.41:309][  0]LogConfig: Setting CVar [[r.StencilForLODDither:0]]
[2025.01.09-13.20.41:309][  0]LogConfig: Setting CVar [[r.EarlyZPass:3]]
[2025.01.09-13.20.41:309][  0]LogConfig: Setting CVar [[r.EarlyZPassOnlyMaterialMasking:0]]
[2025.01.09-13.20.41:309][  0]LogConfig: Setting CVar [[r.DBuffer:1]]
[2025.01.09-13.20.41:309][  0]LogConfig: Setting CVar [[r.ClearSceneMethod:1]]
[2025.01.09-13.20.41:309][  0]LogConfig: Setting CVar [[r.BasePassOutputsVelocity:0]]
[2025.01.09-13.20.41:310][  0]LogConfig: Setting CVar [[r.VertexDeformationOutputsVelocity:0]]
[2025.01.09-13.20.41:310][  0]LogConfig: Setting CVar [[r.SelectiveBasePassOutputs:0]]
[2025.01.09-13.20.41:310][  0]LogConfig: Setting CVar [[fx.GPUSimulationTextureSizeX:1024]]
[2025.01.09-13.20.41:310][  0]LogConfig: Setting CVar [[fx.GPUSimulationTextureSizeY:1024]]
[2025.01.09-13.20.41:310][  0]LogConfig: Setting CVar [[r.AllowGlobalClipPlane:0]]
[2025.01.09-13.20.41:310][  0]LogConfig: Setting CVar [[r.GBufferFormat:1]]
[2025.01.09-13.20.41:310][  0]LogConfig: Setting CVar [[r.MorphTarget.Mode:1]]
[2025.01.09-13.20.41:310][  0]LogConfig: Setting CVar [[vr.InstancedStereo:0]]
[2025.01.09-13.20.41:310][  0]LogConfig: Setting CVar [[r.MobileHDR:1]]
[2025.01.09-13.20.41:310][  0]LogConfig: Setting CVar [[vr.MobileMultiView:0]]
[2025.01.09-13.20.41:310][  0]LogConfig: Setting CVar [[r.Mobile.UseHWsRGBEncoding:0]]
[2025.01.09-13.20.41:310][  0]LogConfig: Setting CVar [[vr.RoundRobinOcclusion:0]]
[2025.01.09-13.20.41:310][  0]LogConfig: Setting CVar [[vr.ODSCapture:0]]
[2025.01.09-13.20.41:310][  0]LogConfig: Setting CVar [[r.MeshStreaming:0]]
[2025.01.09-13.20.41:310][  0]LogConfig: Setting CVar [[r.WireframeCullThreshold:5.000000]]
[2025.01.09-13.20.41:310][  0]LogConfig: Setting CVar [[r.RayTracing:0]]
[2025.01.09-13.20.41:311][  0]LogConfig: Setting CVar [[r.RayTracing.UseTextureLod:0]]
[2025.01.09-13.20.41:311][  0]LogConfig: Setting CVar [[r.SupportStationarySkylight:1]]
[2025.01.09-13.20.41:311][  0]LogConfig: Setting CVar [[r.SupportLowQualityLightmaps:1]]
[2025.01.09-13.20.41:311][  0]LogConfig: Setting CVar [[r.SupportPointLightWholeSceneShadows:1]]
[2025.01.09-13.20.41:311][  0]LogConfig: Setting CVar [[r.SupportAtmosphericFog:1]]
[2025.01.09-13.20.41:311][  0]LogConfig: Setting CVar [[r.SupportSkyAtmosphere:1]]
[2025.01.09-13.20.41:311][  0]LogConfig: Setting CVar [[r.SupportSkyAtmosphereAffectsHeightFog:0]]
[2025.01.09-13.20.41:311][  0]LogConfig: Setting CVar [[r.SkinCache.CompileShaders:0]]
[2025.01.09-13.20.41:311][  0]LogConfig: Setting CVar [[r.SkinCache.DefaultBehavior:1]]
[2025.01.09-13.20.41:311][  0]LogConfig: Setting CVar [[r.SkinCache.SceneMemoryLimitInMB:128.000000]]
[2025.01.09-13.20.41:311][  0]LogConfig: Setting CVar [[r.Mobile.EnableStaticAndCSMShadowReceivers:1]]
[2025.01.09-13.20.41:311][  0]LogConfig: Setting CVar [[r.Mobile.EnableMovableLightCSMShaderCulling:1]]
[2025.01.09-13.20.41:311][  0]LogConfig: Setting CVar [[r.Mobile.AllowDistanceFieldShadows:1]]
[2025.01.09-13.20.41:311][  0]LogConfig: Setting CVar [[r.Mobile.AllowMovableDirectionalLights:1]]
[2025.01.09-13.20.41:311][  0]LogConfig: Setting CVar [[r.MobileNumDynamicPointLights:4]]
[2025.01.09-13.20.41:311][  0]LogConfig: Setting CVar [[r.MobileDynamicPointLightsUseStaticBranch:1]]
[2025.01.09-13.20.41:312][  0]LogConfig: Setting CVar [[r.Mobile.EnableMovableSpotlights:0]]
[2025.01.09-13.20.41:312][  0]LogConfig: Setting CVar [[r.GPUSkin.Support16BitBoneIndex:0]]
[2025.01.09-13.20.41:312][  0]LogConfig: Setting CVar [[r.GPUSkin.Limit2BoneInfluences:0]]
[2025.01.09-13.20.41:312][  0]LogConfig: Setting CVar [[r.SupportDepthOnlyIndexBuffers:1]]
[2025.01.09-13.20.41:312][  0]LogConfig: Setting CVar [[r.SupportReversedIndexBuffers:1]]
[2025.01.09-13.20.41:312][  0]LogConfig: Setting CVar [[r.SupportMaterialLayers:0]]
[2025.01.09-13.20.41:312][  0]LogConfig: Setting CVar [[r.LightPropagationVolume:0]]
[2025.01.09-13.20.41:312][  0]LogConfig: Applying CVar settings from Section [/Script/Engine.RendererOverrideSettings] File [C:/Users/fande/Documents/Unreal Projects/CIJ_RisqueAuditif/Saved/Config/Windows/Engine.ini]
[2025.01.09-13.20.41:312][  0]LogConfig: Applying CVar settings from Section [/Script/Engine.StreamingSettings] File [C:/Users/fande/Documents/Unreal Projects/CIJ_RisqueAuditif/Saved/Config/Windows/Engine.ini]
[2025.01.09-13.20.41:312][  0]LogConfig: Setting CVar [[s.MinBulkDataSizeForAsyncLoading:131072]]
[2025.01.09-13.20.41:312][  0]LogConfig: Setting CVar [[s.AsyncLoadingThreadEnabled:0]]
[2025.01.09-13.20.41:312][  0]LogConfig: Setting CVar [[s.EventDrivenLoaderEnabled:1]]
[2025.01.09-13.20.41:312][  0]LogConfig: Setting CVar [[s.WarnIfTimeLimitExceeded:0]]
[2025.01.09-13.20.41:312][  0]LogConfig: Setting CVar [[s.TimeLimitExceededMultiplier:1.5]]
[2025.01.09-13.20.41:312][  0]LogConfig: Setting CVar [[s.TimeLimitExceededMinTime:0.005]]
[2025.01.09-13.20.41:312][  0]LogConfig: Setting CVar [[s.UseBackgroundLevelStreaming:1]]
[2025.01.09-13.20.41:313][  0]LogConfig: Setting CVar [[s.PriorityAsyncLoadingExtraTime:15.0]]
[2025.01.09-13.20.41:313][  0]LogConfig: Setting CVar [[s.LevelStreamingActorsUpdateTimeLimit:5.0]]
[2025.01.09-13.20.41:313][  0]LogConfig: Setting CVar [[s.PriorityLevelStreamingActorsUpdateExtraTime:5.0]]
[2025.01.09-13.20.41:313][  0]LogConfig: Setting CVar [[s.LevelStreamingComponentsRegistrationGranularity:10]]
[2025.01.09-13.20.41:313][  0]LogConfig: Setting CVar [[s.UnregisterComponentsTimeLimit:1.0]]
[2025.01.09-13.20.41:313][  0]LogConfig: Setting CVar [[s.LevelStreamingComponentsUnregistrationGranularity:5]]
[2025.01.09-13.20.41:313][  0]LogConfig: Setting CVar [[s.FlushStreamingOnExit:1]]
[2025.01.09-13.20.41:313][  0]LogConfig: Applying CVar settings from Section [/Script/Engine.GarbageCollectionSettings] File [C:/Users/fande/Documents/Unreal Projects/CIJ_RisqueAuditif/Saved/Config/Windows/Engine.ini]
[2025.01.09-13.20.41:313][  0]LogConfig: Setting CVar [[gc.MaxObjectsNotConsideredByGC:1]]
[2025.01.09-13.20.41:313][  0]LogConfig: Setting CVar [[gc.SizeOfPermanentObjectPool:0]]
[2025.01.09-13.20.41:313][  0]LogConfig: Setting CVar [[gc.FlushStreamingOnGC:0]]
[2025.01.09-13.20.41:313][  0]LogConfig: Setting CVar [[gc.NumRetriesBeforeForcingGC:10]]
[2025.01.09-13.20.41:313][  0]LogConfig: Setting CVar [[gc.AllowParallelGC:1]]
[2025.01.09-13.20.41:313][  0]LogConfig: Setting CVar [[gc.TimeBetweenPurgingPendingKillObjects:61.1]]
[2025.01.09-13.20.41:313][  0]LogConfig: Setting CVar [[gc.MaxObjectsInEditor:25165824]]
[2025.01.09-13.20.41:313][  0]LogConfig: Setting CVar [[gc.IncrementalBeginDestroyEnabled:1]]
[2025.01.09-13.20.41:314][  0]LogConfig: Setting CVar [[gc.CreateGCClusters:1]]
[2025.01.09-13.20.41:314][  0]LogConfig: Setting CVar [[gc.MinGCClusterSize:5]]
[2025.01.09-13.20.41:314][  0]LogConfig: Setting CVar [[gc.ActorClusteringEnabled:0]]
[2025.01.09-13.20.41:314][  0]LogConfig: Setting CVar [[gc.BlueprintClusteringEnabled:0]]
[2025.01.09-13.20.41:314][  0]LogConfig: Setting CVar [[gc.UseDisregardForGCOnDedicatedServers:0]]
[2025.01.09-13.20.41:314][  0]LogConfig: Applying CVar settings from Section [/Script/Engine.NetworkSettings] File [C:/Users/fande/Documents/Unreal Projects/CIJ_RisqueAuditif/Saved/Config/Windows/Engine.ini]
[2025.01.09-13.20.41:314][  0]LogConfig: Applying CVar settings from Section [/Script/UnrealEd.CookerSettings] File [C:/Users/fande/Documents/Unreal Projects/CIJ_RisqueAuditif/Saved/Config/Windows/Engine.ini]
[2025.01.09-13.20.41:322][  0]LogConfig: Applying CVar settings from Section [ViewDistanceQuality@3] File [C:/Users/fande/Documents/Unreal Projects/CIJ_RisqueAuditif/Saved/Config/Windows/Scalability.ini]
[2025.01.09-13.20.41:322][  0]LogConfig: Setting CVar [[r.SkeletalMeshLODBias:0]]
[2025.01.09-13.20.41:322][  0]LogConfig: Setting CVar [[r.ViewDistanceScale:1.0]]
[2025.01.09-13.20.41:322][  0]LogConfig: Applying CVar settings from Section [AntiAliasingQuality@3] File [C:/Users/fande/Documents/Unreal Projects/CIJ_RisqueAuditif/Saved/Config/Windows/Scalability.ini]
[2025.01.09-13.20.41:322][  0]LogConfig: Setting CVar [[r.PostProcessAAQuality:4]]
[2025.01.09-13.20.41:322][  0]LogConfig: Applying CVar settings from Section [ShadowQuality@3] File [C:/Users/fande/Documents/Unreal Projects/CIJ_RisqueAuditif/Saved/Config/Windows/Scalability.ini]
[2025.01.09-13.20.41:322][  0]LogConfig: Setting CVar [[r.LightFunctionQuality:1]]
[2025.01.09-13.20.41:322][  0]LogConfig: Setting CVar [[r.ShadowQuality:5]]
[2025.01.09-13.20.41:322][  0]LogConfig: Setting CVar [[r.Shadow.CSM.MaxCascades:10]]
[2025.01.09-13.20.41:322][  0]LogConfig: Setting CVar [[r.Shadow.MaxResolution:2048]]
[2025.01.09-13.20.41:322][  0]LogConfig: Setting CVar [[r.Shadow.MaxCSMResolution:2048]]
[2025.01.09-13.20.41:323][  0]LogConfig: Setting CVar [[r.Shadow.RadiusThreshold:0.01]]
[2025.01.09-13.20.41:323][  0]LogConfig: Setting CVar [[r.Shadow.DistanceScale:1.0]]
[2025.01.09-13.20.41:323][  0]LogConfig: Setting CVar [[r.Shadow.CSM.TransitionScale:1.0]]
[2025.01.09-13.20.41:323][  0]LogConfig: Setting CVar [[r.Shadow.PreShadowResolutionFactor:1.0]]
[2025.01.09-13.20.41:323][  0]LogConfig: Setting CVar [[r.DistanceFieldShadowing:1]]
[2025.01.09-13.20.41:323][  0]LogConfig: Setting CVar [[r.DistanceFieldAO:1]]
[2025.01.09-13.20.41:323][  0]LogConfig: Setting CVar [[r.AOQuality:2]]
[2025.01.09-13.20.41:323][  0]LogConfig: Setting CVar [[r.VolumetricFog:1]]
[2025.01.09-13.20.41:323][  0]LogConfig: Setting CVar [[r.VolumetricFog.GridPixelSize:8]]
[2025.01.09-13.20.41:323][  0]LogConfig: Setting CVar [[r.VolumetricFog.GridSizeZ:128]]
[2025.01.09-13.20.41:323][  0]LogConfig: Setting CVar [[r.VolumetricFog.HistoryMissSupersampleCount:4]]
[2025.01.09-13.20.41:323][  0]LogConfig: Setting CVar [[r.LightMaxDrawDistanceScale:1]]
[2025.01.09-13.20.41:323][  0]LogConfig: Setting CVar [[r.CapsuleShadows:1]]
[2025.01.09-13.20.41:323][  0]LogConfig: Applying CVar settings from Section [PostProcessQuality@3] File [C:/Users/fande/Documents/Unreal Projects/CIJ_RisqueAuditif/Saved/Config/Windows/Scalability.ini]
[2025.01.09-13.20.41:323][  0]LogConfig: Setting CVar [[r.MotionBlurQuality:4]]
[2025.01.09-13.20.41:324][  0]LogConfig: Setting CVar [[r.AmbientOcclusionMipLevelFactor:0.4]]
[2025.01.09-13.20.41:324][  0]LogConfig: Setting CVar [[r.AmbientOcclusionMaxQuality:100]]
[2025.01.09-13.20.41:324][  0]LogConfig: Setting CVar [[r.AmbientOcclusionLevels:-1]]
[2025.01.09-13.20.41:324][  0]LogConfig: Setting CVar [[r.AmbientOcclusionRadiusScale:1.0]]
[2025.01.09-13.20.41:324][  0]LogConfig: Setting CVar [[r.DepthOfFieldQuality:2]]
[2025.01.09-13.20.41:324][  0]LogConfig: Setting CVar [[r.RenderTargetPoolMin:400]]
[2025.01.09-13.20.41:324][  0]LogConfig: Setting CVar [[r.LensFlareQuality:2]]
[2025.01.09-13.20.41:324][  0]LogConfig: Setting CVar [[r.SceneColorFringeQuality:1]]
[2025.01.09-13.20.41:324][  0]LogConfig: Setting CVar [[r.EyeAdaptationQuality:2]]
[2025.01.09-13.20.41:324][  0]LogConfig: Setting CVar [[r.BloomQuality:5]]
[2025.01.09-13.20.41:324][  0]LogConfig: Setting CVar [[r.FastBlurThreshold:100]]
[2025.01.09-13.20.41:324][  0]LogConfig: Setting CVar [[r.Upscale.Quality:3]]
[2025.01.09-13.20.41:325][  0]LogConfig: Setting CVar [[r.Tonemapper.GrainQuantization:1]]
[2025.01.09-13.20.41:325][  0]LogConfig: Setting CVar [[r.LightShaftQuality:1]]
[2025.01.09-13.20.41:325][  0]LogConfig: Setting CVar [[r.Filter.SizeScale:1]]
[2025.01.09-13.20.41:325][  0]LogConfig: Setting CVar [[r.Tonemapper.Quality:5]]
[2025.01.09-13.20.41:325][  0]LogConfig: Setting CVar [[r.DOF.Gather.AccumulatorQuality:1        ; higher gathering accumulator quality]]
[2025.01.09-13.20.41:325][  0]LogConfig: Setting CVar [[r.DOF.Gather.PostfilterMethod:1          ; Median3x3 postfilering method]]
[2025.01.09-13.20.41:325][  0]LogConfig: Setting CVar [[r.DOF.Gather.EnableBokehSettings:0       ; no bokeh simulation when gathering]]
[2025.01.09-13.20.41:325][  0]LogConfig: Setting CVar [[r.DOF.Gather.RingCount:4                 ; medium number of samples when gathering]]
[2025.01.09-13.20.41:325][  0]LogConfig: Setting CVar [[r.DOF.Scatter.ForegroundCompositing:1    ; additive foreground scattering]]
[2025.01.09-13.20.41:325][  0]LogConfig: Setting CVar [[r.DOF.Scatter.BackgroundCompositing:2    ; additive background scattering]]
[2025.01.09-13.20.41:325][  0]LogConfig: Setting CVar [[r.DOF.Scatter.EnableBokehSettings:1      ; bokeh simulation when scattering]]
[2025.01.09-13.20.41:325][  0]LogConfig: Setting CVar [[r.DOF.Scatter.MaxSpriteRatio:0.1         ; only a maximum of 10% of scattered bokeh]]
[2025.01.09-13.20.41:325][  0]LogConfig: Setting CVar [[r.DOF.Recombine.Quality:1                ; cheap slight out of focus]]
[2025.01.09-13.20.41:325][  0]LogConfig: Setting CVar [[r.DOF.Recombine.EnableBokehSettings:0    ; no bokeh simulation on slight out of focus]]
[2025.01.09-13.20.41:325][  0]LogConfig: Setting CVar [[r.DOF.TemporalAAQuality:1                ; more stable temporal accumulation]]
[2025.01.09-13.20.41:325][  0]LogConfig: Setting CVar [[r.DOF.Kernel.MaxForegroundRadius:0.025]]
[2025.01.09-13.20.41:326][  0]LogConfig: Setting CVar [[r.DOF.Kernel.MaxBackgroundRadius:0.025]]
[2025.01.09-13.20.41:326][  0]LogConfig: Applying CVar settings from Section [TextureQuality@3] File [C:/Users/fande/Documents/Unreal Projects/CIJ_RisqueAuditif/Saved/Config/Windows/Scalability.ini]
[2025.01.09-13.20.41:326][  0]LogConfig: Setting CVar [[r.Streaming.MipBias:0]]
[2025.01.09-13.20.41:326][  0]LogConfig: Setting CVar [[r.Streaming.AmortizeCPUToGPUCopy:0]]
[2025.01.09-13.20.41:326][  0]LogConfig: Setting CVar [[r.Streaming.MaxNumTexturesToStreamPerFrame:0]]
[2025.01.09-13.20.41:326][  0]LogConfig: Setting CVar [[r.Streaming.Boost:1]]
[2025.01.09-13.20.41:326][  0]LogConfig: Setting CVar [[r.MaxAnisotropy:8]]
[2025.01.09-13.20.41:326][  0]LogConfig: Setting CVar [[r.VT.MaxAnisotropy:8]]
[2025.01.09-13.20.41:326][  0]LogConfig: Setting CVar [[r.Streaming.LimitPoolSizeToVRAM:0]]
[2025.01.09-13.20.41:326][  0]LogConfig: Setting CVar [[r.Streaming.PoolSize:1000]]
[2025.01.09-13.20.41:326][  0]LogConfig: Setting CVar [[r.Streaming.MaxEffectiveScreenSize:0]]
[2025.01.09-13.20.41:326][  0]LogConfig: Applying CVar settings from Section [EffectsQuality@3] File [C:/Users/fande/Documents/Unreal Projects/CIJ_RisqueAuditif/Saved/Config/Windows/Scalability.ini]
[2025.01.09-13.20.41:327][  0]LogConfig: Setting CVar [[r.TranslucencyLightingVolumeDim:64]]
[2025.01.09-13.20.41:327][  0]LogConfig: Setting CVar [[r.RefractionQuality:2]]
[2025.01.09-13.20.41:327][  0]LogConfig: Setting CVar [[r.SSR.Quality:3]]
[2025.01.09-13.20.41:327][  0]LogConfig: Setting CVar [[r.SSR.HalfResSceneColor:0]]
[2025.01.09-13.20.41:327][  0]LogConfig: Setting CVar [[r.SceneColorFormat:4]]
[2025.01.09-13.20.41:327][  0]LogConfig: Setting CVar [[r.DetailMode:2]]
[2025.01.09-13.20.41:327][  0]LogConfig: Setting CVar [[r.TranslucencyVolumeBlur:1]]
[2025.01.09-13.20.41:327][  0]LogConfig: Setting CVar [[r.MaterialQualityLevel:1 ; High quality]]
[2025.01.09-13.20.41:327][  0]LogConfig: Setting CVar [[r.SSS.Scale:1]]
[2025.01.09-13.20.41:327][  0]LogConfig: Setting CVar [[r.SSS.SampleSet:2]]
[2025.01.09-13.20.41:327][  0]LogConfig: Setting CVar [[r.SSS.Quality:1]]
[2025.01.09-13.20.41:327][  0]LogConfig: Setting CVar [[r.SSS.HalfRes:0]]
[2025.01.09-13.20.41:327][  0]LogConfig: Setting CVar [[r.SSGI.Quality:3]]
[2025.01.09-13.20.41:327][  0]LogConfig: Setting CVar [[r.EmitterSpawnRateScale:1.0]]
[2025.01.09-13.20.41:327][  0]LogConfig: Setting CVar [[r.ParticleLightQuality:2]]
[2025.01.09-13.20.41:328][  0]LogConfig: Setting CVar [[r.SkyAtmosphere.AerialPerspectiveLUT.FastApplyOnOpaque:1 ; Always have FastSkyLUT 1 in this case to avoid wrong sky]]
[2025.01.09-13.20.41:328][  0]LogConfig: Setting CVar [[r.SkyAtmosphere.AerialPerspectiveLUT.SampleCountPerSlice:1]]
[2025.01.09-13.20.41:328][  0]LogConfig: Setting CVar [[r.SkyAtmosphere.AerialPerspectiveLUT.DepthResolution:16.0]]
[2025.01.09-13.20.41:328][  0]LogConfig: Setting CVar [[r.SkyAtmosphere.FastSkyLUT:1]]
[2025.01.09-13.20.41:328][  0]LogConfig: Setting CVar [[r.SkyAtmosphere.FastSkyLUT.SampleCountMin:4.0]]
[2025.01.09-13.20.41:328][  0]LogConfig: Setting CVar [[r.SkyAtmosphere.FastSkyLUT.SampleCountMax:32.0]]
[2025.01.09-13.20.41:328][  0]LogConfig: Setting CVar [[r.SkyAtmosphere.SampleCountMin:4.0]]
[2025.01.09-13.20.41:328][  0]LogConfig: Setting CVar [[r.SkyAtmosphere.SampleCountMax:32.0]]
[2025.01.09-13.20.41:328][  0]LogConfig: Setting CVar [[r.SkyAtmosphere.TransmittanceLUT.UseSmallFormat:0]]
[2025.01.09-13.20.41:328][  0]LogConfig: Setting CVar [[r.SkyAtmosphere.TransmittanceLUT.SampleCount:10.0]]
[2025.01.09-13.20.41:328][  0]LogConfig: Setting CVar [[r.SkyAtmosphere.MultiScatteringLUT.SampleCount:15.0]]
[2025.01.09-13.20.41:328][  0]LogConfig: Applying CVar settings from Section [FoliageQuality@3] File [C:/Users/fande/Documents/Unreal Projects/CIJ_RisqueAuditif/Saved/Config/Windows/Scalability.ini]
[2025.01.09-13.20.41:328][  0]LogConfig: Setting CVar [[foliage.DensityScale:1.0]]
[2025.01.09-13.20.41:328][  0]LogConfig: Setting CVar [[grass.DensityScale:1.0]]
[2025.01.09-13.20.41:328][  0]LogConfig: Applying CVar settings from Section [ShadingQuality@3] File [C:/Users/fande/Documents/Unreal Projects/CIJ_RisqueAuditif/Saved/Config/Windows/Scalability.ini]
[2025.01.09-13.20.41:328][  0]LogConfig: Setting CVar [[r.HairStrands.SkyLighting.SampleCount:16]]
[2025.01.09-13.20.41:329][  0]LogConfig: Setting CVar [[r.HairStrands.SkyLighting.JitterIntegration:0]]
[2025.01.09-13.20.41:329][  0]LogConfig: Setting CVar [[r.HairStrands.SkyAO.SampleCount:16]]
[2025.01.09-13.20.41:329][  0]LogConfig: Setting CVar [[r.HairStrands.DeepShadow.SuperSampling:0]]
[2025.01.09-13.20.41:329][  0]LogConfig: Setting CVar [[r.HairStrands.VisibilityPPLL:0]]
[2025.01.09-13.20.41:329][  0]LogConfig: Setting CVar [[r.HairStrands.RasterizationScale:0.5]]
[2025.01.09-13.20.41:329][  0]LogConfig: Setting CVar [[r.HairStrands.VelocityRasterizationScale:1]]
[2025.01.09-13.20.41:329][  0]LogInit: Selected Device Profile: [Windows]
[2025.01.09-13.20.41:329][  0]LogInit: Applying CVar settings loaded from the selected device profile: [Windows]
[2025.01.09-13.20.41:329][  0]LogHAL: Display: Platform has ~ 8 GB [8491347968 / 8589934592 / 8], which maps to Default [LargestMinGB=32, LargerMinGB=12, DefaultMinGB=8, SmallerMinGB=6, SmallestMinGB=0)
[2025.01.09-13.20.41:330][  0]LogInit: Going up to parent DeviceProfile []
[2025.01.09-13.20.41:330][  0]LogConfig: Applying CVar settings from Section [ViewDistanceQuality@3] File [C:/Users/fande/Documents/Unreal Projects/CIJ_RisqueAuditif/Saved/Config/Windows/Scalability.ini]
[2025.01.09-13.20.41:330][  0]LogConfig: Setting CVar [[r.SkeletalMeshLODBias:0]]
[2025.01.09-13.20.41:330][  0]LogConfig: Setting CVar [[r.ViewDistanceScale:1.0]]
[2025.01.09-13.20.41:330][  0]LogConfig: Applying CVar settings from Section [AntiAliasingQuality@3] File [C:/Users/fande/Documents/Unreal Projects/CIJ_RisqueAuditif/Saved/Config/Windows/Scalability.ini]
[2025.01.09-13.20.41:330][  0]LogConfig: Setting CVar [[r.PostProcessAAQuality:4]]
[2025.01.09-13.20.41:330][  0]LogConfig: Applying CVar settings from Section [ShadowQuality@3] File [C:/Users/fande/Documents/Unreal Projects/CIJ_RisqueAuditif/Saved/Config/Windows/Scalability.ini]
[2025.01.09-13.20.41:330][  0]LogConfig: Setting CVar [[r.LightFunctionQuality:1]]
[2025.01.09-13.20.41:330][  0]LogConfig: Setting CVar [[r.ShadowQuality:5]]
[2025.01.09-13.20.41:330][  0]LogConfig: Setting CVar [[r.Shadow.CSM.MaxCascades:10]]
[2025.01.09-13.20.41:330][  0]LogConfig: Setting CVar [[r.Shadow.MaxResolution:2048]]
[2025.01.09-13.20.41:330][  0]LogConfig: Setting CVar [[r.Shadow.MaxCSMResolution:2048]]
[2025.01.09-13.20.41:330][  0]LogConfig: Setting CVar [[r.Shadow.RadiusThreshold:0.01]]
[2025.01.09-13.20.41:331][  0]LogConfig: Setting CVar [[r.Shadow.DistanceScale:1.0]]
[2025.01.09-13.20.41:331][  0]LogConfig: Setting CVar [[r.Shadow.CSM.TransitionScale:1.0]]
[2025.01.09-13.20.41:331][  0]LogConfig: Setting CVar [[r.Shadow.PreShadowResolutionFactor:1.0]]
[2025.01.09-13.20.41:331][  0]LogConfig: Setting CVar [[r.DistanceFieldShadowing:1]]
[2025.01.09-13.20.41:331][  0]LogConfig: Setting CVar [[r.DistanceFieldAO:1]]
[2025.01.09-13.20.41:331][  0]LogConfig: Setting CVar [[r.AOQuality:2]]
[2025.01.09-13.20.41:331][  0]LogConfig: Setting CVar [[r.VolumetricFog:1]]
[2025.01.09-13.20.41:331][  0]LogConfig: Setting CVar [[r.VolumetricFog.GridPixelSize:8]]
[2025.01.09-13.20.41:331][  0]LogConfig: Setting CVar [[r.VolumetricFog.GridSizeZ:128]]
[2025.01.09-13.20.41:331][  0]LogConfig: Setting CVar [[r.VolumetricFog.HistoryMissSupersampleCount:4]]
[2025.01.09-13.20.41:331][  0]LogConfig: Setting CVar [[r.LightMaxDrawDistanceScale:1]]
[2025.01.09-13.20.41:331][  0]LogConfig: Setting CVar [[r.CapsuleShadows:1]]
[2025.01.09-13.20.41:331][  0]LogConfig: Applying CVar settings from Section [PostProcessQuality@3] File [C:/Users/fande/Documents/Unreal Projects/CIJ_RisqueAuditif/Saved/Config/Windows/Scalability.ini]
[2025.01.09-13.20.41:331][  0]LogConfig: Setting CVar [[r.MotionBlurQuality:4]]
[2025.01.09-13.20.41:331][  0]LogConfig: Setting CVar [[r.AmbientOcclusionMipLevelFactor:0.4]]
[2025.01.09-13.20.41:331][  0]LogConfig: Setting CVar [[r.AmbientOcclusionMaxQuality:100]]
[2025.01.09-13.20.41:332][  0]LogConfig: Setting CVar [[r.AmbientOcclusionLevels:-1]]
[2025.01.09-13.20.41:332][  0]LogConfig: Setting CVar [[r.AmbientOcclusionRadiusScale:1.0]]
[2025.01.09-13.20.41:332][  0]LogConfig: Setting CVar [[r.DepthOfFieldQuality:2]]
[2025.01.09-13.20.41:332][  0]LogConfig: Setting CVar [[r.RenderTargetPoolMin:400]]
[2025.01.09-13.20.41:332][  0]LogConfig: Setting CVar [[r.LensFlareQuality:2]]
[2025.01.09-13.20.41:332][  0]LogConfig: Setting CVar [[r.SceneColorFringeQuality:1]]
[2025.01.09-13.20.41:332][  0]LogConfig: Setting CVar [[r.EyeAdaptationQuality:2]]
[2025.01.09-13.20.41:332][  0]LogConfig: Setting CVar [[r.BloomQuality:5]]
[2025.01.09-13.20.41:332][  0]LogConfig: Setting CVar [[r.FastBlurThreshold:100]]
[2025.01.09-13.20.41:332][  0]LogConfig: Setting CVar [[r.Upscale.Quality:3]]
[2025.01.09-13.20.41:332][  0]LogConfig: Setting CVar [[r.Tonemapper.GrainQuantization:1]]
[2025.01.09-13.20.41:332][  0]LogConfig: Setting CVar [[r.LightShaftQuality:1]]
[2025.01.09-13.20.41:332][  0]LogConfig: Setting CVar [[r.Filter.SizeScale:1]]
[2025.01.09-13.20.41:332][  0]LogConfig: Setting CVar [[r.Tonemapper.Quality:5]]
[2025.01.09-13.20.41:332][  0]LogConfig: Setting CVar [[r.DOF.Gather.AccumulatorQuality:1        ; higher gathering accumulator quality]]
[2025.01.09-13.20.41:332][  0]LogConfig: Setting CVar [[r.DOF.Gather.PostfilterMethod:1          ; Median3x3 postfilering method]]
[2025.01.09-13.20.41:333][  0]LogConfig: Setting CVar [[r.DOF.Gather.EnableBokehSettings:0       ; no bokeh simulation when gathering]]
[2025.01.09-13.20.41:333][  0]LogConfig: Setting CVar [[r.DOF.Gather.RingCount:4                 ; medium number of samples when gathering]]
[2025.01.09-13.20.41:333][  0]LogConfig: Setting CVar [[r.DOF.Scatter.ForegroundCompositing:1    ; additive foreground scattering]]
[2025.01.09-13.20.41:333][  0]LogConfig: Setting CVar [[r.DOF.Scatter.BackgroundCompositing:2    ; additive background scattering]]
[2025.01.09-13.20.41:333][  0]LogConfig: Setting CVar [[r.DOF.Scatter.EnableBokehSettings:1      ; bokeh simulation when scattering]]
[2025.01.09-13.20.41:333][  0]LogConfig: Setting CVar [[r.DOF.Scatter.MaxSpriteRatio:0.1         ; only a maximum of 10% of scattered bokeh]]
[2025.01.09-13.20.41:333][  0]LogConfig: Setting CVar [[r.DOF.Recombine.Quality:1                ; cheap slight out of focus]]
[2025.01.09-13.20.41:333][  0]LogConfig: Setting CVar [[r.DOF.Recombine.EnableBokehSettings:0    ; no bokeh simulation on slight out of focus]]
[2025.01.09-13.20.41:333][  0]LogConfig: Setting CVar [[r.DOF.TemporalAAQuality:1                ; more stable temporal accumulation]]
[2025.01.09-13.20.41:333][  0]LogConfig: Setting CVar [[r.DOF.Kernel.MaxForegroundRadius:0.025]]
[2025.01.09-13.20.41:333][  0]LogConfig: Setting CVar [[r.DOF.Kernel.MaxBackgroundRadius:0.025]]
[2025.01.09-13.20.41:333][  0]LogConfig: Applying CVar settings from Section [TextureQuality@3] File [C:/Users/fande/Documents/Unreal Projects/CIJ_RisqueAuditif/Saved/Config/Windows/Scalability.ini]
[2025.01.09-13.20.41:333][  0]LogConfig: Setting CVar [[r.Streaming.MipBias:0]]
[2025.01.09-13.20.41:333][  0]LogConfig: Setting CVar [[r.Streaming.AmortizeCPUToGPUCopy:0]]
[2025.01.09-13.20.41:333][  0]LogConfig: Setting CVar [[r.Streaming.MaxNumTexturesToStreamPerFrame:0]]
[2025.01.09-13.20.41:333][  0]LogConfig: Setting CVar [[r.Streaming.Boost:1]]
[2025.01.09-13.20.41:334][  0]LogConfig: Setting CVar [[r.MaxAnisotropy:8]]
[2025.01.09-13.20.41:334][  0]LogConfig: Setting CVar [[r.VT.MaxAnisotropy:8]]
[2025.01.09-13.20.41:334][  0]LogConfig: Setting CVar [[r.Streaming.LimitPoolSizeToVRAM:0]]
[2025.01.09-13.20.41:334][  0]LogConfig: Setting CVar [[r.Streaming.PoolSize:1000]]
[2025.01.09-13.20.41:334][  0]LogConfig: Setting CVar [[r.Streaming.MaxEffectiveScreenSize:0]]
[2025.01.09-13.20.41:334][  0]LogConfig: Applying CVar settings from Section [EffectsQuality@3] File [C:/Users/fande/Documents/Unreal Projects/CIJ_RisqueAuditif/Saved/Config/Windows/Scalability.ini]
[2025.01.09-13.20.41:334][  0]LogConfig: Setting CVar [[r.TranslucencyLightingVolumeDim:64]]
[2025.01.09-13.20.41:334][  0]LogConfig: Setting CVar [[r.RefractionQuality:2]]
[2025.01.09-13.20.41:334][  0]LogConfig: Setting CVar [[r.SSR.Quality:3]]
[2025.01.09-13.20.41:334][  0]LogConfig: Setting CVar [[r.SSR.HalfResSceneColor:0]]
[2025.01.09-13.20.41:334][  0]LogConfig: Setting CVar [[r.SceneColorFormat:4]]
[2025.01.09-13.20.41:334][  0]LogConfig: Setting CVar [[r.DetailMode:2]]
[2025.01.09-13.20.41:334][  0]LogConfig: Setting CVar [[r.TranslucencyVolumeBlur:1]]
[2025.01.09-13.20.41:334][  0]LogConfig: Setting CVar [[r.MaterialQualityLevel:1 ; High quality]]
[2025.01.09-13.20.41:334][  0]LogConfig: Setting CVar [[r.SSS.Scale:1]]
[2025.01.09-13.20.41:334][  0]LogConfig: Setting CVar [[r.SSS.SampleSet:2]]
[2025.01.09-13.20.41:335][  0]LogConfig: Setting CVar [[r.SSS.Quality:1]]
[2025.01.09-13.20.41:335][  0]LogConfig: Setting CVar [[r.SSS.HalfRes:0]]
[2025.01.09-13.20.41:335][  0]LogConfig: Setting CVar [[r.SSGI.Quality:3]]
[2025.01.09-13.20.41:335][  0]LogConfig: Setting CVar [[r.EmitterSpawnRateScale:1.0]]
[2025.01.09-13.20.41:335][  0]LogConfig: Setting CVar [[r.ParticleLightQuality:2]]
[2025.01.09-13.20.41:335][  0]LogConfig: Setting CVar [[r.SkyAtmosphere.AerialPerspectiveLUT.FastApplyOnOpaque:1 ; Always have FastSkyLUT 1 in this case to avoid wrong sky]]
[2025.01.09-13.20.41:335][  0]LogConfig: Setting CVar [[r.SkyAtmosphere.AerialPerspectiveLUT.SampleCountPerSlice:1]]
[2025.01.09-13.20.41:335][  0]LogConfig: Setting CVar [[r.SkyAtmosphere.AerialPerspectiveLUT.DepthResolution:16.0]]
[2025.01.09-13.20.41:335][  0]LogConfig: Setting CVar [[r.SkyAtmosphere.FastSkyLUT:1]]
[2025.01.09-13.20.41:335][  0]LogConfig: Setting CVar [[r.SkyAtmosphere.FastSkyLUT.SampleCountMin:4.0]]
[2025.01.09-13.20.41:335][  0]LogConfig: Setting CVar [[r.SkyAtmosphere.FastSkyLUT.SampleCountMax:32.0]]
[2025.01.09-13.20.41:335][  0]LogConfig: Setting CVar [[r.SkyAtmosphere.SampleCountMin:4.0]]
[2025.01.09-13.20.41:335][  0]LogConfig: Setting CVar [[r.SkyAtmosphere.SampleCountMax:32.0]]
[2025.01.09-13.20.41:335][  0]LogConfig: Setting CVar [[r.SkyAtmosphere.TransmittanceLUT.UseSmallFormat:0]]
[2025.01.09-13.20.41:336][  0]LogConfig: Setting CVar [[r.SkyAtmosphere.TransmittanceLUT.SampleCount:10.0]]
[2025.01.09-13.20.41:336][  0]LogConfig: Setting CVar [[r.SkyAtmosphere.MultiScatteringLUT.SampleCount:15.0]]
[2025.01.09-13.20.41:336][  0]LogConfig: Applying CVar settings from Section [FoliageQuality@3] File [C:/Users/fande/Documents/Unreal Projects/CIJ_RisqueAuditif/Saved/Config/Windows/Scalability.ini]
[2025.01.09-13.20.41:336][  0]LogConfig: Setting CVar [[foliage.DensityScale:1.0]]
[2025.01.09-13.20.41:336][  0]LogConfig: Setting CVar [[grass.DensityScale:1.0]]
[2025.01.09-13.20.41:336][  0]LogConfig: Applying CVar settings from Section [ShadingQuality@3] File [C:/Users/fande/Documents/Unreal Projects/CIJ_RisqueAuditif/Saved/Config/Windows/Scalability.ini]
[2025.01.09-13.20.41:336][  0]LogConfig: Setting CVar [[r.HairStrands.SkyLighting.SampleCount:16]]
[2025.01.09-13.20.41:336][  0]LogConfig: Setting CVar [[r.HairStrands.SkyLighting.JitterIntegration:0]]
[2025.01.09-13.20.41:336][  0]LogConfig: Setting CVar [[r.HairStrands.SkyAO.SampleCount:16]]
[2025.01.09-13.20.41:336][  0]LogConfig: Setting CVar [[r.HairStrands.DeepShadow.SuperSampling:0]]
[2025.01.09-13.20.41:336][  0]LogConfig: Setting CVar [[r.HairStrands.VisibilityPPLL:0]]
[2025.01.09-13.20.41:336][  0]LogConfig: Setting CVar [[r.HairStrands.RasterizationScale:0.5]]
[2025.01.09-13.20.41:336][  0]LogConfig: Setting CVar [[r.HairStrands.VelocityRasterizationScale:1]]
[2025.01.09-13.20.41:336][  0]LogConfig: Applying CVar settings from Section [Startup] File [../../../Engine/Config/ConsoleVariables.ini]
[2025.01.09-13.20.41:354][  0]LogConfig: Setting CVar [[net.UseAdaptiveNetUpdateFrequency:0]]
[2025.01.09-13.20.41:354][  0]LogConfig: Setting CVar [[p.chaos.AllowCreatePhysxBodies:1]]
[2025.01.09-13.20.41:354][  0]LogConfig: Setting CVar [[fx.SkipVectorVMBackendOptimizations:1]]
[2025.01.09-13.20.41:354][  0]LogConfig: Applying CVar settings from Section [ConsoleVariables] File [C:/Users/fande/Documents/Unreal Projects/CIJ_RisqueAuditif/Saved/Config/Windows/Engine.ini]
[2025.01.09-13.20.41:355][  0]LogInit: Computer: DESKTOP-NVK5SG3
[2025.01.09-13.20.41:355][  0]LogInit: User: fande
[2025.01.09-13.20.41:355][  0]LogInit: CPU Page size=4096, Cores=4
[2025.01.09-13.20.41:355][  0]LogInit: High frequency timer resolution =10.000000 MHz
[2025.01.09-13.20.41:355][  0]LogMemory: Memory total: Physical=7.9GB (8GB approx)
[2025.01.09-13.20.41:356][  0]LogMemory: Platform Memory Stats for Windows
[2025.01.09-13.20.41:356][  0]LogMemory: Process Physical Memory: 113.40 MB used, 113.40 MB peak
[2025.01.09-13.20.41:356][  0]LogMemory: Process Virtual Memory: 95.09 MB used, 95.09 MB peak
[2025.01.09-13.20.41:356][  0]LogMemory: Physical Memory: 5500.74 MB used,  2597.24 MB free, 8097.98 MB total
[2025.01.09-13.20.41:356][  0]LogMemory: Virtual Memory: 5129.10 MB used,  134212600.00 MB free, 134217728.00 MB total
[2025.01.09-13.20.41:418][  0]LogWindows: WindowsPlatformFeatures enabled
[2025.01.09-13.20.42:182][  0]LogInit: Physics initialised using underlying interface: PhysX
[2025.01.09-13.20.42:237][  0]LogInit: Using OS detected language (fr-FR).
[2025.01.09-13.20.42:237][  0]LogInit: Using OS detected locale (fr-FR).
[2025.01.09-13.20.42:386][  0]LogTextLocalizationManager: No specific localization for 'fr-FR' exists, so the 'fr' localization will be used.
[2025.01.09-13.20.42:387][  0]LogTextLocalizationResource: LocRes '../../../Engine/Content/Localization/Editor/fr/Editor.locres' could not be opened for reading!
[2025.01.09-13.20.42:388][  0]LogTextLocalizationResource: LocRes '../../../Engine/Content/Localization/EditorTutorials/fr/EditorTutorials.locres' could not be opened for reading!
[2025.01.09-13.20.42:389][  0]LogTextLocalizationResource: LocRes '../../../Engine/Content/Localization/Keywords/fr/Keywords.locres' could not be opened for reading!
[2025.01.09-13.20.42:390][  0]LogTextLocalizationResource: LocRes '../../../Engine/Content/Localization/Category/fr/Category.locres' could not be opened for reading!
[2025.01.09-13.20.42:408][  0]LogTextLocalizationResource: LocRes '../../../Engine/Content/Localization/ToolTips/fr/ToolTips.locres' could not be opened for reading!
[2025.01.09-13.20.42:410][  0]LogTextLocalizationResource: LocRes '../../../Engine/Content/Localization/PropertyNames/fr/PropertyNames.locres' could not be opened for reading!
[2025.01.09-13.20.42:412][  0]LogTextLocalizationResource: LocRes '../../../Engine/Content/Localization/Engine/fr/Engine.locres' could not be opened for reading!
[2025.01.09-13.20.42:453][  0]LogInit: Setting process to per monitor DPI aware
[2025.01.09-13.20.43:019][  0]LogSlate: New Slate User Created.  User Index 0, Is Virtual User: 0
[2025.01.09-13.20.43:020][  0]LogSlate: Slate User Registered.  User Index 0, Is Virtual User: 0
[2025.01.09-13.20.50:972][  0]LogHMD: Failed to initialize OpenVR with code 110
[2025.01.09-13.20.50:972][  0]LogD3D11RHI: D3D11 min allowed feature level: 11_0
[2025.01.09-13.20.50:972][  0]LogD3D11RHI: D3D11 max allowed feature level: 11_0
[2025.01.09-13.20.50:972][  0]LogD3D11RHI: D3D11 adapters:
[2025.01.09-13.20.51:143][  0]LogD3D11RHI:    0. 'NVIDIA GeForce 920MX' (Feature Level 11_0)
[2025.01.09-13.20.51:143][  0]LogD3D11RHI:       997/0/4048 MB DedicatedVideo/DedicatedSystem/SharedSystem, Outputs:1, VendorId:0x10de
[2025.01.09-13.20.51:333][  0]LogD3D11RHI:    1. 'Intel(R) HD Graphics' (Feature Level 11_0)
[2025.01.09-13.20.51:333][  0]LogD3D11RHI:       114/0/4048 MB DedicatedVideo/DedicatedSystem/SharedSystem, Outputs:0, VendorId:0x8086
[2025.01.09-13.20.51:343][  0]LogD3D11RHI:    2. 'Microsoft Basic Render Driver' (Feature Level 11_0)
[2025.01.09-13.20.51:343][  0]LogD3D11RHI:       0/0/4048 MB DedicatedVideo/DedicatedSystem/SharedSystem, Outputs:0, VendorId:0x1414
[2025.01.09-13.20.51:343][  0]LogD3D11RHI: Chosen D3D11 Adapter: 0
[2025.01.09-13.20.51:522][  0]LogD3D11RHI: Creating new Direct3DDevice
[2025.01.09-13.20.51:523][  0]LogD3D11RHI:     GPU DeviceId: 0x134f (for the marketing name, search the web for "GPU Device Id")
[2025.01.09-13.20.51:523][  0]LogWindows: EnumDisplayDevices:
[2025.01.09-13.20.51:523][  0]LogWindows:    0. 'Intel(R) HD Graphics' (P:1 D:1)
[2025.01.09-13.20.51:525][  0]LogWindows:    1. 'Intel(R) HD Graphics' (P:0 D:0)
[2025.01.09-13.20.51:526][  0]LogWindows:    2. 'Intel(R) HD Graphics' (P:0 D:0)
[2025.01.09-13.20.51:526][  0]LogWindows: DebugString: PrimaryIsNotTheChoosenAdapter PrimaryIsNotTheChoosenAdapter PrimaryIsNotTheChoosenAdapter FoundDriverCount:0 
[2025.01.09-13.20.51:526][  0]LogD3D11RHI:     Adapter Name: NVIDIA GeForce 920MX
[2025.01.09-13.20.51:527][  0]LogD3D11RHI:   Driver Version: Unknown (internal:Unknown, unified:Unknown)
[2025.01.09-13.20.51:527][  0]LogD3D11RHI:      Driver Date: Unknown
[2025.01.09-13.20.51:527][  0]LogRHI: Texture pool is 698 MB (70% of 997 MB)
[2025.01.09-13.20.51:708][  0]LogD3D11RHI: RHI has support for 64 bit atomics
[2025.01.09-13.20.51:709][  0]LogD3D11RHI: Async texture creation enabled
[2025.01.09-13.20.51:756][  0]LogD3D11RHI: GPU Timing Frequency: 1000.000000 (Debug: 2 1)
[2025.01.09-13.21.01:377][  0]LogTargetPlatformManager: Display: Loaded TargetPlatform 'AllDesktop'
[2025.01.09-13.21.01:495][  0]LogTargetPlatformManager: Display: Loaded TargetPlatform 'Android'
[2025.01.09-13.21.01:495][  0]LogTargetPlatformManager: Display: Loaded TargetPlatform 'Android_ASTC'
[2025.01.09-13.21.01:495][  0]LogTargetPlatformManager: Display: Loaded TargetPlatform 'Android_DXT'
[2025.01.09-13.21.01:495][  0]LogTargetPlatformManager: Display: Loaded TargetPlatform 'Android_ETC2'
[2025.01.09-13.21.01:495][  0]LogTargetPlatformManager: Display: Loaded TargetPlatform 'AndroidClient'
[2025.01.09-13.21.01:495][  0]LogTargetPlatformManager: Display: Loaded TargetPlatform 'Android_ASTCClient'
[2025.01.09-13.21.01:495][  0]LogTargetPlatformManager: Display: Loaded TargetPlatform 'Android_DXTClient'
[2025.01.09-13.21.01:496][  0]LogTargetPlatformManager: Display: Loaded TargetPlatform 'Android_ETC2Client'
[2025.01.09-13.21.01:496][  0]LogTargetPlatformManager: Display: Loaded TargetPlatform 'Android_Multi'
[2025.01.09-13.21.01:496][  0]LogTargetPlatformManager: Display: Loaded TargetPlatform 'Android_MultiClient'
[2025.01.09-13.21.01:647][  0]LogTargetPlatformManager: Display: Loaded TargetPlatform 'IOSClient'
[2025.01.09-13.21.01:647][  0]LogTargetPlatformManager: Display: Loaded TargetPlatform 'IOS'
[2025.01.09-13.21.01:715][  0]LogTargetPlatformManager: Display: Loaded TargetPlatform 'Linux'
[2025.01.09-13.21.01:800][  0]LogTargetPlatformManager: Display: Loaded TargetPlatform 'LinuxNoEditor'
[2025.01.09-13.21.01:850][  0]LogTargetPlatformManager: Display: Loaded TargetPlatform 'LinuxClient'
[2025.01.09-13.21.01:895][  0]LogTargetPlatformManager: Display: Loaded TargetPlatform 'LinuxServer'
[2025.01.09-13.21.01:962][  0]LogTargetPlatformManager: Display: Loaded TargetPlatform 'LinuxAArch64NoEditor'
[2025.01.09-13.21.02:042][  0]LogTargetPlatformManager: Display: Loaded TargetPlatform 'LinuxAArch64Client'
[2025.01.09-13.21.02:090][  0]LogTargetPlatformManager: Display: Loaded TargetPlatform 'LinuxAArch64Server'
[2025.01.09-13.21.02:217][  0]LogTargetPlatformManager: Display: Loaded TargetPlatform 'Lumin'
[2025.01.09-13.21.02:218][  0]LogTargetPlatformManager: Display: Loaded TargetPlatform 'LuminClient'
[2025.01.09-13.21.02:389][  0]LogTargetPlatformManager: Display: Loaded TargetPlatform 'TVOSClient'
[2025.01.09-13.21.02:389][  0]LogTargetPlatformManager: Display: Loaded TargetPlatform 'TVOS'
[2025.01.09-13.21.02:448][  0]LogTargetPlatformManager: Display: Loaded TargetPlatform 'WindowsNoEditor'
[2025.01.09-13.21.02:506][  0]LogTargetPlatformManager: Display: Loaded TargetPlatform 'Windows'
[2025.01.09-13.21.02:571][  0]LogTargetPlatformManager: Display: Loaded TargetPlatform 'WindowsClient'
[2025.01.09-13.21.02:641][  0]LogTargetPlatformManager: Display: Loaded TargetPlatform 'WindowsServer'
[2025.01.09-13.21.02:642][  0]LogTargetPlatformManager: Display: Building Assets For Windows
[2025.01.09-13.21.02:751][  0]LogAudioDebug: Display: Lib vorbis DLL was dynamically loaded.
[2025.01.09-13.21.03:433][  0]LogShaderCompilers: Guid format shader working directory is -3 characters bigger than the processId version (../../../../../Unreal Projects/CIJ_RisqueAuditif/Intermediate/Shaders/WorkingDirectory/11412/).
[2025.01.09-13.21.03:434][  0]LogShaderCompilers: Cleaned the shader compiler working directory 'C:/Users/fande/AppData/Local/Temp/UnrealShaderWorkingDir/B3A9DF894AFB8F08A379C4988A33E3E4/'.
[2025.01.09-13.21.03:446][  0]LogXGEController: Cleaning working directory: C:/Users/fande/AppData/Local/Temp/UnrealXGEWorkingDir/
[2025.01.09-13.21.03:448][  0]LogXGEController: Cannot use XGE Controller as Incredibuild is not installed on this machine.
[2025.01.09-13.21.03:449][  0]LogShaderCompilers: Cannot use XGE Shader Compiler as Incredibuild is not installed on this machine.
[2025.01.09-13.21.03:449][  0]LogShaderCompilers: Display: Using Local Shader Compiler.
[2025.01.09-13.21.17:000][  0]LogDerivedDataCache: Display: Max Cache Size: 512 MB
[2025.01.09-13.21.18:377][  0]LogDerivedDataCache: Loaded boot cache 1.35s 75MB C:/Users/fande/AppData/Local/UnrealEngine/4.25/DerivedDataCache/Boot.ddc.
[2025.01.09-13.21.18:378][  0]LogDerivedDataCache: Display: Loaded Boot cache: C:/Users/fande/AppData/Local/UnrealEngine/4.25/DerivedDataCache/Boot.ddc
[2025.01.09-13.21.18:438][  0]LogDerivedDataCache: FDerivedDataBackendGraph:  Pak pak cache file ../../../../../Unreal Projects/CIJ_RisqueAuditif/DerivedDataCache/DDC.ddp not found, will not use a pak cache.
[2025.01.09-13.21.18:438][  0]LogDerivedDataCache: Unable to find inner node Pak for hierarchical cache Hierarchy.
[2025.01.09-13.21.18:438][  0]LogDerivedDataCache: FDerivedDataBackendGraph:  CompressedPak pak cache file ../../../../../Unreal Projects/CIJ_RisqueAuditif/DerivedDataCache/Compressed.ddp not found, will not use a pak cache.
[2025.01.09-13.21.18:439][  0]LogDerivedDataCache: Unable to find inner node CompressedPak for hierarchical cache Hierarchy.
[2025.01.09-13.21.18:477][  0]LogDerivedDataCache: Display: Pak cache opened for reading ../../../Engine/DerivedDataCache/Compressed.ddp.
[2025.01.09-13.21.18:478][  0]LogDerivedDataCache: FDerivedDataBackendGraph:  EnterprisePak pak cache file ../../../Enterprise/DerivedDataCache/Compressed.ddp not found, will not use a pak cache.
[2025.01.09-13.21.18:478][  0]LogDerivedDataCache: Unable to find inner node EnterprisePak for hierarchical cache Hierarchy.
[2025.01.09-13.21.18:482][  0]LogDerivedDataCache: Using Local data cache path C:/Users/fande/AppData/Local/UnrealEngine/Common/DerivedDataCache: Writable
[2025.01.09-13.21.18:482][  0]LogDerivedDataCache: Shared data cache path not found in *engine.ini, will not use an Shared cache.
[2025.01.09-13.21.18:482][  0]LogDerivedDataCache: Unable to find inner node Shared for hierarchical cache Hierarchy.
[2025.01.09-13.21.18:725][  0]LogSlate: Using FreeType 2.10.0
[2025.01.09-13.21.18:923][  0]LogSlate: SlateFontServices - WITH_FREETYPE: 1, WITH_HARFBUZZ: 1
[2025.01.09-13.21.21:773][  0]LogAssetRegistry: FAssetRegistry took 0.0103 seconds to start up
[2025.01.09-13.21.22:945][  0]LogInit: Selected Device Profile: [Windows]
[2025.01.09-13.21.24:092][  0]LogMeshReduction: Using QuadricMeshReduction for automatic static mesh reduction
[2025.01.09-13.21.24:092][  0]LogMeshReduction: Using SimplygonMeshReduction for automatic skeletal mesh reduction
[2025.01.09-13.21.24:092][  0]LogMeshReduction: Using ProxyLODMeshReduction for automatic mesh merging
[2025.01.09-13.21.24:092][  0]LogMeshReduction: No distributed automatic mesh merging module available
[2025.01.09-13.21.24:093][  0]LogMeshMerging: No distributed automatic mesh merging module available
[2025.01.09-13.21.24:361][  0]LogNetVersion: CIJ_RisqueAuditif 1.0.0, NetCL: 13144385, EngineNetVer: 14, GameNetVer: 0 (Checksum: 414046930)
[2025.01.09-13.21.51:074][  0]LogAISub: UAISubsystem::UAISubsystem AISubsystem (00000209A0A52E00), frame # 0
[2025.01.09-13.21.51:075][  0]LogAISub: UAISubsystem::UAISubsystem AIPerceptionSystem (00000209A08C3D80), frame # 0
[2025.01.09-13.21.51:092][  0]LogAISub: UAISubsystem::UAISubsystem EnvQueryManager (00000209A0959C00), frame # 0
[2025.01.09-13.21.51:617][  0]LogPackageLocalizationCache: Processed 19 localized package path(s) for 1 prioritized culture(s) in 0.411070 seconds
[2025.01.09-13.21.51:637][  0]LogUObjectArray: 15917 objects as part of root set at end of initial load.
[2025.01.09-13.21.51:638][  0]LogUObjectAllocator: 3965568 out of 0 bytes used by permanent object pool.
[2025.01.09-13.21.51:638][  0]LogUObjectArray: CloseDisregardForGC: 0/0 objects in disregard for GC pool
[2025.01.09-13.21.58:990][  0]LogTcpMessaging: Initializing TcpMessaging bridge
[2025.01.09-13.21.59:031][  0]LogUdpMessaging: Initializing bridge on interface 0.0.0.0:0 to multicast group 230.0.0.1:6666.
[2025.01.09-13.21.59:899][  0]SourceControl: Source control is disabled
[2025.01.09-13.21.59:899][  0]SourceControl: Source control is disabled
[2025.01.09-13.21.59:957][  0]SourceControl: Source control is disabled
[2025.01.09-13.21.59:991][  0]SourceControl: Source control is disabled
[2025.01.09-13.22.00:105][  0]SourceControl: Source control is disabled
[2025.01.09-13.22.02:978][  0]LogAndroidPermission: UAndroidPermissionCallbackProxy::GetInstance
[2025.01.09-13.22.03:128][  0]LogAudioCaptureCore: Display: No Audio Capture implementations found. Audio input will be silent.
[2025.01.09-13.22.03:128][  0]LogAudioCaptureCore: Display: No Audio Capture implementations found. Audio input will be silent.
[2025.01.09-13.22.03:593][  0]LogOcInput: OculusInput pre-init called
[2025.01.09-13.22.03:730][  0]LogWindows: Failed to load 'OVRPlugin.dll' (GetLastError=126)
[2025.01.09-13.22.03:730][  0]LogWindows: File 'OVRPlugin.dll' does not exist
[2025.01.09-13.22.04:357][  0]LogEngine: Initializing Engine...
[2025.01.09-13.22.04:363][  0]LogHMD: Failed to initialize OpenVR with code 110
[2025.01.09-13.22.04:363][  0]LogMagicLeap: Warning: VR disabled because ZI is not enabled.  To enable, in the editor, Edit -> Project Settings -> Plugins -> Magic Leap Plugin -> Enable Zero Iteration
[2025.01.09-13.22.04:366][  0]LogStats: UGameplayTagsManager::InitializeManager -  0.001 s
[2025.01.09-13.22.04:880][  0]LogInit: Initializing FReadOnlyCVARCache
[2025.01.09-13.22.05:000][  0]LogAIModule: Creating AISystem for world Untitled
[2025.01.09-13.22.05:000][  0]LogAISub: UAISubsystem::UAISubsystem EnvQueryManager (00000209A301BC00), frame # 0
[2025.01.09-13.22.05:001][  0]LogAISub: UAISubsystem::UAISubsystem AIPerceptionSystem (00000209A3017B00), frame # 0
[2025.01.09-13.22.05:132][  0]LogAudioMixer: Display: Audio Mixer Platform Settings:
[2025.01.09-13.22.05:132][  0]LogAudioMixer: Display: 	Sample Rate:						  48000
[2025.01.09-13.22.05:132][  0]LogAudioMixer: Display: 	Callback Buffer Frame Size Requested: 1024
[2025.01.09-13.22.05:132][  0]LogAudioMixer: Display: 	Callback Buffer Frame Size To Use:	  1024
[2025.01.09-13.22.05:133][  0]LogAudioMixer: Display: 	Number of buffers to queue:			  2
[2025.01.09-13.22.05:133][  0]LogAudioMixer: Display: 	Max Channels (voices):				  32
[2025.01.09-13.22.05:133][  0]LogAudioMixer: Display: 	Number of Async Source Workers:		  0
[2025.01.09-13.22.05:133][  0]LogAudio: Display: AudioDevice MaxSources: 32
[2025.01.09-13.22.05:135][  0]LogAudio: Display: Using built-in audio occlusion.
[2025.01.09-13.22.05:135][  0]LogAudioMixer: Display: Initializing audio mixer.
[2025.01.09-13.22.05:302][  0]LogAudioMixer: Display: 0: FrontLeft
[2025.01.09-13.22.05:302][  0]LogAudioMixer: Display: 1: FrontRight
[2025.01.09-13.22.05:810][  0]LogAudioMixer: Display: Using Audio Device Haut-parleurs (Realtek High Definition Audio)
[2025.01.09-13.22.05:820][  0]LogAudioMixer: Display: Initializing Sound Submixes...
[2025.01.09-13.22.05:836][  0]LogAudioMixer: Display: Creating Master Submix 'MasterSubmixDefault'
[2025.01.09-13.22.05:836][  0]LogAudioMixer: Display: Creating Master Submix 'MasterReverbSubmixDefault'
[2025.01.09-13.22.05:842][  0]LogAudioMixer: Display: Creating Master Submix 'MasterEQSubmixDefault'
[2025.01.09-13.22.05:844][  0]LogInit: FAudioDevice initialized.
[2025.01.09-13.22.05:846][  0]LogNetVersion: Set ProjectVersion to 1.0.0.0. Version Checksum will be recalculated on next use.
[2025.01.09-13.22.06:272][  0]LogDerivedDataCache: Saved boot cache 0.43s 75MB C:/Users/fande/AppData/Local/UnrealEngine/4.25/DerivedDataCache/Boot.ddc.
[2025.01.09-13.22.06:276][  0]LogInit: Texture streaming: Enabled
[2025.01.09-13.22.06:466][  0]LogEngineSessionManager: EngineSessionManager initialized
[2025.01.09-13.22.06:467][  0]LogEditorSessionSummary: Verbose: Initializing EditorSessionSummaryWriter for editor session tracking
[2025.01.09-13.22.06:498][  0]LogEditorSessionSummary: EditorSessionSummaryWriter initialized
[2025.01.09-13.22.06:857][  0]LogInit: Transaction tracking system initialized
[2025.01.09-13.22.07:413][  0]BlueprintLog: New page: Editor Load
[2025.01.09-13.22.08:488][  0]LocalizationService: Localization service is disabled
[2025.01.09-13.22.10:213][  0]LogCook: Display: Max memory allowance for cook 16384mb min free memory 0mb
[2025.01.09-13.22.10:214][  0]LogCook: Display: Mobile HDR setting 1
[2025.01.09-13.22.10:754][  0]LogFileCache: Scanning file cache for directory 'C:/Users/fande/Documents/Unreal Projects/CIJ_RisqueAuditif/Content/' took 0.01s
[2025.01.09-13.22.16:326][  0]SourceControl: Source control is disabled
[2025.01.09-13.22.16:326][  0]LogUnrealEdMisc: Loading editor; pre map load, took 187.920
[2025.01.09-13.22.16:327][  0]Cmd: MAP LOAD FILE="../../../Engine/Content/Maps/Templates/Template_Default.umap" TEMPLATE=1 SHOWPROGRESS=1 FEATURELEVEL=3
[2025.01.09-13.22.16:376][  0]LightingResults: New page: Lighting Build
[2025.01.09-13.22.16:561][  0]LogWorld: UWorld::CleanupWorld for Untitled, bSessionEnded=true, bCleanupResources=true
[2025.01.09-13.22.16:561][  0]LogSlate: InvalidateAllWidgets triggered.  All widgets were invalidated
[2025.01.09-13.22.16:562][  0]MapCheck: New page: Map Check
[2025.01.09-13.22.16:562][  0]LightingResults: New page: Lighting Build
[2025.01.09-13.22.16:588][  0]LogAISub: UAISubsystem::~UAISubsystem EnvQueryManager (00000209A301BC00), frame # 0
[2025.01.09-13.22.16:588][  0]LogAISub: UAISubsystem::~UAISubsystem AIPerceptionSystem (00000209A3017B00), frame # 0
[2025.01.09-13.22.16:591][  0]LogUObjectHash: Compacting FUObjectHashTables data took   2.72ms
[2025.01.09-13.22.17:130][  0]LogAIModule: Creating AISystem for world Untitled_1
[2025.01.09-13.22.17:131][  0]LogAISub: UAISubsystem::UAISubsystem EnvQueryManager (0000020992F28800), frame # 0
[2025.01.09-13.22.17:131][  0]LogAISub: UAISubsystem::UAISubsystem AIPerceptionSystem (0000020992FDA0C0), frame # 0
[2025.01.09-13.22.17:208][  0]LogEditorServer: Finished looking for orphan Actors (0.000 secs)
[2025.01.09-13.22.17:238][  0]LogUObjectHash: Compacting FUObjectHashTables data took   2.99ms
[2025.01.09-13.22.17:239][  0]Cmd: MAP CHECKDEP NOCLEARLOG
[2025.01.09-13.22.17:240][  0]MapCheck: Map check complete: 0 Error(s), 0 Warning(s), took 0,782ms to complete.
[2025.01.09-13.22.17:240][  0]LogFileHelpers: Loading map 'Template_Default' took 0.914
[2025.01.09-13.22.17:247][  0]LogUnrealEdMisc: Total Editor Startup Time, took 188.841
[2025.01.09-13.22.24:425][  0]LogSlate: Updating window title bar state: overlay mode, drag disabled, window buttons hidden, title bar hidden
[2025.01.09-13.22.24:459][  0]LogSlate: Updating window title bar state: overlay mode, drag disabled, window buttons hidden, title bar hidden
[2025.01.09-13.22.24:492][  0]LogSlate: Updating window title bar state: overlay mode, drag disabled, window buttons hidden, title bar hidden
[2025.01.09-13.22.24:527][  0]LogSlate: Updating window title bar state: overlay mode, drag disabled, window buttons hidden, title bar hidden
[2025.01.09-13.22.24:742][  0]LogCollectionManager: Loaded 0 collections in 0.006710 seconds
[2025.01.09-13.22.25:153][  0]LogFileCache: Scanning file cache for directory 'C:/Users/fande/Documents/Unreal Projects/CIJ_RisqueAuditif/Saved/Collections/' took 0.00s
[2025.01.09-13.22.25:153][  0]LogFileCache: Scanning file cache for directory 'C:/Users/fande/Documents/Unreal Projects/CIJ_RisqueAuditif/Content/Developers/fande/Collections/' took 0.00s
[2025.01.09-13.22.25:153][  0]LogFileCache: Scanning file cache for directory 'C:/Users/fande/Documents/Unreal Projects/CIJ_RisqueAuditif/Content/Collections/' took 0.00s
[2025.01.09-13.22.25:153][  0]LogContentBrowser: Native class hierarchy populated in 0.0402 seconds. Added 3427 classes and 821 folders.
[2025.01.09-13.22.25:370][  0]LogContentBrowser: Native class hierarchy updated for 'WidgetCarousel' in 0.0010 seconds. Added 0 classes and 0 folders.
[2025.01.09-13.22.33:110][  0]LogContentBrowser: Native class hierarchy updated for 'AddContentDialog' in 0.0017 seconds. Added 0 classes and 0 folders.
[2025.01.09-13.22.33:115][  0]LogContentBrowser: Native class hierarchy updated for 'SceneOutliner' in 0.0009 seconds. Added 2 classes and 0 folders.
[2025.01.09-13.22.33:525][  0]LogSlate: Took 0.015098 seconds to synchronously load lazily loaded font '../../../Engine/Content/Slate/Fonts/Roboto-Regular.ttf' (155K)
[2025.01.09-13.22.33:562][  0]LogSlate: Took 0.027453 seconds to synchronously load lazily loaded font '../../../Engine/Content/Slate/Fonts/Roboto-Bold.ttf' (160K)
[2025.01.09-13.22.33:623][  0]LogSlate: Took 0.043369 seconds to synchronously load lazily loaded font '../../../Engine/Content/Editor/Slate/Fonts/FontAwesome.ttf' (139K)
[2025.01.09-13.22.33:937][  0]LogRenderer: Reallocating scene render targets to support 1096x428 Format 10 NumSamples 1 (Frame:1).
[2025.01.09-13.22.34:497][  0]LogContentBrowser: Native class hierarchy updated for 'HierarchicalLODOutliner' in 0.0009 seconds. Added 0 classes and 0 folders.
[2025.01.09-13.22.34:498][  0]LogLoad: (Engine Initialization) Total time: 206.09 seconds
[2025.01.09-13.22.34:498][  0]LogLoad: (Engine Initialization) Total Blueprint compile time: 0.00 seconds
[2025.01.09-13.22.34:606][  0]LogContentStreaming: Texture pool size now 1000 MB
[2025.01.09-13.22.34:870][  0]LogSlate: Took 0.102873 seconds to synchronously load lazily loaded font '../../../Engine/Content/Slate/Fonts/DroidSansFallback.ttf' (3848K)
[2025.01.09-13.22.35:133][  2]LogSlate: Took 0.063570 seconds to synchronously load lazily loaded font '../../../Engine/Content/Slate/Fonts/Roboto-Light.ttf' (167K)
[2025.01.09-13.22.35:241][  3]LogAssetRegistry: Asset discovery search completed in 73.4712 seconds
[2025.01.09-13.22.35:267][  3]LogCollectionManager: Fixed up redirectors for 0 collections in 0.000011 seconds (updated 0 objects)
[2025.01.09-13.22.48:642][177]LogAudioEditor: Performing atomic reimport of [C:/Users/fande/Downloads/BRUIT-DE-PET-GRAS.wav]
[2025.01.09-13.22.48:721][177]LogFactory: FactoryCreateFile: SoundWave with ReimportSoundFactory (0 0 C:/Users/fande/Downloads/BRUIT-DE-PET-GRAS.wav)
[2025.01.09-13.22.48:866][177]LogAudioDerivedData: Display: Building compressed audio format OGG hash OGG10000-1-1-1-1-1 wave BRUIT-DE-PET-GRAS...
[2025.01.09-13.22.48:867][177]LogAudioDerivedData: Display: Compression Quality for SoundWave /Game/Assets/Sounds/BRUIT-DE-PET-GRAS.BRUIT-DE-PET-GRAS will be modified from 40 to 40.
[2025.01.09-13.22.49:113][177]LogAudioDerivedData: Display: Updated SoundWave->RawPCMDataSize from 0 to 827392 while cooking SoundWave /Game/Assets/Sounds/BRUIT-DE-PET-GRAS.BRUIT-DE-PET-GRAS.
[2025.01.09-13.22.49:126][177]LogAudioEditor: -- imported successfully
[2025.01.09-13.22.49:133][177]LogAudioDerivedData: Display: Building compressed audio format OGG hash OGG10000-1-1-1-1-1 wave BRUIT-DE-PET-GRAS...
[2025.01.09-13.22.49:133][177]LogAudioDerivedData: Display: Compression Quality for SoundWave /Game/Assets/Sounds/BRUIT-DE-PET-GRAS.BRUIT-DE-PET-GRAS will be modified from 40 to 40.
[2025.01.09-13.22.49:427][177]LogAudioEditor: Performing atomic reimport of [C:/Users/fande/Downloads/Tyler1 Driving.wav]
[2025.01.09-13.22.49:555][177]LogFactory: FactoryCreateFile: SoundWave with ReimportSoundFactory (0 0 C:/Users/fande/Downloads/Tyler1 Driving.wav)
[2025.01.09-13.22.49:621][177]LogAudioDerivedData: Display: Building compressed audio format OGG hash OGG10000-1-1-1-1-1 wave Tyler1_Driving...
[2025.01.09-13.22.49:627][177]LogAudioDerivedData: Display: Compression Quality for SoundWave /Game/Assets/Sounds/Tyler1_Driving.Tyler1_Driving will be modified from 40 to 40.
[2025.01.09-13.22.50:244][177]LogAudioDerivedData: Display: Updated SoundWave->RawPCMDataSize from 0 to 1937408 while cooking SoundWave /Game/Assets/Sounds/Tyler1_Driving.Tyler1_Driving.
[2025.01.09-13.22.50:257][177]LogAudioEditor: -- imported successfully
[2025.01.09-13.22.50:270][177]LogAudioDerivedData: Display: Building compressed audio format OGG hash OGG10000-1-1-1-1-1 wave Tyler1_Driving...
[2025.01.09-13.22.50:272][177]LogAudioDerivedData: Display: Compression Quality for SoundWave /Game/Assets/Sounds/Tyler1_Driving.Tyler1_Driving will be modified from 40 to 40.
[2025.01.09-13.22.50:928][177]LogSlate: Took 0.000776 seconds to synchronously load lazily loaded font '../../../Engine/Content/Slate/Fonts/Roboto-Light.ttf' (167K)
[2025.01.09-13.22.51:093][177]LogFactory: FactoryCreateFile: SoundWave with ReimportSoundFactory (0 0 C:\Users\fande\Downloads\Pew Sound Effect.wav)
[2025.01.09-13.22.51:192][177]LogAudioDerivedData: Display: Building compressed audio format OGG hash OGG10000-1-1-1-1-1 wave Pew_Sound_Effect...
[2025.01.09-13.22.51:193][177]LogAudioDerivedData: Display: Compression Quality for SoundWave /Game/Assets/Sounds/Pew_Sound_Effect.Pew_Sound_Effect will be modified from 40 to 40.
[2025.01.09-13.22.51:243][177]LogAudioDerivedData: Display: Updated SoundWave->RawPCMDataSize from 0 to 151552 while cooking SoundWave /Game/Assets/Sounds/Pew_Sound_Effect.Pew_Sound_Effect.
[2025.01.09-13.22.51:263][177]LogFactory: FactoryCreateFile: SoundWave with ReimportSoundFactory (0 0 C:\Users\fande\Downloads\Thunder   Sound effect.wav)
[2025.01.09-13.22.51:277][177]LogAudioDerivedData: Display: Building compressed audio format OGG hash OGG10000-1-1-1-1-1 wave Thunder___Sound_effect...
[2025.01.09-13.22.51:278][177]LogAudioDerivedData: Display: Compression Quality for SoundWave /Game/Assets/Sounds/Thunder___Sound_effect.Thunder___Sound_effect will be modified from 40 to 40.
[2025.01.09-13.22.51:655][177]LogAudioDerivedData: Display: Updated SoundWave->RawPCMDataSize from 0 to 1249280 while cooking SoundWave /Game/Assets/Sounds/Thunder___Sound_effect.Thunder___Sound_effect.
[2025.01.09-13.22.51:694][177]LogFactory: FactoryCreateFile: SoundWave with ReimportSoundFactory (0 0 C:\Users\fande\Downloads\Glass breaking sound effect (DOWNLOAD, ORIGINAL).wav)
[2025.01.09-13.22.51:761][177]LogAudioDerivedData: Display: Building compressed audio format OGG hash OGG10000-1-1-1-1-1 wave Glass_breaking_sound_effect__DOWNLOAD__ORIGINAL_...
[2025.01.09-13.22.51:762][177]LogAudioDerivedData: Display: Compression Quality for SoundWave /Game/Assets/Sounds/Glass_breaking_sound_effect__DOWNLOAD__ORIGINAL_.Glass_breaking_sound_effect__DOWNLOAD__ORIGINAL_ will be modified from 40 to 40.
[2025.01.09-13.22.51:932][177]LogAudioDerivedData: Display: Updated SoundWave->RawPCMDataSize from 0 to 536576 while cooking SoundWave /Game/Assets/Sounds/Glass_breaking_sound_effect__DOWNLOAD__ORIGINAL_.Glass_breaking_sound_effect__DOWNLOAD__ORIGINAL_.
[2025.01.09-13.22.52:057][177]LogFactory: FactoryCreateFile: SoundWave with ReimportSoundFactory (0 0 C:\Users\fande\Downloads\People Talking - Sound Effect.wav)
[2025.01.09-13.22.52:144][177]LogAudioDerivedData: Display: Building compressed audio format OGG hash OGG10000-1-1-1-1-1 wave People_Talking_-_Sound_Effect...
[2025.01.09-13.22.52:145][177]LogAudioDerivedData: Display: Compression Quality for SoundWave /Game/Assets/Sounds/People_Talking_-_Sound_Effect.People_Talking_-_Sound_Effect will be modified from 40 to 40.
[2025.01.09-13.22.52:472][177]LogAudioDerivedData: Display: Updated SoundWave->RawPCMDataSize from 0 to 1228800 while cooking SoundWave /Game/Assets/Sounds/People_Talking_-_Sound_Effect.People_Talking_-_Sound_Effect.
[2025.01.09-13.22.52:554][177]LogFactory: FactoryCreateFile: SoundWave with ReimportSoundFactory (0 0 C:\Users\fande\Downloads\BRUIT DE PAS.wav)
[2025.01.09-13.22.52:582][177]LogAudioDerivedData: Display: Building compressed audio format OGG hash OGG10000-1-1-1-1-1 wave BRUIT_DE_PAS...
[2025.01.09-13.22.52:583][177]LogAudioDerivedData: Display: Compression Quality for SoundWave /Game/Assets/Sounds/BRUIT_DE_PAS.BRUIT_DE_PAS will be modified from 40 to 40.
[2025.01.09-13.22.53:061][177]LogAudioDerivedData: Display: Updated SoundWave->RawPCMDataSize from 0 to 1631700 while cooking SoundWave /Game/Assets/Sounds/BRUIT_DE_PAS.BRUIT_DE_PAS.
[2025.01.09-13.22.53:104][177]LogFactory: FactoryCreateFile: SoundWave with ReimportSoundFactory (0 0 C:\Users\fande\Downloads\eau qui bout.wav)
[2025.01.09-13.22.53:141][177]LogAudioDerivedData: Display: Building compressed audio format OGG hash OGG10000-1-1-1-1-1 wave eau_qui_bout...
[2025.01.09-13.22.53:143][177]LogAudioDerivedData: Display: Compression Quality for SoundWave /Game/Assets/Sounds/eau_qui_bout.eau_qui_bout will be modified from 40 to 40.
[2025.01.09-13.22.53:708][177]LogAudioDerivedData: Display: Updated SoundWave->RawPCMDataSize from 0 to 1753824 while cooking SoundWave /Game/Assets/Sounds/eau_qui_bout.eau_qui_bout.
[2025.01.09-13.22.53:738][177]LogFactory: FactoryCreateFile: SoundWave with ReimportSoundFactory (0 0 C:\Users\fande\Downloads\trumpet.wav)
[2025.01.09-13.22.53:847][177]LogAudioDerivedData: Display: Building compressed audio format OGG hash OGG10000-1-1-1-1-1 wave trumpet...
[2025.01.09-13.22.53:849][177]LogAudioDerivedData: Display: Compression Quality for SoundWave /Game/Assets/Sounds/trumpet.trumpet will be modified from 40 to 40.
[2025.01.09-13.22.54:244][177]LogAudioDerivedData: Display: Updated SoundWave->RawPCMDataSize from 0 to 1285684 while cooking SoundWave /Game/Assets/Sounds/trumpet.trumpet.
[2025.01.09-13.22.54:287][177]LogFactory: FactoryCreateFile: SoundWave with ReimportSoundFactory (0 0 C:\Users\fande\Downloads\stade.wav)
[2025.01.09-13.22.54:367][177]LogAudioDerivedData: Display: Building compressed audio format OGG hash OGG10000-1-1-1-1-1 wave stade...
[2025.01.09-13.22.54:370][177]LogAudioDerivedData: Display: Compression Quality for SoundWave /Game/Assets/Sounds/stade.stade will be modified from 40 to 40.
[2025.01.09-13.22.54:964][177]LogAudioDerivedData: Display: Updated SoundWave->RawPCMDataSize from 0 to 1957360 while cooking SoundWave /Game/Assets/Sounds/stade.stade.
[2025.01.09-13.22.54:994][177]LogFactory: FactoryCreateFile: SoundWave with ReimportSoundFactory (0 0 C:\Users\fande\Downloads\feu dartifesse.wav)
[2025.01.09-13.22.55:117][177]LogAudioDerivedData: Display: Building compressed audio format OGG hash OGG10000-1-1-1-1-1 wave feu_dartifesse...
[2025.01.09-13.22.55:120][177]LogAudioDerivedData: Display: Compression Quality for SoundWave /Game/Assets/Sounds/feu_dartifesse.feu_dartifesse will be modified from 40 to 40.
[2025.01.09-13.22.55:759][177]LogAudioDerivedData: Display: Updated SoundWave->RawPCMDataSize from 0 to 2078636 while cooking SoundWave /Game/Assets/Sounds/feu_dartifesse.feu_dartifesse.
[2025.01.09-13.22.55:799][177]LogFactory: FactoryCreateFile: SoundWave with ReimportSoundFactory (0 0 C:\Users\fande\Downloads\Wind - Sound Effect.wav)
[2025.01.09-13.22.55:816][177]LogAudioDerivedData: Display: Building compressed audio format OGG hash OGG10000-1-1-1-1-1 wave Wind_-_Sound_Effect...
[2025.01.09-13.22.55:818][177]LogAudioDerivedData: Display: Compression Quality for SoundWave /Game/Assets/Sounds/Wind_-_Sound_Effect.Wind_-_Sound_Effect will be modified from 40 to 40.
[2025.01.09-13.22.56:330][177]LogAudioDerivedData: Display: Updated SoundWave->RawPCMDataSize from 0 to 1781760 while cooking SoundWave /Game/Assets/Sounds/Wind_-_Sound_Effect.Wind_-_Sound_Effect.
[2025.01.09-13.22.56:359][177]LogFactory: FactoryCreateFile: SoundWave with ReimportSoundFactory (0 0 C:\Users\fande\Downloads\vent.wav)
[2025.01.09-13.22.56:381][177]LogAudioDerivedData: Display: Building compressed audio format OGG hash OGG10000-1-1-1-1-1 wave vent...
[2025.01.09-13.22.56:383][177]LogAudioDerivedData: Display: Compression Quality for SoundWave /Game/Assets/Sounds/vent.vent will be modified from 40 to 40.
[2025.01.09-13.22.56:903][177]LogAudioDerivedData: Display: Updated SoundWave->RawPCMDataSize from 0 to 1793684 while cooking SoundWave /Game/Assets/Sounds/vent.vent.
[2025.01.09-13.23.19:087][ 74]Cmd: OBJ SAVEPACKAGE PACKAGE="/Game/Assets/Sounds/vent" FILE="../../../../../Unreal Projects/CIJ_RisqueAuditif/Content/Assets/Sounds/vent.uasset" SILENT=true
[2025.01.09-13.23.19:105][ 74]LogSavePackage: Moving '../../../../../Unreal Projects/CIJ_RisqueAuditif/Saved/vent84E7AD3B444FCCCBF480AC91B1179997.tmp' to '../../../../../Unreal Projects/CIJ_RisqueAuditif/Content/Assets/Sounds/vent.uasset'
[2025.01.09-13.23.19:124][ 74]Cmd: OBJ SAVEPACKAGE PACKAGE="/Game/Assets/Sounds/Wind_-_Sound_Effect" FILE="../../../../../Unreal Projects/CIJ_RisqueAuditif/Content/Assets/Sounds/Wind_-_Sound_Effect.uasset" SILENT=true
[2025.01.09-13.23.19:139][ 74]LogSavePackage: Moving '../../../../../Unreal Projects/CIJ_RisqueAuditif/Saved/Wind_-_Sound_EffectAA1057B04CD04202DD4B22811DBD8BE2.tmp' to '../../../../../Unreal Projects/CIJ_RisqueAuditif/Content/Assets/Sounds/Wind_-_Sound_Effect.uasset'
[2025.01.09-13.23.19:163][ 74]Cmd: OBJ SAVEPACKAGE PACKAGE="/Game/Assets/Sounds/feu_dartifesse" FILE="../../../../../Unreal Projects/CIJ_RisqueAuditif/Content/Assets/Sounds/feu_dartifesse.uasset" SILENT=true
[2025.01.09-13.23.19:179][ 74]LogSavePackage: Moving '../../../../../Unreal Projects/CIJ_RisqueAuditif/Saved/feu_dartifesse9B37D43B41E1A0822F9F24A717A0266F.tmp' to '../../../../../Unreal Projects/CIJ_RisqueAuditif/Content/Assets/Sounds/feu_dartifesse.uasset'
[2025.01.09-13.23.19:201][ 74]Cmd: OBJ SAVEPACKAGE PACKAGE="/Game/Assets/Sounds/stade" FILE="../../../../../Unreal Projects/CIJ_RisqueAuditif/Content/Assets/Sounds/stade.uasset" SILENT=true
[2025.01.09-13.23.19:218][ 74]LogSavePackage: Moving '../../../../../Unreal Projects/CIJ_RisqueAuditif/Saved/stadeB3BDD30D4FD513E59D2FFAAFE612C33C.tmp' to '../../../../../Unreal Projects/CIJ_RisqueAuditif/Content/Assets/Sounds/stade.uasset'
[2025.01.09-13.23.19:239][ 74]Cmd: OBJ SAVEPACKAGE PACKAGE="/Game/Assets/Sounds/trumpet" FILE="../../../../../Unreal Projects/CIJ_RisqueAuditif/Content/Assets/Sounds/trumpet.uasset" SILENT=true
[2025.01.09-13.23.19:253][ 74]LogSavePackage: Moving '../../../../../Unreal Projects/CIJ_RisqueAuditif/Saved/trumpetABF6AD9F494D7DD3A8A50CBFE2EDA27A.tmp' to '../../../../../Unreal Projects/CIJ_RisqueAuditif/Content/Assets/Sounds/trumpet.uasset'
[2025.01.09-13.23.19:275][ 74]Cmd: OBJ SAVEPACKAGE PACKAGE="/Game/Assets/Sounds/eau_qui_bout" FILE="../../../../../Unreal Projects/CIJ_RisqueAuditif/Content/Assets/Sounds/eau_qui_bout.uasset" SILENT=true
[2025.01.09-13.23.19:333][ 74]LogSavePackage: Moving '../../../../../Unreal Projects/CIJ_RisqueAuditif/Saved/eau_qui_bout37BC15BE4BF8793C636ADF8F1B19B780.tmp' to '../../../../../Unreal Projects/CIJ_RisqueAuditif/Content/Assets/Sounds/eau_qui_bout.uasset'
[2025.01.09-13.23.19:354][ 74]Cmd: OBJ SAVEPACKAGE PACKAGE="/Game/Assets/Sounds/BRUIT_DE_PAS" FILE="../../../../../Unreal Projects/CIJ_RisqueAuditif/Content/Assets/Sounds/BRUIT_DE_PAS.uasset" SILENT=true
[2025.01.09-13.23.19:371][ 74]LogSavePackage: Moving '../../../../../Unreal Projects/CIJ_RisqueAuditif/Saved/BRUIT_DE_PAS326F936A4DD43D34F2286DB1DA77C936.tmp' to '../../../../../Unreal Projects/CIJ_RisqueAuditif/Content/Assets/Sounds/BRUIT_DE_PAS.uasset'
[2025.01.09-13.23.19:405][ 74]LogSavePackage: Moving '../../../../../Unreal Projects/CIJ_RisqueAuditif/Saved/People_Talking_-_Sound_Effect10DCE9C64DE497DF0E9146964D2BA8FD.tmp' to '../../../../../Unreal Projects/CIJ_RisqueAuditif/Content/Assets/Sounds/People_Talking_-_Sound_Effect.uasset'
[2025.01.09-13.23.19:434][ 74]LogSavePackage: Moving '../../../../../Unreal Projects/CIJ_RisqueAuditif/Saved/Glass_breaking_sound_effect__DOWFF6AA17548418CCC691B30B8B8DD81FD.tmp' to '../../../../../Unreal Projects/CIJ_RisqueAuditif/Content/Assets/Sounds/Glass_breaking_sound_effect__DOWNLOAD__ORIGINAL_.uasset'
[2025.01.09-13.23.19:453][ 74]Cmd: OBJ SAVEPACKAGE PACKAGE="/Game/Assets/Sounds/Thunder___Sound_effect" FILE="../../../../../Unreal Projects/CIJ_RisqueAuditif/Content/Assets/Sounds/Thunder___Sound_effect.uasset" SILENT=true
[2025.01.09-13.23.19:467][ 74]LogSavePackage: Moving '../../../../../Unreal Projects/CIJ_RisqueAuditif/Saved/Thunder___Sound_effect52803500452B506825827F8D7C8B3DDC.tmp' to '../../../../../Unreal Projects/CIJ_RisqueAuditif/Content/Assets/Sounds/Thunder___Sound_effect.uasset'
[2025.01.09-13.23.19:482][ 74]Cmd: OBJ SAVEPACKAGE PACKAGE="/Game/Assets/Sounds/Pew_Sound_Effect" FILE="../../../../../Unreal Projects/CIJ_RisqueAuditif/Content/Assets/Sounds/Pew_Sound_Effect.uasset" SILENT=true
[2025.01.09-13.23.19:503][ 74]LogSavePackage: Moving '../../../../../Unreal Projects/CIJ_RisqueAuditif/Saved/Pew_Sound_Effect97FA44B749797E6D3D0DA795BFCB2DE5.tmp' to '../../../../../Unreal Projects/CIJ_RisqueAuditif/Content/Assets/Sounds/Pew_Sound_Effect.uasset'
[2025.01.09-13.23.19:526][ 74]Cmd: OBJ SAVEPACKAGE PACKAGE="/Game/Assets/Sounds/Tyler1_Driving" FILE="../../../../../Unreal Projects/CIJ_RisqueAuditif/Content/Assets/Sounds/Tyler1_Driving.uasset" SILENT=true
[2025.01.09-13.23.19:679][ 74]LogSavePackage: Moving '../../../../../Unreal Projects/CIJ_RisqueAuditif/Saved/Tyler1_Driving39FB99844EB61FAB5BAECD83AA4EE736.tmp' to '../../../../../Unreal Projects/CIJ_RisqueAuditif/Content/Assets/Sounds/Tyler1_Driving.uasset'
[2025.01.09-13.23.19:716][ 74]Cmd: OBJ SAVEPACKAGE PACKAGE="/Game/Assets/Sounds/BRUIT-DE-PET-GRAS" FILE="../../../../../Unreal Projects/CIJ_RisqueAuditif/Content/Assets/Sounds/BRUIT-DE-PET-GRAS.uasset" SILENT=true
[2025.01.09-13.23.19:745][ 74]LogSavePackage: Moving '../../../../../Unreal Projects/CIJ_RisqueAuditif/Saved/BRUIT-DE-PET-GRASF5B13C864FAC4EF52FBD04A569100D7D.tmp' to '../../../../../Unreal Projects/CIJ_RisqueAuditif/Content/Assets/Sounds/BRUIT-DE-PET-GRAS.uasset'
[2025.01.09-13.23.19:752][ 74]Cmd: OBJ SAVEPACKAGE PACKAGE="/Game/Assets/Sounds/BRUIT_DE_PAS_Cue" FILE="../../../../../Unreal Projects/CIJ_RisqueAuditif/Content/Assets/Sounds/BRUIT_DE_PAS_Cue.uasset" SILENT=true
[2025.01.09-13.23.19:763][ 74]LogSavePackage: Moving '../../../../../Unreal Projects/CIJ_RisqueAuditif/Saved/BRUIT_DE_PAS_CueF3AEA7C44FA37AF9CE273DB78FB8E9B2.tmp' to '../../../../../Unreal Projects/CIJ_RisqueAuditif/Content/Assets/Sounds/BRUIT_DE_PAS_Cue.uasset'
[2025.01.09-13.23.19:769][ 74]Cmd: OBJ SAVEPACKAGE PACKAGE="/Game/Assets/Sounds/eau_qui_bout_Cue" FILE="../../../../../Unreal Projects/CIJ_RisqueAuditif/Content/Assets/Sounds/eau_qui_bout_Cue.uasset" SILENT=true
[2025.01.09-13.23.19:790][ 74]LogSavePackage: Moving '../../../../../Unreal Projects/CIJ_RisqueAuditif/Saved/eau_qui_bout_CueF00363CD42D922C7E9E6EC968DF6B65A.tmp' to '../../../../../Unreal Projects/CIJ_RisqueAuditif/Content/Assets/Sounds/eau_qui_bout_Cue.uasset'
[2025.01.09-13.23.19:797][ 74]Cmd: OBJ SAVEPACKAGE PACKAGE="/Game/Assets/Sounds/feu_dartifesse_Cue" FILE="../../../../../Unreal Projects/CIJ_RisqueAuditif/Content/Assets/Sounds/feu_dartifesse_Cue.uasset" SILENT=true
[2025.01.09-13.23.19:807][ 74]LogSavePackage: Moving '../../../../../Unreal Projects/CIJ_RisqueAuditif/Saved/feu_dartifesse_CueB9A9F25B48851357C94C4889EEAC6CEB.tmp' to '../../../../../Unreal Projects/CIJ_RisqueAuditif/Content/Assets/Sounds/feu_dartifesse_Cue.uasset'
[2025.01.09-13.23.19:824][ 74]LogSavePackage: Moving '../../../../../Unreal Projects/CIJ_RisqueAuditif/Saved/Glass_breaking_sound_effect__DOW6DC6302540EF149FA5130D95DB33EF5C.tmp' to '../../../../../Unreal Projects/CIJ_RisqueAuditif/Content/Assets/Sounds/Glass_breaking_sound_effect__DOWNLOAD__ORIGINAL__Cue.uasset'
[2025.01.09-13.23.19:839][ 74]LogSavePackage: Moving '../../../../../Unreal Projects/CIJ_RisqueAuditif/Saved/People_Talking_-_Sound_Effect_Cu7BD8EA57474F31529E870AAE77D98660.tmp' to '../../../../../Unreal Projects/CIJ_RisqueAuditif/Content/Assets/Sounds/People_Talking_-_Sound_Effect_Cue.uasset'
[2025.01.09-13.23.19:845][ 74]Cmd: OBJ SAVEPACKAGE PACKAGE="/Game/Assets/Sounds/Pew_Sound_Effect_Cue" FILE="../../../../../Unreal Projects/CIJ_RisqueAuditif/Content/Assets/Sounds/Pew_Sound_Effect_Cue.uasset" SILENT=true
[2025.01.09-13.23.19:855][ 74]LogSavePackage: Moving '../../../../../Unreal Projects/CIJ_RisqueAuditif/Saved/Pew_Sound_Effect_Cue06D76D6F4EF24F750EE500A4332721C9.tmp' to '../../../../../Unreal Projects/CIJ_RisqueAuditif/Content/Assets/Sounds/Pew_Sound_Effect_Cue.uasset'
[2025.01.09-13.23.19:862][ 74]Cmd: OBJ SAVEPACKAGE PACKAGE="/Game/Assets/Sounds/stade_Cue" FILE="../../../../../Unreal Projects/CIJ_RisqueAuditif/Content/Assets/Sounds/stade_Cue.uasset" SILENT=true
[2025.01.09-13.23.19:873][ 74]LogSavePackage: Moving '../../../../../Unreal Projects/CIJ_RisqueAuditif/Saved/stade_CueCF11C21B4AE7A6228961249148D35C34.tmp' to '../../../../../Unreal Projects/CIJ_RisqueAuditif/Content/Assets/Sounds/stade_Cue.uasset'
[2025.01.09-13.23.19:879][ 74]Cmd: OBJ SAVEPACKAGE PACKAGE="/Game/Assets/Sounds/Thunder___Sound_effect_Cue" FILE="../../../../../Unreal Projects/CIJ_RisqueAuditif/Content/Assets/Sounds/Thunder___Sound_effect_Cue.uasset" SILENT=true
[2025.01.09-13.23.19:894][ 74]LogSavePackage: Moving '../../../../../Unreal Projects/CIJ_RisqueAuditif/Saved/Thunder___Sound_effect_Cue50C35307425A1C2522C81C987B79085D.tmp' to '../../../../../Unreal Projects/CIJ_RisqueAuditif/Content/Assets/Sounds/Thunder___Sound_effect_Cue.uasset'
[2025.01.09-13.23.19:903][ 74]Cmd: OBJ SAVEPACKAGE PACKAGE="/Game/Assets/Sounds/trumpet_Cue" FILE="../../../../../Unreal Projects/CIJ_RisqueAuditif/Content/Assets/Sounds/trumpet_Cue.uasset" SILENT=true
[2025.01.09-13.23.19:913][ 74]LogSavePackage: Moving '../../../../../Unreal Projects/CIJ_RisqueAuditif/Saved/trumpet_CueE57CAC274E7DEF21BDB3B997A92C73CC.tmp' to '../../../../../Unreal Projects/CIJ_RisqueAuditif/Content/Assets/Sounds/trumpet_Cue.uasset'
[2025.01.09-13.23.19:919][ 74]Cmd: OBJ SAVEPACKAGE PACKAGE="/Game/Assets/Sounds/vent_Cue" FILE="../../../../../Unreal Projects/CIJ_RisqueAuditif/Content/Assets/Sounds/vent_Cue.uasset" SILENT=true
[2025.01.09-13.23.19:929][ 74]LogSavePackage: Moving '../../../../../Unreal Projects/CIJ_RisqueAuditif/Saved/vent_Cue61971976451B9C7FF7CA0C9368FD15F7.tmp' to '../../../../../Unreal Projects/CIJ_RisqueAuditif/Content/Assets/Sounds/vent_Cue.uasset'
[2025.01.09-13.23.19:936][ 74]Cmd: OBJ SAVEPACKAGE PACKAGE="/Game/Assets/Sounds/Wind_-_Sound_Effect_Cue" FILE="../../../../../Unreal Projects/CIJ_RisqueAuditif/Content/Assets/Sounds/Wind_-_Sound_Effect_Cue.uasset" SILENT=true
[2025.01.09-13.23.19:944][ 74]LogSavePackage: Moving '../../../../../Unreal Projects/CIJ_RisqueAuditif/Saved/Wind_-_Sound_Effect_Cue5A5A943C444914BF08BB9E8E78BF0E0C.tmp' to '../../../../../Unreal Projects/CIJ_RisqueAuditif/Content/Assets/Sounds/Wind_-_Sound_Effect_Cue.uasset'
[2025.01.09-13.23.20:113][ 74]AssetCheck: New page: Asset Save: multiple assets
[2025.01.09-13.23.20:113][ 74]LogContentValidation: Display: Validating SoundWave /Game/Assets/Sounds/vent.vent
[2025.01.09-13.23.20:113][ 74]LogContentValidation: Display: Validating SoundWave /Game/Assets/Sounds/Wind_-_Sound_Effect.Wind_-_Sound_Effect
[2025.01.09-13.23.20:113][ 74]LogContentValidation: Display: Validating SoundWave /Game/Assets/Sounds/feu_dartifesse.feu_dartifesse
[2025.01.09-13.23.20:114][ 74]LogContentValidation: Display: Validating SoundWave /Game/Assets/Sounds/stade.stade
[2025.01.09-13.23.20:114][ 74]LogContentValidation: Display: Validating SoundWave /Game/Assets/Sounds/trumpet.trumpet
[2025.01.09-13.23.20:114][ 74]LogContentValidation: Display: Validating SoundWave /Game/Assets/Sounds/eau_qui_bout.eau_qui_bout
[2025.01.09-13.23.20:114][ 74]LogContentValidation: Display: Validating SoundWave /Game/Assets/Sounds/BRUIT_DE_PAS.BRUIT_DE_PAS
[2025.01.09-13.23.20:114][ 74]LogContentValidation: Display: Validating SoundWave /Game/Assets/Sounds/People_Talking_-_Sound_Effect.People_Talking_-_Sound_Effect
[2025.01.09-13.23.20:114][ 74]LogContentValidation: Display: Validating SoundWave /Game/Assets/Sounds/Glass_breaking_sound_effect__DOWNLOAD__ORIGINAL_.Glass_breaking_sound_effect__DOWNLOAD__ORIGINAL_
[2025.01.09-13.23.20:114][ 74]LogContentValidation: Display: Validating SoundWave /Game/Assets/Sounds/Thunder___Sound_effect.Thunder___Sound_effect
[2025.01.09-13.23.20:114][ 74]LogContentValidation: Display: Validating SoundWave /Game/Assets/Sounds/Pew_Sound_Effect.Pew_Sound_Effect
[2025.01.09-13.23.20:114][ 74]LogContentValidation: Display: Validating SoundWave /Game/Assets/Sounds/Tyler1_Driving.Tyler1_Driving
[2025.01.09-13.23.20:114][ 74]LogContentValidation: Display: Validating SoundWave /Game/Assets/Sounds/BRUIT-DE-PET-GRAS.BRUIT-DE-PET-GRAS
[2025.01.09-13.23.20:115][ 74]LogContentValidation: Display: Validating SoundCue /Game/Assets/Sounds/BRUIT_DE_PAS_Cue.BRUIT_DE_PAS_Cue
[2025.01.09-13.23.20:115][ 74]LogContentValidation: Display: Validating SoundCue /Game/Assets/Sounds/eau_qui_bout_Cue.eau_qui_bout_Cue
[2025.01.09-13.23.20:115][ 74]LogContentValidation: Display: Validating SoundCue /Game/Assets/Sounds/feu_dartifesse_Cue.feu_dartifesse_Cue
[2025.01.09-13.23.20:115][ 74]LogContentValidation: Display: Validating SoundCue /Game/Assets/Sounds/Glass_breaking_sound_effect__DOWNLOAD__ORIGINAL__Cue.Glass_breaking_sound_effect__DOWNLOAD__ORIGINAL__Cue
[2025.01.09-13.23.20:115][ 74]LogContentValidation: Display: Validating SoundCue /Game/Assets/Sounds/People_Talking_-_Sound_Effect_Cue.People_Talking_-_Sound_Effect_Cue
[2025.01.09-13.23.20:115][ 74]LogContentValidation: Display: Validating SoundCue /Game/Assets/Sounds/Pew_Sound_Effect_Cue.Pew_Sound_Effect_Cue
[2025.01.09-13.23.20:115][ 74]LogContentValidation: Display: Validating SoundCue /Game/Assets/Sounds/stade_Cue.stade_Cue
[2025.01.09-13.23.20:115][ 74]LogContentValidation: Display: Validating SoundCue /Game/Assets/Sounds/Thunder___Sound_effect_Cue.Thunder___Sound_effect_Cue
[2025.01.09-13.23.20:115][ 74]LogContentValidation: Display: Validating SoundCue /Game/Assets/Sounds/trumpet_Cue.trumpet_Cue
[2025.01.09-13.23.20:115][ 74]LogContentValidation: Display: Validating SoundCue /Game/Assets/Sounds/vent_Cue.vent_Cue
[2025.01.09-13.23.20:116][ 74]LogContentValidation: Display: Validating SoundCue /Game/Assets/Sounds/Wind_-_Sound_Effect_Cue.Wind_-_Sound_Effect_Cue
[2025.01.09-13.24.35:247][442]LogUObjectHash: Compacting FUObjectHashTables data took   2.27ms
[2025.01.09-13.24.36:424][442]LogSlate: Window 'Delete Assets' being destroyed
[2025.01.09-13.24.36:816][442]LogUObjectHash: Compacting FUObjectHashTables data took   2.29ms
[2025.01.09-13.24.36:844][442]LogUObjectHash: Compacting FUObjectHashTables data took   0.76ms
[2025.01.09-13.24.36:889][442]LogUObjectHash: Compacting FUObjectHashTables data took   2.45ms
[2025.01.09-13.24.36:917][442]LogUObjectHash: Compacting FUObjectHashTables data took   0.79ms
[2025.01.09-15.24.02:224][144]LogEditorViewport: Clicking on Actor (context menu): StaticMeshActor (Floor)
[2025.01.09-15.59.54:322][ 52]LogUObjectHash: Compacting FUObjectHashTables data took  75.26ms
[2025.01.09-15.59.55:086][ 52]LogSlate: Window 'CIJ_RisqueAuditif - Unreal Editor' being destroyed
[2025.01.09-15.59.58:067][ 53]Cmd: QUIT_EDITOR
[2025.01.09-15.59.58:067][ 53]LogCore: Engine exit requested (reason: UUnrealEdEngine::CloseEditor())
[2025.01.09-15.59.58:194][ 53]LogCore: Engine exit requested (reason: EngineExit() was called; note: exit was already requested)
[2025.01.09-15.59.59:319][ 53]LogWindowsTextInputMethodSystem: Display: IME system now deactivated.
[2025.01.09-15.59.59:496][ 53]LogExit: Preparing to exit.
[2025.01.09-16.00.01:941][ 53]LogWorld: UWorld::CleanupWorld for World_0, bSessionEnded=true, bCleanupResources=true
