Log file open, 02/03/25 08:41:15
LogInit: Display: Running engine for game: CIJ_RisqueAuditif
LogPlatformFile: Not using cached read wrapper
LogTaskGraph: Started task graph with 5 named threads and 35 total threads with 3 sets of task threads.
LogStats: Stats thread started at 0.250118
LogD3D11RHI: Loaded GFSDK_Aftermath_Lib.x64.dll
LogICUInternationalization: ICU TimeZone Detection - Raw Offset: +1:00, Platform Override: ''
LogPluginManager: Mounting plugin Paper2D
LogPluginManager: Mounting plugin AISupport
LogPluginManager: Mounting plugin LightPropagationVolume
LogPluginManager: Mounting plugin CameraShakePreviewer
LogPluginManager: Mounting plugin ActorLayerUtilities
LogPluginManager: Mounting plugin AnimationSharing
LogPluginManager: Mounting plugin CLionSourceCodeAccess
LogPluginManager: Mounting plugin CodeLiteSourceCodeAccess
LogPluginManager: Mounting plugin GitSourceControl
LogPluginManager: Mounting plugin KDevelopSourceCodeAccess
LogPluginManager: Mounting plugin NullSourceCodeAccess
LogPluginManager: Mounting plugin PerforceSourceControl
LogPluginManager: Mounting plugin PlasticSourceControl
LogPluginManager: Mounting plugin RiderSourceCodeAccess
LogPluginManager: Mounting plugin SubversionSourceControl
LogPluginManager: Mounting plugin UObjectPlugin
LogPluginManager: Mounting plugin VisualStudioCodeSourceCodeAccess
LogPluginManager: Mounting plugin VisualStudioSourceCodeAccess
LogPluginManager: Mounting plugin XCodeSourceCodeAccess
LogPluginManager: Mounting plugin AssetManagerEditor
LogPluginManager: Mounting plugin CryptoKeys
LogPluginManager: Mounting plugin CurveEditorTools
LogPluginManager: Mounting plugin DataValidation
LogPluginManager: Mounting plugin EditorScriptingUtilities
LogPluginManager: Mounting plugin FacialAnimation
LogPluginManager: Mounting plugin GameplayTagsEditor
LogPluginManager: Mounting plugin GeometryMode
LogPluginManager: Mounting plugin MacGraphicsSwitching
LogPluginManager: Mounting plugin MaterialAnalyzer
LogPluginManager: Mounting plugin MobileLauncherProfileWizard
LogPluginManager: Mounting plugin PluginBrowser
LogPluginManager: Mounting plugin SpeedTreeImporter
LogPluginManager: Mounting plugin StylusInput
LogPluginManager: Mounting plugin DatasmithContent
LogPluginManager: Mounting plugin VariantManagerContent
LogPluginManager: Mounting plugin AlembicImporter
LogPluginManager: Mounting plugin AutomationUtils
LogPluginManager: Mounting plugin BackChannel
LogPluginManager: Mounting plugin ChaosCloth
LogPluginManager: Mounting plugin ChaosClothEditor
LogPluginManager: Mounting plugin ChaosEditor
LogPluginManager: Mounting plugin ChaosNiagara
LogPluginManager: Mounting plugin ChaosSolverPlugin
LogPluginManager: Mounting plugin CharacterAI
LogPluginManager: Mounting plugin GeometryCache
LogPluginManager: Mounting plugin GeometryCollectionPlugin
LogPluginManager: Mounting plugin GeometryProcessing
LogPluginManager: Mounting plugin MeshModelingToolset
LogPluginManager: Mounting plugin ModelingToolsEditorMode
LogPluginManager: Mounting plugin PlanarCut
LogPluginManager: Mounting plugin PlatformCrypto
LogPluginManager: Mounting plugin ProxyLODPlugin
LogPluginManager: Mounting plugin SkeletalReduction
LogPluginManager: Mounting plugin Niagara
LogPluginManager: Mounting plugin MagicLeap
LogPluginManager: Mounting plugin MagicLeapLightEstimation
LogPluginManager: Mounting plugin MagicLeapMedia
LogPluginManager: Mounting plugin MagicLeapPassableWorld
LogPluginManager: Mounting plugin MLSDK
LogPluginManager: Mounting plugin AndroidMedia
LogPluginManager: Mounting plugin AvfMedia
LogPluginManager: Mounting plugin ImgMedia
LogPluginManager: Mounting plugin MediaCompositing
LogPluginManager: Mounting plugin MediaPlayerEditor
LogPluginManager: Mounting plugin WebMMedia
LogPluginManager: Mounting plugin WmfMedia
LogPluginManager: Mounting plugin MeshPainting
LogPluginManager: Mounting plugin TcpMessaging
LogPluginManager: Mounting plugin UdpMessaging
LogPluginManager: Mounting plugin ActorSequence
LogPluginManager: Mounting plugin LevelSequenceEditor
LogPluginManager: Mounting plugin MatineeToLevelSequence
LogPluginManager: Mounting plugin MovieRenderPipeline
LogPluginManager: Mounting plugin TemplateSequence
LogPluginManager: Mounting plugin NetcodeUnitTest
LogPluginManager: Mounting plugin NUTUnrealEngine4
LogPluginManager: Mounting plugin OnlineSubsystemGooglePlay
LogPluginManager: Mounting plugin OnlineSubsystemIOS
LogPluginManager: Mounting plugin OnlineSubsystem
LogPluginManager: Mounting plugin OnlineSubsystemNull
LogPluginManager: Mounting plugin OnlineSubsystemUtils
LogPluginManager: Mounting plugin LauncherChunkInstaller
LogPluginManager: Mounting plugin AndroidDeviceProfileSelector
LogPluginManager: Mounting plugin AndroidMoviePlayer
LogPluginManager: Mounting plugin AndroidPermission
LogPluginManager: Mounting plugin AppleImageUtils
LogPluginManager: Mounting plugin AppleMoviePlayer
LogPluginManager: Mounting plugin ArchVisCharacter
LogPluginManager: Mounting plugin AssetTags
LogPluginManager: Mounting plugin AudioCapture
LogPluginManager: Mounting plugin CableComponent
LogPluginManager: Mounting plugin CustomMeshComponent
LogPluginManager: Mounting plugin EditableMesh
LogPluginManager: Mounting plugin ExampleDeviceProfileSelector
LogPluginManager: Mounting plugin GoogleCloudMessaging
LogPluginManager: Mounting plugin GooglePAD
LogPluginManager: Mounting plugin IOSDeviceProfileSelector
LogPluginManager: Mounting plugin LinuxDeviceProfileSelector
LogPluginManager: Mounting plugin LocationServicesBPLibrary
LogPluginManager: Mounting plugin MobilePatchingUtils
LogPluginManager: Mounting plugin OculusVR
LogPluginManager: Mounting plugin PhysXVehicles
LogPluginManager: Mounting plugin PostSplashScreen
LogPluginManager: Mounting plugin ProceduralMeshComponent
LogPluginManager: Mounting plugin RuntimePhysXCooking
LogPluginManager: Mounting plugin SignificanceManager
LogPluginManager: Mounting plugin SoundFields
LogPluginManager: Mounting plugin SteamVR
LogPluginManager: Mounting plugin Synthesis
LogPluginManager: Mounting plugin WebMMoviePlayer
LogPluginManager: Mounting plugin WindowsMoviePlayer
LogPluginManager: Mounting plugin ScreenshotTools
LogInit: Using libcurl 7.55.1-DEV
LogInit:  - built for x86_64-pc-win32
LogInit:  - supports SSL with OpenSSL/1.1.1
LogInit:  - supports HTTP deflate (compression) using libz 1.2.8
LogInit:  - other features:
LogInit:      CURL_VERSION_SSL
LogInit:      CURL_VERSION_LIBZ
LogInit:      CURL_VERSION_IPV6
LogInit:      CURL_VERSION_ASYNCHDNS
LogInit:      CURL_VERSION_LARGEFILE
LogInit:      CURL_VERSION_IDN
LogInit:  CurlRequestOptions (configurable via config and command line):
LogInit:  - bVerifyPeer = true  - Libcurl will verify peer certificate
LogInit:  - bUseHttpProxy = false  - Libcurl will NOT use HTTP proxy
LogInit:  - bDontReuseConnections = false  - Libcurl will reuse connections
LogInit:  - MaxHostConnections = 16  - Libcurl will limit the number of connections to a host
LogInit:  - LocalHostAddr = Default
LogInit:  - BufferSize = 65536
LogOnline: OSS: Creating online subsystem instance for: NULL
LogInit: WinSock: version 1.1 (2.2), MaxSocks=32767, MaxUdp=65467
LogOnline: OSS: TryLoadSubsystemAndSetDefault: Loaded subsystem for module [NULL]
LogInit: Build: ++UE4+Release-4.25-CL-14469661
LogInit: Engine Version: 4.25.4-14469661+++UE4+Release-4.25
LogInit: Compatible Engine Version: 4.25.0-13144385+++UE4+Release-4.25
LogInit: Net CL: 13144385
LogInit: OS: Windows 10 (Release 2009) (), CPU: 12th Gen Intel(R) Core(TM) i5-12450H, GPU: Intel(R) UHD Graphics
LogInit: Compiled (64-bit): Oct 11 2020 08:10:49
LogInit: Compiled with Visual C++: 19.24.28315.00
LogInit: Build Configuration: Development
LogInit: Branch Name: ++UE4+Release-4.25
LogInit: Command Line: 
LogInit: Base Directory: C:/Program Files/Epic Games/UE_4.25/Engine/Binaries/Win64/
LogInit: Allocator: TBB
LogInit: Installed Engine Build: 1
LogDevObjectVersion: Number of dev versions registered: 26
LogDevObjectVersion:   Dev-Blueprints (B0D832E4-1F89-4F0D-ACCF-7EB736FD4AA2): 10
LogDevObjectVersion:   Dev-Build (E1C64328-A22C-4D53-A36C-8E866417BD8C): 0
LogDevObjectVersion:   Dev-Core (375EC13C-06E4-48FB-B500-84F0262A717E): 4
LogDevObjectVersion:   Dev-Editor (E4B068ED-F494-42E9-A231-DA0B2E46BB41): 38
LogDevObjectVersion:   Dev-Framework (CFFC743F-43B0-4480-9391-14DF171D2073): 37
LogDevObjectVersion:   Dev-Mobile (B02B49B5-BB20-44E9-A304-32B752E40360): 2
LogDevObjectVersion:   Dev-Networking (A4E4105C-59A1-49B5-A7C5-40C4547EDFEE): 0
LogDevObjectVersion:   Dev-Online (39C831C9-5AE6-47DC-9A44-9C173E1C8E7C): 0
LogDevObjectVersion:   Dev-Physics (78F01B33-EBEA-4F98-B9B4-84EACCB95AA2): 4
LogDevObjectVersion:   Dev-Platform (6631380F-2D4D-43E0-8009-CF276956A95A): 0
LogDevObjectVersion:   Dev-Rendering (12F88B9F-8875-4AFC-A67C-D90C383ABD29): 43
LogDevObjectVersion:   Dev-Sequencer (7B5AE74C-D270-4C10-A958-57980B212A5A): 12
LogDevObjectVersion:   Dev-VR (D7296918-1DD6-4BDD-9DE2-64A83CC13884): 3
LogDevObjectVersion:   Dev-LoadTimes (C2A15278-BFE7-4AFE-6C17-90FF531DF755): 1
LogDevObjectVersion:   Private-Geometry (6EACA3D4-40EC-4CC1-B786-8BED09428FC5): 3
LogDevObjectVersion:   Dev-AnimPhys (29E575DD-E0A3-4627-9D10-D276232CDCEA): 17
LogDevObjectVersion:   Dev-Anim (AF43A65D-7FD3-4947-9873-3E8ED9C1BB05): 7
LogDevObjectVersion:   Dev-ReflectionCapture (6B266CEC-1EC7-4B8F-A30B-E4D90942FC07): 1
LogDevObjectVersion:   Dev-Automation (0DF73D61-A23F-47EA-B727-89E90C41499A): 1
LogDevObjectVersion:   FortniteMain (601D1886-AC64-4F84-AA16-D3DE0DEAC7D6): 31
LogDevObjectVersion:   Dev-Enterprise (9DFFBCD6-494F-0158-E221-12823C92A888): 10
LogDevObjectVersion:   Dev-Niagara (F2AED0AC-9AFE-416F-8664-AA7FFA26D6FC): 1
LogDevObjectVersion:   Dev-Destruction (174F1F0B-B4C6-45A5-B13F-2EE8D0FB917D): 10
LogDevObjectVersion:   Dev-Physics-Ext (35F94A83-E258-406C-A318-09F59610247C): 37
LogDevObjectVersion:   Dev-PhysicsMaterial-Chaos (B68FC16E-8B1B-42E2-B453-215C058844FE): 1
LogDevObjectVersion:   Dev-CineCamera (B2E18506-4273-CFC2-A54E-F4BB758BBA07): 1
LogInit: Presizing for max 25165824 objects, including 0 objects not considered by GC, pre-allocating 0 bytes for permanent pool.
LogConfig: Applying CVar settings from Section [/Script/Engine.StreamingSettings] File [C:/Users/yukin/OneDrive/Documents/Unreal Projects/CIJ_RisqueAuditifUE-ryan-mj2/CIJ_RisqueAuditifUE-ryan-mj2/Saved/Config/Windows/Engine.ini]
LogConfig: Setting CVar [[s.MinBulkDataSizeForAsyncLoading:131072]]
LogConfig: Setting CVar [[s.AsyncLoadingThreadEnabled:0]]
LogConfig: Setting CVar [[s.EventDrivenLoaderEnabled:1]]
LogConfig: Setting CVar [[s.WarnIfTimeLimitExceeded:0]]
LogConfig: Setting CVar [[s.TimeLimitExceededMultiplier:1.5]]
LogConfig: Setting CVar [[s.TimeLimitExceededMinTime:0.005]]
LogConfig: Setting CVar [[s.UseBackgroundLevelStreaming:1]]
LogConfig: Setting CVar [[s.PriorityAsyncLoadingExtraTime:15.0]]
LogConfig: Setting CVar [[s.LevelStreamingActorsUpdateTimeLimit:5.0]]
LogConfig: Setting CVar [[s.PriorityLevelStreamingActorsUpdateExtraTime:5.0]]
LogConfig: Setting CVar [[s.LevelStreamingComponentsRegistrationGranularity:10]]
LogConfig: Setting CVar [[s.UnregisterComponentsTimeLimit:1.0]]
LogConfig: Setting CVar [[s.LevelStreamingComponentsUnregistrationGranularity:5]]
LogConfig: Setting CVar [[s.FlushStreamingOnExit:1]]
LogInit: Object subsystem initialized
LogConfig: Setting CVar [[con.DebugEarlyDefault:1]]
LogConfig: Setting CVar [[r.setres:1280x720]]
[2025.02.03-07.41.16:607][  0]LogConfig: Setting CVar [[r.VSync:0]]
[2025.02.03-07.41.16:607][  0]LogConfig: Setting CVar [[r.RHICmdBypass:0]]
[2025.02.03-07.41.16:607][  0]LogConfig: Applying CVar settings from Section [/Script/Engine.RendererSettings] File [C:/Users/yukin/OneDrive/Documents/Unreal Projects/CIJ_RisqueAuditifUE-ryan-mj2/CIJ_RisqueAuditifUE-ryan-mj2/Saved/Config/Windows/Engine.ini]
[2025.02.03-07.41.16:609][  0]LogConfig: Setting CVar [[r.GPUCrashDebugging:0]]
[2025.02.03-07.41.16:609][  0]LogConfig: Setting CVar [[r.Mobile.DisableVertexFog:1]]
[2025.02.03-07.41.16:609][  0]LogConfig: Setting CVar [[r.Shadow.CSM.MaxMobileCascades:2]]
[2025.02.03-07.41.16:609][  0]LogConfig: Setting CVar [[r.MobileMSAA:1]]
[2025.02.03-07.41.16:609][  0]LogConfig: Setting CVar [[r.Mobile.UseLegacyShadingModel:0]]
[2025.02.03-07.41.16:609][  0]LogConfig: Setting CVar [[r.Mobile.AllowDitheredLODTransition:0]]
[2025.02.03-07.41.16:609][  0]LogConfig: Setting CVar [[r.Mobile.AllowSoftwareOcclusion:0]]
[2025.02.03-07.41.16:609][  0]LogConfig: Setting CVar [[r.Mobile.VirtualTextures:0]]
[2025.02.03-07.41.16:609][  0]LogConfig: Setting CVar [[r.DiscardUnusedQuality:0]]
[2025.02.03-07.41.16:609][  0]LogConfig: Setting CVar [[r.AllowOcclusionQueries:1]]
[2025.02.03-07.41.16:609][  0]LogConfig: Setting CVar [[r.MinScreenRadiusForLights:0.030000]]
[2025.02.03-07.41.16:609][  0]LogConfig: Setting CVar [[r.MinScreenRadiusForDepthPrepass:0.030000]]
[2025.02.03-07.41.16:609][  0]LogConfig: Setting CVar [[r.MinScreenRadiusForCSMDepth:0.010000]]
[2025.02.03-07.41.16:609][  0]LogConfig: Setting CVar [[r.PrecomputedVisibilityWarning:0]]
[2025.02.03-07.41.16:609][  0]LogConfig: Setting CVar [[r.TextureStreaming:1]]
[2025.02.03-07.41.16:609][  0]LogConfig: Setting CVar [[Compat.UseDXT5NormalMaps:0]]
[2025.02.03-07.41.16:609][  0]LogConfig: Setting CVar [[r.VirtualTextures:0]]
[2025.02.03-07.41.16:609][  0]LogConfig: Setting CVar [[r.VirtualTexturedLightmaps:0]]
[2025.02.03-07.41.16:609][  0]LogConfig: Setting CVar [[r.VT.TileSize:128]]
[2025.02.03-07.41.16:609][  0]LogConfig: Setting CVar [[r.VT.TileBorderSize:4]]
[2025.02.03-07.41.16:609][  0]LogConfig: Setting CVar [[r.vt.FeedbackFactor:16]]
[2025.02.03-07.41.16:609][  0]LogConfig: Setting CVar [[r.VT.EnableCompressZlib:1]]
[2025.02.03-07.41.16:609][  0]LogConfig: Setting CVar [[r.VT.EnableCompressCrunch:0]]
[2025.02.03-07.41.16:609][  0]LogConfig: Setting CVar [[r.ClearCoatNormal:0]]
[2025.02.03-07.41.16:609][  0]LogConfig: Setting CVar [[r.AnisotropicBRDF:0]]
[2025.02.03-07.41.16:609][  0]LogConfig: Setting CVar [[r.ReflectionCaptureResolution:128]]
[2025.02.03-07.41.16:609][  0]LogConfig: Setting CVar [[r.ReflectionEnvironmentLightmapMixBasedOnRoughness:1]]
[2025.02.03-07.41.16:609][  0]LogConfig: Setting CVar [[r.ForwardShading:0]]
[2025.02.03-07.41.16:609][  0]LogConfig: Setting CVar [[r.VertexFoggingForOpaque:1]]
[2025.02.03-07.41.16:609][  0]LogConfig: Setting CVar [[r.AllowStaticLighting:1]]
[2025.02.03-07.41.16:609][  0]LogConfig: Setting CVar [[r.NormalMapsForStaticLighting:0]]
[2025.02.03-07.41.16:609][  0]LogConfig: Setting CVar [[r.GenerateMeshDistanceFields:0]]
[2025.02.03-07.41.16:609][  0]LogConfig: Setting CVar [[r.DistanceFieldBuild.EightBit:0]]
[2025.02.03-07.41.16:609][  0]LogConfig: Setting CVar [[r.GenerateLandscapeGIData:0]]
[2025.02.03-07.41.16:609][  0]LogConfig: Setting CVar [[r.DistanceFieldBuild.Compress:0]]
[2025.02.03-07.41.16:609][  0]LogConfig: Setting CVar [[r.TessellationAdaptivePixelsPerTriangle:48.000000]]
[2025.02.03-07.41.16:609][  0]LogConfig: Setting CVar [[r.SeparateTranslucency:0]]
[2025.02.03-07.41.16:609][  0]LogConfig: Setting CVar [[r.TranslucentSortPolicy:0]]
[2025.02.03-07.41.16:609][  0]LogConfig: Setting CVar [[r.CustomDepth:1]]
[2025.02.03-07.41.16:609][  0]LogConfig: Setting CVar [[r.CustomDepthTemporalAAJitter:1]]
[2025.02.03-07.41.16:609][  0]LogConfig: Setting CVar [[r.PostProcessing.PropagateAlpha:0]]
[2025.02.03-07.41.16:609][  0]LogConfig: Setting CVar [[r.DefaultFeature.Bloom:0]]
[2025.02.03-07.41.16:609][  0]LogConfig: Setting CVar [[r.DefaultFeature.AmbientOcclusion:0]]
[2025.02.03-07.41.16:609][  0]LogConfig: Setting CVar [[r.DefaultFeature.AmbientOcclusionStaticFraction:1]]
[2025.02.03-07.41.16:609][  0]LogConfig: Setting CVar [[r.DefaultFeature.AutoExposure:0]]
[2025.02.03-07.41.16:609][  0]LogConfig: Setting CVar [[r.DefaultFeature.AutoExposure.Method:0]]
[2025.02.03-07.41.16:609][  0]LogConfig: Setting CVar [[r.DefaultFeature.AutoExposure.Bias:1.000000]]
[2025.02.03-07.41.16:609][  0]LogConfig: Setting CVar [[r.DefaultFeature.AutoExposure.ExtendDefaultLuminanceRange:0]]
[2025.02.03-07.41.16:609][  0]LogConfig: Setting CVar [[r.UsePreExposure:1]]
[2025.02.03-07.41.16:609][  0]LogConfig: Setting CVar [[r.EyeAdaptation.EditorOnly:0]]
[2025.02.03-07.41.16:609][  0]LogConfig: Setting CVar [[r.DefaultFeature.MotionBlur:0]]
[2025.02.03-07.41.16:609][  0]LogConfig: Setting CVar [[r.DefaultFeature.LensFlare:0]]
[2025.02.03-07.41.16:609][  0]LogConfig: Setting CVar [[r.TemporalAA.Upsampling:0]]
[2025.02.03-07.41.16:609][  0]LogConfig: Setting CVar [[r.SSGI.Enable:0]]
[2025.02.03-07.41.16:609][  0]LogConfig: Setting CVar [[r.DefaultFeature.AntiAliasing:0]]
[2025.02.03-07.41.16:609][  0]LogConfig: Setting CVar [[r.DefaultFeature.LightUnits:1]]
[2025.02.03-07.41.16:609][  0]LogConfig: Setting CVar [[r.DefaultBackBufferPixelFormat:4]]
[2025.02.03-07.41.16:609][  0]LogConfig: Setting CVar [[r.Shadow.UnbuiltPreviewInGame:1]]
[2025.02.03-07.41.16:609][  0]LogConfig: Setting CVar [[r.StencilForLODDither:0]]
[2025.02.03-07.41.16:609][  0]LogConfig: Setting CVar [[r.EarlyZPass:3]]
[2025.02.03-07.41.16:611][  0]LogConfig: Setting CVar [[r.EarlyZPassOnlyMaterialMasking:0]]
[2025.02.03-07.41.16:612][  0]LogConfig: Setting CVar [[r.DBuffer:1]]
[2025.02.03-07.41.16:612][  0]LogConfig: Setting CVar [[r.ClearSceneMethod:1]]
[2025.02.03-07.41.16:612][  0]LogConfig: Setting CVar [[r.BasePassOutputsVelocity:0]]
[2025.02.03-07.41.16:612][  0]LogConfig: Setting CVar [[r.VertexDeformationOutputsVelocity:0]]
[2025.02.03-07.41.16:612][  0]LogConfig: Setting CVar [[r.SelectiveBasePassOutputs:0]]
[2025.02.03-07.41.16:612][  0]LogConfig: Setting CVar [[fx.GPUSimulationTextureSizeX:1024]]
[2025.02.03-07.41.16:612][  0]LogConfig: Setting CVar [[fx.GPUSimulationTextureSizeY:1024]]
[2025.02.03-07.41.16:612][  0]LogConfig: Setting CVar [[r.AllowGlobalClipPlane:0]]
[2025.02.03-07.41.16:612][  0]LogConfig: Setting CVar [[r.GBufferFormat:1]]
[2025.02.03-07.41.16:612][  0]LogConfig: Setting CVar [[r.MorphTarget.Mode:1]]
[2025.02.03-07.41.16:612][  0]LogConfig: Setting CVar [[vr.InstancedStereo:0]]
[2025.02.03-07.41.16:612][  0]LogConfig: Setting CVar [[r.MobileHDR:1]]
[2025.02.03-07.41.16:612][  0]LogConfig: Setting CVar [[vr.MobileMultiView:0]]
[2025.02.03-07.41.16:612][  0]LogConfig: Setting CVar [[r.Mobile.UseHWsRGBEncoding:0]]
[2025.02.03-07.41.16:612][  0]LogConfig: Setting CVar [[vr.RoundRobinOcclusion:0]]
[2025.02.03-07.41.16:612][  0]LogConfig: Setting CVar [[vr.ODSCapture:0]]
[2025.02.03-07.41.16:612][  0]LogConfig: Setting CVar [[r.MeshStreaming:0]]
[2025.02.03-07.41.16:612][  0]LogConfig: Setting CVar [[r.WireframeCullThreshold:5.000000]]
[2025.02.03-07.41.16:612][  0]LogConfig: Setting CVar [[r.RayTracing:0]]
[2025.02.03-07.41.16:612][  0]LogConfig: Setting CVar [[r.RayTracing.UseTextureLod:0]]
[2025.02.03-07.41.16:612][  0]LogConfig: Setting CVar [[r.SupportStationarySkylight:1]]
[2025.02.03-07.41.16:612][  0]LogConfig: Setting CVar [[r.SupportLowQualityLightmaps:1]]
[2025.02.03-07.41.16:612][  0]LogConfig: Setting CVar [[r.SupportPointLightWholeSceneShadows:1]]
[2025.02.03-07.41.16:612][  0]LogConfig: Setting CVar [[r.SupportAtmosphericFog:1]]
[2025.02.03-07.41.16:612][  0]LogConfig: Setting CVar [[r.SupportSkyAtmosphere:1]]
[2025.02.03-07.41.16:612][  0]LogConfig: Setting CVar [[r.SupportSkyAtmosphereAffectsHeightFog:0]]
[2025.02.03-07.41.16:612][  0]LogConfig: Setting CVar [[r.SkinCache.CompileShaders:0]]
[2025.02.03-07.41.16:612][  0]LogConfig: Setting CVar [[r.SkinCache.DefaultBehavior:1]]
[2025.02.03-07.41.16:612][  0]LogConfig: Setting CVar [[r.SkinCache.SceneMemoryLimitInMB:128.000000]]
[2025.02.03-07.41.16:612][  0]LogConfig: Setting CVar [[r.Mobile.EnableStaticAndCSMShadowReceivers:1]]
[2025.02.03-07.41.16:612][  0]LogConfig: Setting CVar [[r.Mobile.EnableMovableLightCSMShaderCulling:1]]
[2025.02.03-07.41.16:612][  0]LogConfig: Setting CVar [[r.Mobile.AllowDistanceFieldShadows:1]]
[2025.02.03-07.41.16:612][  0]LogConfig: Setting CVar [[r.Mobile.AllowMovableDirectionalLights:1]]
[2025.02.03-07.41.16:612][  0]LogConfig: Setting CVar [[r.MobileNumDynamicPointLights:4]]
[2025.02.03-07.41.16:612][  0]LogConfig: Setting CVar [[r.MobileDynamicPointLightsUseStaticBranch:1]]
[2025.02.03-07.41.16:612][  0]LogConfig: Setting CVar [[r.Mobile.EnableMovableSpotlights:0]]
[2025.02.03-07.41.16:612][  0]LogConfig: Setting CVar [[r.GPUSkin.Support16BitBoneIndex:0]]
[2025.02.03-07.41.16:612][  0]LogConfig: Setting CVar [[r.GPUSkin.Limit2BoneInfluences:0]]
[2025.02.03-07.41.16:612][  0]LogConfig: Setting CVar [[r.SupportDepthOnlyIndexBuffers:1]]
[2025.02.03-07.41.16:612][  0]LogConfig: Setting CVar [[r.SupportReversedIndexBuffers:1]]
[2025.02.03-07.41.16:612][  0]LogConfig: Setting CVar [[r.SupportMaterialLayers:0]]
[2025.02.03-07.41.16:612][  0]LogConfig: Setting CVar [[r.LightPropagationVolume:0]]
[2025.02.03-07.41.16:612][  0]LogConfig: Applying CVar settings from Section [/Script/Engine.RendererOverrideSettings] File [C:/Users/yukin/OneDrive/Documents/Unreal Projects/CIJ_RisqueAuditifUE-ryan-mj2/CIJ_RisqueAuditifUE-ryan-mj2/Saved/Config/Windows/Engine.ini]
[2025.02.03-07.41.16:612][  0]LogConfig: Applying CVar settings from Section [/Script/Engine.StreamingSettings] File [C:/Users/yukin/OneDrive/Documents/Unreal Projects/CIJ_RisqueAuditifUE-ryan-mj2/CIJ_RisqueAuditifUE-ryan-mj2/Saved/Config/Windows/Engine.ini]
[2025.02.03-07.41.16:612][  0]LogConfig: Setting CVar [[s.MinBulkDataSizeForAsyncLoading:131072]]
[2025.02.03-07.41.16:612][  0]LogConfig: Setting CVar [[s.AsyncLoadingThreadEnabled:0]]
[2025.02.03-07.41.16:613][  0]LogConfig: Setting CVar [[s.EventDrivenLoaderEnabled:1]]
[2025.02.03-07.41.16:613][  0]LogConfig: Setting CVar [[s.WarnIfTimeLimitExceeded:0]]
[2025.02.03-07.41.16:613][  0]LogConfig: Setting CVar [[s.TimeLimitExceededMultiplier:1.5]]
[2025.02.03-07.41.16:613][  0]LogConfig: Setting CVar [[s.TimeLimitExceededMinTime:0.005]]
[2025.02.03-07.41.16:613][  0]LogConfig: Setting CVar [[s.UseBackgroundLevelStreaming:1]]
[2025.02.03-07.41.16:613][  0]LogConfig: Setting CVar [[s.PriorityAsyncLoadingExtraTime:15.0]]
[2025.02.03-07.41.16:613][  0]LogConfig: Setting CVar [[s.LevelStreamingActorsUpdateTimeLimit:5.0]]
[2025.02.03-07.41.16:613][  0]LogConfig: Setting CVar [[s.PriorityLevelStreamingActorsUpdateExtraTime:5.0]]
[2025.02.03-07.41.16:613][  0]LogConfig: Setting CVar [[s.LevelStreamingComponentsRegistrationGranularity:10]]
[2025.02.03-07.41.16:613][  0]LogConfig: Setting CVar [[s.UnregisterComponentsTimeLimit:1.0]]
[2025.02.03-07.41.16:613][  0]LogConfig: Setting CVar [[s.LevelStreamingComponentsUnregistrationGranularity:5]]
[2025.02.03-07.41.16:613][  0]LogConfig: Setting CVar [[s.FlushStreamingOnExit:1]]
[2025.02.03-07.41.16:613][  0]LogConfig: Applying CVar settings from Section [/Script/Engine.GarbageCollectionSettings] File [C:/Users/yukin/OneDrive/Documents/Unreal Projects/CIJ_RisqueAuditifUE-ryan-mj2/CIJ_RisqueAuditifUE-ryan-mj2/Saved/Config/Windows/Engine.ini]
[2025.02.03-07.41.16:613][  0]LogConfig: Setting CVar [[gc.MaxObjectsNotConsideredByGC:1]]
[2025.02.03-07.41.16:613][  0]LogConfig: Setting CVar [[gc.SizeOfPermanentObjectPool:0]]
[2025.02.03-07.41.16:613][  0]LogConfig: Setting CVar [[gc.FlushStreamingOnGC:0]]
[2025.02.03-07.41.16:613][  0]LogConfig: Setting CVar [[gc.NumRetriesBeforeForcingGC:10]]
[2025.02.03-07.41.16:613][  0]LogConfig: Setting CVar [[gc.AllowParallelGC:1]]
[2025.02.03-07.41.16:613][  0]LogConfig: Setting CVar [[gc.TimeBetweenPurgingPendingKillObjects:61.1]]
[2025.02.03-07.41.16:613][  0]LogConfig: Setting CVar [[gc.MaxObjectsInEditor:25165824]]
[2025.02.03-07.41.16:613][  0]LogConfig: Setting CVar [[gc.IncrementalBeginDestroyEnabled:1]]
[2025.02.03-07.41.16:613][  0]LogConfig: Setting CVar [[gc.CreateGCClusters:1]]
[2025.02.03-07.41.16:613][  0]LogConfig: Setting CVar [[gc.MinGCClusterSize:5]]
[2025.02.03-07.41.16:613][  0]LogConfig: Setting CVar [[gc.ActorClusteringEnabled:0]]
[2025.02.03-07.41.16:613][  0]LogConfig: Setting CVar [[gc.BlueprintClusteringEnabled:0]]
[2025.02.03-07.41.16:613][  0]LogConfig: Setting CVar [[gc.UseDisregardForGCOnDedicatedServers:0]]
[2025.02.03-07.41.16:613][  0]LogConfig: Applying CVar settings from Section [/Script/Engine.NetworkSettings] File [C:/Users/yukin/OneDrive/Documents/Unreal Projects/CIJ_RisqueAuditifUE-ryan-mj2/CIJ_RisqueAuditifUE-ryan-mj2/Saved/Config/Windows/Engine.ini]
[2025.02.03-07.41.16:613][  0]LogConfig: Applying CVar settings from Section [/Script/UnrealEd.CookerSettings] File [C:/Users/yukin/OneDrive/Documents/Unreal Projects/CIJ_RisqueAuditifUE-ryan-mj2/CIJ_RisqueAuditifUE-ryan-mj2/Saved/Config/Windows/Engine.ini]
[2025.02.03-07.41.16:620][  0]LogConfig: Applying CVar settings from Section [ViewDistanceQuality@3] File [C:/Users/yukin/OneDrive/Documents/Unreal Projects/CIJ_RisqueAuditifUE-ryan-mj2/CIJ_RisqueAuditifUE-ryan-mj2/Saved/Config/Windows/Scalability.ini]
[2025.02.03-07.41.16:620][  0]LogConfig: Setting CVar [[r.SkeletalMeshLODBias:0]]
[2025.02.03-07.41.16:620][  0]LogConfig: Setting CVar [[r.ViewDistanceScale:1.0]]
[2025.02.03-07.41.16:620][  0]LogConfig: Applying CVar settings from Section [AntiAliasingQuality@3] File [C:/Users/yukin/OneDrive/Documents/Unreal Projects/CIJ_RisqueAuditifUE-ryan-mj2/CIJ_RisqueAuditifUE-ryan-mj2/Saved/Config/Windows/Scalability.ini]
[2025.02.03-07.41.16:620][  0]LogConfig: Setting CVar [[r.PostProcessAAQuality:4]]
[2025.02.03-07.41.16:620][  0]LogConfig: Applying CVar settings from Section [ShadowQuality@3] File [C:/Users/yukin/OneDrive/Documents/Unreal Projects/CIJ_RisqueAuditifUE-ryan-mj2/CIJ_RisqueAuditifUE-ryan-mj2/Saved/Config/Windows/Scalability.ini]
[2025.02.03-07.41.16:620][  0]LogConfig: Setting CVar [[r.LightFunctionQuality:1]]
[2025.02.03-07.41.16:620][  0]LogConfig: Setting CVar [[r.ShadowQuality:5]]
[2025.02.03-07.41.16:620][  0]LogConfig: Setting CVar [[r.Shadow.CSM.MaxCascades:10]]
[2025.02.03-07.41.16:620][  0]LogConfig: Setting CVar [[r.Shadow.MaxResolution:2048]]
[2025.02.03-07.41.16:620][  0]LogConfig: Setting CVar [[r.Shadow.MaxCSMResolution:2048]]
[2025.02.03-07.41.16:620][  0]LogConfig: Setting CVar [[r.Shadow.RadiusThreshold:0.01]]
[2025.02.03-07.41.16:620][  0]LogConfig: Setting CVar [[r.Shadow.DistanceScale:1.0]]
[2025.02.03-07.41.16:620][  0]LogConfig: Setting CVar [[r.Shadow.CSM.TransitionScale:1.0]]
[2025.02.03-07.41.16:620][  0]LogConfig: Setting CVar [[r.Shadow.PreShadowResolutionFactor:1.0]]
[2025.02.03-07.41.16:620][  0]LogConfig: Setting CVar [[r.DistanceFieldShadowing:1]]
[2025.02.03-07.41.16:620][  0]LogConfig: Setting CVar [[r.DistanceFieldAO:1]]
[2025.02.03-07.41.16:620][  0]LogConfig: Setting CVar [[r.AOQuality:2]]
[2025.02.03-07.41.16:620][  0]LogConfig: Setting CVar [[r.VolumetricFog:1]]
[2025.02.03-07.41.16:620][  0]LogConfig: Setting CVar [[r.VolumetricFog.GridPixelSize:8]]
[2025.02.03-07.41.16:620][  0]LogConfig: Setting CVar [[r.VolumetricFog.GridSizeZ:128]]
[2025.02.03-07.41.16:620][  0]LogConfig: Setting CVar [[r.VolumetricFog.HistoryMissSupersampleCount:4]]
[2025.02.03-07.41.16:620][  0]LogConfig: Setting CVar [[r.LightMaxDrawDistanceScale:1]]
[2025.02.03-07.41.16:620][  0]LogConfig: Setting CVar [[r.CapsuleShadows:1]]
[2025.02.03-07.41.16:620][  0]LogConfig: Applying CVar settings from Section [PostProcessQuality@3] File [C:/Users/yukin/OneDrive/Documents/Unreal Projects/CIJ_RisqueAuditifUE-ryan-mj2/CIJ_RisqueAuditifUE-ryan-mj2/Saved/Config/Windows/Scalability.ini]
[2025.02.03-07.41.16:620][  0]LogConfig: Setting CVar [[r.MotionBlurQuality:4]]
[2025.02.03-07.41.16:620][  0]LogConfig: Setting CVar [[r.AmbientOcclusionMipLevelFactor:0.4]]
[2025.02.03-07.41.16:620][  0]LogConfig: Setting CVar [[r.AmbientOcclusionMaxQuality:100]]
[2025.02.03-07.41.16:620][  0]LogConfig: Setting CVar [[r.AmbientOcclusionLevels:-1]]
[2025.02.03-07.41.16:620][  0]LogConfig: Setting CVar [[r.AmbientOcclusionRadiusScale:1.0]]
[2025.02.03-07.41.16:620][  0]LogConfig: Setting CVar [[r.DepthOfFieldQuality:2]]
[2025.02.03-07.41.16:620][  0]LogConfig: Setting CVar [[r.RenderTargetPoolMin:400]]
[2025.02.03-07.41.16:620][  0]LogConfig: Setting CVar [[r.LensFlareQuality:2]]
[2025.02.03-07.41.16:620][  0]LogConfig: Setting CVar [[r.SceneColorFringeQuality:1]]
[2025.02.03-07.41.16:620][  0]LogConfig: Setting CVar [[r.EyeAdaptationQuality:2]]
[2025.02.03-07.41.16:620][  0]LogConfig: Setting CVar [[r.BloomQuality:5]]
[2025.02.03-07.41.16:620][  0]LogConfig: Setting CVar [[r.FastBlurThreshold:100]]
[2025.02.03-07.41.16:620][  0]LogConfig: Setting CVar [[r.Upscale.Quality:3]]
[2025.02.03-07.41.16:620][  0]LogConfig: Setting CVar [[r.Tonemapper.GrainQuantization:1]]
[2025.02.03-07.41.16:620][  0]LogConfig: Setting CVar [[r.LightShaftQuality:1]]
[2025.02.03-07.41.16:620][  0]LogConfig: Setting CVar [[r.Filter.SizeScale:1]]
[2025.02.03-07.41.16:620][  0]LogConfig: Setting CVar [[r.Tonemapper.Quality:5]]
[2025.02.03-07.41.16:620][  0]LogConfig: Setting CVar [[r.DOF.Gather.AccumulatorQuality:1        ; higher gathering accumulator quality]]
[2025.02.03-07.41.16:620][  0]LogConfig: Setting CVar [[r.DOF.Gather.PostfilterMethod:1          ; Median3x3 postfilering method]]
[2025.02.03-07.41.16:620][  0]LogConfig: Setting CVar [[r.DOF.Gather.EnableBokehSettings:0       ; no bokeh simulation when gathering]]
[2025.02.03-07.41.16:620][  0]LogConfig: Setting CVar [[r.DOF.Gather.RingCount:4                 ; medium number of samples when gathering]]
[2025.02.03-07.41.16:620][  0]LogConfig: Setting CVar [[r.DOF.Scatter.ForegroundCompositing:1    ; additive foreground scattering]]
[2025.02.03-07.41.16:620][  0]LogConfig: Setting CVar [[r.DOF.Scatter.BackgroundCompositing:2    ; additive background scattering]]
[2025.02.03-07.41.16:620][  0]LogConfig: Setting CVar [[r.DOF.Scatter.EnableBokehSettings:1      ; bokeh simulation when scattering]]
[2025.02.03-07.41.16:620][  0]LogConfig: Setting CVar [[r.DOF.Scatter.MaxSpriteRatio:0.1         ; only a maximum of 10% of scattered bokeh]]
[2025.02.03-07.41.16:620][  0]LogConfig: Setting CVar [[r.DOF.Recombine.Quality:1                ; cheap slight out of focus]]
[2025.02.03-07.41.16:620][  0]LogConfig: Setting CVar [[r.DOF.Recombine.EnableBokehSettings:0    ; no bokeh simulation on slight out of focus]]
[2025.02.03-07.41.16:620][  0]LogConfig: Setting CVar [[r.DOF.TemporalAAQuality:1                ; more stable temporal accumulation]]
[2025.02.03-07.41.16:620][  0]LogConfig: Setting CVar [[r.DOF.Kernel.MaxForegroundRadius:0.025]]
[2025.02.03-07.41.16:620][  0]LogConfig: Setting CVar [[r.DOF.Kernel.MaxBackgroundRadius:0.025]]
[2025.02.03-07.41.16:620][  0]LogConfig: Applying CVar settings from Section [TextureQuality@3] File [C:/Users/yukin/OneDrive/Documents/Unreal Projects/CIJ_RisqueAuditifUE-ryan-mj2/CIJ_RisqueAuditifUE-ryan-mj2/Saved/Config/Windows/Scalability.ini]
[2025.02.03-07.41.16:620][  0]LogConfig: Setting CVar [[r.Streaming.MipBias:0]]
[2025.02.03-07.41.16:620][  0]LogConfig: Setting CVar [[r.Streaming.AmortizeCPUToGPUCopy:0]]
[2025.02.03-07.41.16:620][  0]LogConfig: Setting CVar [[r.Streaming.MaxNumTexturesToStreamPerFrame:0]]
[2025.02.03-07.41.16:620][  0]LogConfig: Setting CVar [[r.Streaming.Boost:1]]
[2025.02.03-07.41.16:620][  0]LogConfig: Setting CVar [[r.MaxAnisotropy:8]]
[2025.02.03-07.41.16:620][  0]LogConfig: Setting CVar [[r.VT.MaxAnisotropy:8]]
[2025.02.03-07.41.16:620][  0]LogConfig: Setting CVar [[r.Streaming.LimitPoolSizeToVRAM:0]]
[2025.02.03-07.41.16:620][  0]LogConfig: Setting CVar [[r.Streaming.PoolSize:1000]]
[2025.02.03-07.41.16:620][  0]LogConfig: Setting CVar [[r.Streaming.MaxEffectiveScreenSize:0]]
[2025.02.03-07.41.16:621][  0]LogConfig: Applying CVar settings from Section [EffectsQuality@3] File [C:/Users/yukin/OneDrive/Documents/Unreal Projects/CIJ_RisqueAuditifUE-ryan-mj2/CIJ_RisqueAuditifUE-ryan-mj2/Saved/Config/Windows/Scalability.ini]
[2025.02.03-07.41.16:621][  0]LogConfig: Setting CVar [[r.TranslucencyLightingVolumeDim:64]]
[2025.02.03-07.41.16:621][  0]LogConfig: Setting CVar [[r.RefractionQuality:2]]
[2025.02.03-07.41.16:621][  0]LogConfig: Setting CVar [[r.SSR.Quality:3]]
[2025.02.03-07.41.16:621][  0]LogConfig: Setting CVar [[r.SSR.HalfResSceneColor:0]]
[2025.02.03-07.41.16:621][  0]LogConfig: Setting CVar [[r.SceneColorFormat:4]]
[2025.02.03-07.41.16:621][  0]LogConfig: Setting CVar [[r.DetailMode:2]]
[2025.02.03-07.41.16:621][  0]LogConfig: Setting CVar [[r.TranslucencyVolumeBlur:1]]
[2025.02.03-07.41.16:621][  0]LogConfig: Setting CVar [[r.MaterialQualityLevel:1 ; High quality]]
[2025.02.03-07.41.16:621][  0]LogConfig: Setting CVar [[r.SSS.Scale:1]]
[2025.02.03-07.41.16:621][  0]LogConfig: Setting CVar [[r.SSS.SampleSet:2]]
[2025.02.03-07.41.16:621][  0]LogConfig: Setting CVar [[r.SSS.Quality:1]]
[2025.02.03-07.41.16:621][  0]LogConfig: Setting CVar [[r.SSS.HalfRes:0]]
[2025.02.03-07.41.16:621][  0]LogConfig: Setting CVar [[r.SSGI.Quality:3]]
[2025.02.03-07.41.16:621][  0]LogConfig: Setting CVar [[r.EmitterSpawnRateScale:1.0]]
[2025.02.03-07.41.16:621][  0]LogConfig: Setting CVar [[r.ParticleLightQuality:2]]
[2025.02.03-07.41.16:621][  0]LogConfig: Setting CVar [[r.SkyAtmosphere.AerialPerspectiveLUT.FastApplyOnOpaque:1 ; Always have FastSkyLUT 1 in this case to avoid wrong sky]]
[2025.02.03-07.41.16:621][  0]LogConfig: Setting CVar [[r.SkyAtmosphere.AerialPerspectiveLUT.SampleCountPerSlice:1]]
[2025.02.03-07.41.16:621][  0]LogConfig: Setting CVar [[r.SkyAtmosphere.AerialPerspectiveLUT.DepthResolution:16.0]]
[2025.02.03-07.41.16:621][  0]LogConfig: Setting CVar [[r.SkyAtmosphere.FastSkyLUT:1]]
[2025.02.03-07.41.16:621][  0]LogConfig: Setting CVar [[r.SkyAtmosphere.FastSkyLUT.SampleCountMin:4.0]]
[2025.02.03-07.41.16:621][  0]LogConfig: Setting CVar [[r.SkyAtmosphere.FastSkyLUT.SampleCountMax:32.0]]
[2025.02.03-07.41.16:621][  0]LogConfig: Setting CVar [[r.SkyAtmosphere.SampleCountMin:4.0]]
[2025.02.03-07.41.16:621][  0]LogConfig: Setting CVar [[r.SkyAtmosphere.SampleCountMax:32.0]]
[2025.02.03-07.41.16:621][  0]LogConfig: Setting CVar [[r.SkyAtmosphere.TransmittanceLUT.UseSmallFormat:0]]
[2025.02.03-07.41.16:621][  0]LogConfig: Setting CVar [[r.SkyAtmosphere.TransmittanceLUT.SampleCount:10.0]]
[2025.02.03-07.41.16:621][  0]LogConfig: Setting CVar [[r.SkyAtmosphere.MultiScatteringLUT.SampleCount:15.0]]
[2025.02.03-07.41.16:621][  0]LogConfig: Applying CVar settings from Section [FoliageQuality@3] File [C:/Users/yukin/OneDrive/Documents/Unreal Projects/CIJ_RisqueAuditifUE-ryan-mj2/CIJ_RisqueAuditifUE-ryan-mj2/Saved/Config/Windows/Scalability.ini]
[2025.02.03-07.41.16:621][  0]LogConfig: Setting CVar [[foliage.DensityScale:1.0]]
[2025.02.03-07.41.16:621][  0]LogConfig: Setting CVar [[grass.DensityScale:1.0]]
[2025.02.03-07.41.16:621][  0]LogConfig: Applying CVar settings from Section [ShadingQuality@3] File [C:/Users/yukin/OneDrive/Documents/Unreal Projects/CIJ_RisqueAuditifUE-ryan-mj2/CIJ_RisqueAuditifUE-ryan-mj2/Saved/Config/Windows/Scalability.ini]
[2025.02.03-07.41.16:621][  0]LogConfig: Setting CVar [[r.HairStrands.SkyLighting.SampleCount:16]]
[2025.02.03-07.41.16:621][  0]LogConfig: Setting CVar [[r.HairStrands.SkyLighting.JitterIntegration:0]]
[2025.02.03-07.41.16:621][  0]LogConfig: Setting CVar [[r.HairStrands.SkyAO.SampleCount:16]]
[2025.02.03-07.41.16:621][  0]LogConfig: Setting CVar [[r.HairStrands.DeepShadow.SuperSampling:0]]
[2025.02.03-07.41.16:621][  0]LogConfig: Setting CVar [[r.HairStrands.VisibilityPPLL:0]]
[2025.02.03-07.41.16:621][  0]LogConfig: Setting CVar [[r.HairStrands.RasterizationScale:0.5]]
[2025.02.03-07.41.16:621][  0]LogConfig: Setting CVar [[r.HairStrands.VelocityRasterizationScale:1]]
[2025.02.03-07.41.16:622][  0]LogInit: Selected Device Profile: [Windows]
[2025.02.03-07.41.16:622][  0]LogInit: Applying CVar settings loaded from the selected device profile: [Windows]
[2025.02.03-07.41.16:623][  0]LogHAL: Display: Platform has ~ 16 GB [16831897600 / 17179869184 / 16], which maps to Larger [LargestMinGB=32, LargerMinGB=12, DefaultMinGB=8, SmallerMinGB=6, SmallestMinGB=0)
[2025.02.03-07.41.16:623][  0]LogInit: Going up to parent DeviceProfile []
[2025.02.03-07.41.16:623][  0]LogConfig: Applying CVar settings from Section [ViewDistanceQuality@3] File [C:/Users/yukin/OneDrive/Documents/Unreal Projects/CIJ_RisqueAuditifUE-ryan-mj2/CIJ_RisqueAuditifUE-ryan-mj2/Saved/Config/Windows/Scalability.ini]
[2025.02.03-07.41.16:623][  0]LogConfig: Setting CVar [[r.SkeletalMeshLODBias:0]]
[2025.02.03-07.41.16:623][  0]LogConfig: Setting CVar [[r.ViewDistanceScale:1.0]]
[2025.02.03-07.41.16:623][  0]LogConfig: Applying CVar settings from Section [AntiAliasingQuality@3] File [C:/Users/yukin/OneDrive/Documents/Unreal Projects/CIJ_RisqueAuditifUE-ryan-mj2/CIJ_RisqueAuditifUE-ryan-mj2/Saved/Config/Windows/Scalability.ini]
[2025.02.03-07.41.16:623][  0]LogConfig: Setting CVar [[r.PostProcessAAQuality:4]]
[2025.02.03-07.41.16:623][  0]LogConfig: Applying CVar settings from Section [ShadowQuality@3] File [C:/Users/yukin/OneDrive/Documents/Unreal Projects/CIJ_RisqueAuditifUE-ryan-mj2/CIJ_RisqueAuditifUE-ryan-mj2/Saved/Config/Windows/Scalability.ini]
[2025.02.03-07.41.16:624][  0]LogConfig: Setting CVar [[r.LightFunctionQuality:1]]
[2025.02.03-07.41.16:624][  0]LogConfig: Setting CVar [[r.ShadowQuality:5]]
[2025.02.03-07.41.16:624][  0]LogConfig: Setting CVar [[r.Shadow.CSM.MaxCascades:10]]
[2025.02.03-07.41.16:624][  0]LogConfig: Setting CVar [[r.Shadow.MaxResolution:2048]]
[2025.02.03-07.41.16:624][  0]LogConfig: Setting CVar [[r.Shadow.MaxCSMResolution:2048]]
[2025.02.03-07.41.16:624][  0]LogConfig: Setting CVar [[r.Shadow.RadiusThreshold:0.01]]
[2025.02.03-07.41.16:624][  0]LogConfig: Setting CVar [[r.Shadow.DistanceScale:1.0]]
[2025.02.03-07.41.16:624][  0]LogConfig: Setting CVar [[r.Shadow.CSM.TransitionScale:1.0]]
[2025.02.03-07.41.16:624][  0]LogConfig: Setting CVar [[r.Shadow.PreShadowResolutionFactor:1.0]]
[2025.02.03-07.41.16:624][  0]LogConfig: Setting CVar [[r.DistanceFieldShadowing:1]]
[2025.02.03-07.41.16:624][  0]LogConfig: Setting CVar [[r.DistanceFieldAO:1]]
[2025.02.03-07.41.16:624][  0]LogConfig: Setting CVar [[r.AOQuality:2]]
[2025.02.03-07.41.16:624][  0]LogConfig: Setting CVar [[r.VolumetricFog:1]]
[2025.02.03-07.41.16:624][  0]LogConfig: Setting CVar [[r.VolumetricFog.GridPixelSize:8]]
[2025.02.03-07.41.16:624][  0]LogConfig: Setting CVar [[r.VolumetricFog.GridSizeZ:128]]
[2025.02.03-07.41.16:624][  0]LogConfig: Setting CVar [[r.VolumetricFog.HistoryMissSupersampleCount:4]]
[2025.02.03-07.41.16:624][  0]LogConfig: Setting CVar [[r.LightMaxDrawDistanceScale:1]]
[2025.02.03-07.41.16:624][  0]LogConfig: Setting CVar [[r.CapsuleShadows:1]]
[2025.02.03-07.41.16:624][  0]LogConfig: Applying CVar settings from Section [PostProcessQuality@3] File [C:/Users/yukin/OneDrive/Documents/Unreal Projects/CIJ_RisqueAuditifUE-ryan-mj2/CIJ_RisqueAuditifUE-ryan-mj2/Saved/Config/Windows/Scalability.ini]
[2025.02.03-07.41.16:624][  0]LogConfig: Setting CVar [[r.MotionBlurQuality:4]]
[2025.02.03-07.41.16:624][  0]LogConfig: Setting CVar [[r.AmbientOcclusionMipLevelFactor:0.4]]
[2025.02.03-07.41.16:624][  0]LogConfig: Setting CVar [[r.AmbientOcclusionMaxQuality:100]]
[2025.02.03-07.41.16:624][  0]LogConfig: Setting CVar [[r.AmbientOcclusionLevels:-1]]
[2025.02.03-07.41.16:624][  0]LogConfig: Setting CVar [[r.AmbientOcclusionRadiusScale:1.0]]
[2025.02.03-07.41.16:624][  0]LogConfig: Setting CVar [[r.DepthOfFieldQuality:2]]
[2025.02.03-07.41.16:624][  0]LogConfig: Setting CVar [[r.RenderTargetPoolMin:400]]
[2025.02.03-07.41.16:624][  0]LogConfig: Setting CVar [[r.LensFlareQuality:2]]
[2025.02.03-07.41.16:624][  0]LogConfig: Setting CVar [[r.SceneColorFringeQuality:1]]
[2025.02.03-07.41.16:624][  0]LogConfig: Setting CVar [[r.EyeAdaptationQuality:2]]
[2025.02.03-07.41.16:624][  0]LogConfig: Setting CVar [[r.BloomQuality:5]]
[2025.02.03-07.41.16:624][  0]LogConfig: Setting CVar [[r.FastBlurThreshold:100]]
[2025.02.03-07.41.16:624][  0]LogConfig: Setting CVar [[r.Upscale.Quality:3]]
[2025.02.03-07.41.16:624][  0]LogConfig: Setting CVar [[r.Tonemapper.GrainQuantization:1]]
[2025.02.03-07.41.16:624][  0]LogConfig: Setting CVar [[r.LightShaftQuality:1]]
[2025.02.03-07.41.16:624][  0]LogConfig: Setting CVar [[r.Filter.SizeScale:1]]
[2025.02.03-07.41.16:624][  0]LogConfig: Setting CVar [[r.Tonemapper.Quality:5]]
[2025.02.03-07.41.16:624][  0]LogConfig: Setting CVar [[r.DOF.Gather.AccumulatorQuality:1        ; higher gathering accumulator quality]]
[2025.02.03-07.41.16:624][  0]LogConfig: Setting CVar [[r.DOF.Gather.PostfilterMethod:1          ; Median3x3 postfilering method]]
[2025.02.03-07.41.16:624][  0]LogConfig: Setting CVar [[r.DOF.Gather.EnableBokehSettings:0       ; no bokeh simulation when gathering]]
[2025.02.03-07.41.16:624][  0]LogConfig: Setting CVar [[r.DOF.Gather.RingCount:4                 ; medium number of samples when gathering]]
[2025.02.03-07.41.16:624][  0]LogConfig: Setting CVar [[r.DOF.Scatter.ForegroundCompositing:1    ; additive foreground scattering]]
[2025.02.03-07.41.16:624][  0]LogConfig: Setting CVar [[r.DOF.Scatter.BackgroundCompositing:2    ; additive background scattering]]
[2025.02.03-07.41.16:624][  0]LogConfig: Setting CVar [[r.DOF.Scatter.EnableBokehSettings:1      ; bokeh simulation when scattering]]
[2025.02.03-07.41.16:624][  0]LogConfig: Setting CVar [[r.DOF.Scatter.MaxSpriteRatio:0.1         ; only a maximum of 10% of scattered bokeh]]
[2025.02.03-07.41.16:624][  0]LogConfig: Setting CVar [[r.DOF.Recombine.Quality:1                ; cheap slight out of focus]]
[2025.02.03-07.41.16:624][  0]LogConfig: Setting CVar [[r.DOF.Recombine.EnableBokehSettings:0    ; no bokeh simulation on slight out of focus]]
[2025.02.03-07.41.16:624][  0]LogConfig: Setting CVar [[r.DOF.TemporalAAQuality:1                ; more stable temporal accumulation]]
[2025.02.03-07.41.16:624][  0]LogConfig: Setting CVar [[r.DOF.Kernel.MaxForegroundRadius:0.025]]
[2025.02.03-07.41.16:624][  0]LogConfig: Setting CVar [[r.DOF.Kernel.MaxBackgroundRadius:0.025]]
[2025.02.03-07.41.16:624][  0]LogConfig: Applying CVar settings from Section [TextureQuality@3] File [C:/Users/yukin/OneDrive/Documents/Unreal Projects/CIJ_RisqueAuditifUE-ryan-mj2/CIJ_RisqueAuditifUE-ryan-mj2/Saved/Config/Windows/Scalability.ini]
[2025.02.03-07.41.16:624][  0]LogConfig: Setting CVar [[r.Streaming.MipBias:0]]
[2025.02.03-07.41.16:624][  0]LogConfig: Setting CVar [[r.Streaming.AmortizeCPUToGPUCopy:0]]
[2025.02.03-07.41.16:624][  0]LogConfig: Setting CVar [[r.Streaming.MaxNumTexturesToStreamPerFrame:0]]
[2025.02.03-07.41.16:624][  0]LogConfig: Setting CVar [[r.Streaming.Boost:1]]
[2025.02.03-07.41.16:624][  0]LogConfig: Setting CVar [[r.MaxAnisotropy:8]]
[2025.02.03-07.41.16:624][  0]LogConfig: Setting CVar [[r.VT.MaxAnisotropy:8]]
[2025.02.03-07.41.16:624][  0]LogConfig: Setting CVar [[r.Streaming.LimitPoolSizeToVRAM:0]]
[2025.02.03-07.41.16:624][  0]LogConfig: Setting CVar [[r.Streaming.PoolSize:1000]]
[2025.02.03-07.41.16:624][  0]LogConfig: Setting CVar [[r.Streaming.MaxEffectiveScreenSize:0]]
[2025.02.03-07.41.16:624][  0]LogConfig: Applying CVar settings from Section [EffectsQuality@3] File [C:/Users/yukin/OneDrive/Documents/Unreal Projects/CIJ_RisqueAuditifUE-ryan-mj2/CIJ_RisqueAuditifUE-ryan-mj2/Saved/Config/Windows/Scalability.ini]
[2025.02.03-07.41.16:624][  0]LogConfig: Setting CVar [[r.TranslucencyLightingVolumeDim:64]]
[2025.02.03-07.41.16:624][  0]LogConfig: Setting CVar [[r.RefractionQuality:2]]
[2025.02.03-07.41.16:624][  0]LogConfig: Setting CVar [[r.SSR.Quality:3]]
[2025.02.03-07.41.16:624][  0]LogConfig: Setting CVar [[r.SSR.HalfResSceneColor:0]]
[2025.02.03-07.41.16:624][  0]LogConfig: Setting CVar [[r.SceneColorFormat:4]]
[2025.02.03-07.41.16:625][  0]LogConfig: Setting CVar [[r.DetailMode:2]]
[2025.02.03-07.41.16:625][  0]LogConfig: Setting CVar [[r.TranslucencyVolumeBlur:1]]
[2025.02.03-07.41.16:625][  0]LogConfig: Setting CVar [[r.MaterialQualityLevel:1 ; High quality]]
[2025.02.03-07.41.16:625][  0]LogConfig: Setting CVar [[r.SSS.Scale:1]]
[2025.02.03-07.41.16:625][  0]LogConfig: Setting CVar [[r.SSS.SampleSet:2]]
[2025.02.03-07.41.16:625][  0]LogConfig: Setting CVar [[r.SSS.Quality:1]]
[2025.02.03-07.41.16:625][  0]LogConfig: Setting CVar [[r.SSS.HalfRes:0]]
[2025.02.03-07.41.16:625][  0]LogConfig: Setting CVar [[r.SSGI.Quality:3]]
[2025.02.03-07.41.16:625][  0]LogConfig: Setting CVar [[r.EmitterSpawnRateScale:1.0]]
[2025.02.03-07.41.16:625][  0]LogConfig: Setting CVar [[r.ParticleLightQuality:2]]
[2025.02.03-07.41.16:625][  0]LogConfig: Setting CVar [[r.SkyAtmosphere.AerialPerspectiveLUT.FastApplyOnOpaque:1 ; Always have FastSkyLUT 1 in this case to avoid wrong sky]]
[2025.02.03-07.41.16:625][  0]LogConfig: Setting CVar [[r.SkyAtmosphere.AerialPerspectiveLUT.SampleCountPerSlice:1]]
[2025.02.03-07.41.16:625][  0]LogConfig: Setting CVar [[r.SkyAtmosphere.AerialPerspectiveLUT.DepthResolution:16.0]]
[2025.02.03-07.41.16:625][  0]LogConfig: Setting CVar [[r.SkyAtmosphere.FastSkyLUT:1]]
[2025.02.03-07.41.16:625][  0]LogConfig: Setting CVar [[r.SkyAtmosphere.FastSkyLUT.SampleCountMin:4.0]]
[2025.02.03-07.41.16:625][  0]LogConfig: Setting CVar [[r.SkyAtmosphere.FastSkyLUT.SampleCountMax:32.0]]
[2025.02.03-07.41.16:625][  0]LogConfig: Setting CVar [[r.SkyAtmosphere.SampleCountMin:4.0]]
[2025.02.03-07.41.16:625][  0]LogConfig: Setting CVar [[r.SkyAtmosphere.SampleCountMax:32.0]]
[2025.02.03-07.41.16:625][  0]LogConfig: Setting CVar [[r.SkyAtmosphere.TransmittanceLUT.UseSmallFormat:0]]
[2025.02.03-07.41.16:625][  0]LogConfig: Setting CVar [[r.SkyAtmosphere.TransmittanceLUT.SampleCount:10.0]]
[2025.02.03-07.41.16:625][  0]LogConfig: Setting CVar [[r.SkyAtmosphere.MultiScatteringLUT.SampleCount:15.0]]
[2025.02.03-07.41.16:625][  0]LogConfig: Applying CVar settings from Section [FoliageQuality@3] File [C:/Users/yukin/OneDrive/Documents/Unreal Projects/CIJ_RisqueAuditifUE-ryan-mj2/CIJ_RisqueAuditifUE-ryan-mj2/Saved/Config/Windows/Scalability.ini]
[2025.02.03-07.41.16:625][  0]LogConfig: Setting CVar [[foliage.DensityScale:1.0]]
[2025.02.03-07.41.16:625][  0]LogConfig: Setting CVar [[grass.DensityScale:1.0]]
[2025.02.03-07.41.16:625][  0]LogConfig: Applying CVar settings from Section [ShadingQuality@3] File [C:/Users/yukin/OneDrive/Documents/Unreal Projects/CIJ_RisqueAuditifUE-ryan-mj2/CIJ_RisqueAuditifUE-ryan-mj2/Saved/Config/Windows/Scalability.ini]
[2025.02.03-07.41.16:625][  0]LogConfig: Setting CVar [[r.HairStrands.SkyLighting.SampleCount:16]]
[2025.02.03-07.41.16:625][  0]LogConfig: Setting CVar [[r.HairStrands.SkyLighting.JitterIntegration:0]]
[2025.02.03-07.41.16:625][  0]LogConfig: Setting CVar [[r.HairStrands.SkyAO.SampleCount:16]]
[2025.02.03-07.41.16:625][  0]LogConfig: Setting CVar [[r.HairStrands.DeepShadow.SuperSampling:0]]
[2025.02.03-07.41.16:625][  0]LogConfig: Setting CVar [[r.HairStrands.VisibilityPPLL:0]]
[2025.02.03-07.41.16:625][  0]LogConfig: Setting CVar [[r.HairStrands.RasterizationScale:0.5]]
[2025.02.03-07.41.16:625][  0]LogConfig: Setting CVar [[r.HairStrands.VelocityRasterizationScale:1]]
[2025.02.03-07.41.16:625][  0]LogConfig: Applying CVar settings from Section [Startup] File [../../../Engine/Config/ConsoleVariables.ini]
[2025.02.03-07.41.16:639][  0]LogConfig: Setting CVar [[net.UseAdaptiveNetUpdateFrequency:0]]
[2025.02.03-07.41.16:639][  0]LogConfig: Setting CVar [[p.chaos.AllowCreatePhysxBodies:1]]
[2025.02.03-07.41.16:639][  0]LogConfig: Setting CVar [[fx.SkipVectorVMBackendOptimizations:1]]
[2025.02.03-07.41.16:639][  0]LogConfig: Applying CVar settings from Section [ConsoleVariables] File [C:/Users/yukin/OneDrive/Documents/Unreal Projects/CIJ_RisqueAuditifUE-ryan-mj2/CIJ_RisqueAuditifUE-ryan-mj2/Saved/Config/Windows/Engine.ini]
[2025.02.03-07.41.16:641][  0]LogInit: Computer: YUKINA
[2025.02.03-07.41.16:641][  0]LogInit: User: yukin
[2025.02.03-07.41.16:641][  0]LogInit: CPU Page size=4096, Cores=8
[2025.02.03-07.41.16:641][  0]LogInit: High frequency timer resolution =10.000000 MHz
[2025.02.03-07.41.16:641][  0]LogMemory: Memory total: Physical=15.7GB (16GB approx)
[2025.02.03-07.41.16:642][  0]LogMemory: Platform Memory Stats for Windows
[2025.02.03-07.41.16:642][  0]LogMemory: Process Physical Memory: 119.95 MB used, 119.95 MB peak
[2025.02.03-07.41.16:642][  0]LogMemory: Process Virtual Memory: 97.60 MB used, 97.60 MB peak
[2025.02.03-07.41.16:642][  0]LogMemory: Physical Memory: 10392.49 MB used,  5659.66 MB free, 16052.15 MB total
[2025.02.03-07.41.16:642][  0]LogMemory: Virtual Memory: 5175.96 MB used,  134212552.00 MB free, 134217728.00 MB total
[2025.02.03-07.41.16:654][  0]LogWindows: WindowsPlatformFeatures enabled
[2025.02.03-07.41.16:826][  0]LogInit: Physics initialised using underlying interface: PhysX
[2025.02.03-07.41.16:826][  0]LogInit: Using OS detected language (fr-FR).
[2025.02.03-07.41.16:826][  0]LogInit: Using OS detected locale (fr-FR).
[2025.02.03-07.41.16:841][  0]LogTextLocalizationManager: No specific localization for 'fr-FR' exists, so the 'fr' localization will be used.
[2025.02.03-07.41.16:841][  0]LogTextLocalizationResource: LocRes '../../../Engine/Content/Localization/Editor/fr/Editor.locres' could not be opened for reading!
[2025.02.03-07.41.16:841][  0]LogTextLocalizationResource: LocRes '../../../Engine/Content/Localization/EditorTutorials/fr/EditorTutorials.locres' could not be opened for reading!
[2025.02.03-07.41.16:842][  0]LogTextLocalizationResource: LocRes '../../../Engine/Content/Localization/Keywords/fr/Keywords.locres' could not be opened for reading!
[2025.02.03-07.41.16:842][  0]LogTextLocalizationResource: LocRes '../../../Engine/Content/Localization/Category/fr/Category.locres' could not be opened for reading!
[2025.02.03-07.41.16:842][  0]LogTextLocalizationResource: LocRes '../../../Engine/Content/Localization/ToolTips/fr/ToolTips.locres' could not be opened for reading!
[2025.02.03-07.41.16:843][  0]LogTextLocalizationResource: LocRes '../../../Engine/Content/Localization/PropertyNames/fr/PropertyNames.locres' could not be opened for reading!
[2025.02.03-07.41.16:843][  0]LogTextLocalizationResource: LocRes '../../../Engine/Content/Localization/Engine/fr/Engine.locres' could not be opened for reading!
[2025.02.03-07.41.16:891][  0]LogInit: Setting process to per monitor DPI aware
[2025.02.03-07.41.17:041][  0]LogSlate: New Slate User Created.  User Index 0, Is Virtual User: 0
[2025.02.03-07.41.17:041][  0]LogSlate: Slate User Registered.  User Index 0, Is Virtual User: 0
[2025.02.03-07.41.21:082][  0]LogHMD: Failed to initialize OpenVR with code 110
[2025.02.03-07.41.21:082][  0]LogD3D11RHI: D3D11 min allowed feature level: 11_0
[2025.02.03-07.41.21:082][  0]LogD3D11RHI: D3D11 max allowed feature level: 11_0
[2025.02.03-07.41.21:082][  0]LogD3D11RHI: D3D11 adapters:
[2025.02.03-07.41.21:212][  0]LogD3D11RHI:    0. 'NVIDIA GeForce RTX 3050 Laptop GPU' (Feature Level 11_0)
[2025.02.03-07.41.21:212][  0]LogD3D11RHI:       3964/0/8026 MB DedicatedVideo/DedicatedSystem/SharedSystem, Outputs:1, VendorId:0x10de
[2025.02.03-07.41.21:263][  0]LogD3D11RHI:    1. 'Intel(R) UHD Graphics' (Feature Level 11_0)
[2025.02.03-07.41.21:263][  0]LogD3D11RHI:       128/0/8026 MB DedicatedVideo/DedicatedSystem/SharedSystem, Outputs:0, VendorId:0x8086
[2025.02.03-07.41.21:265][  0]LogD3D11RHI:    2. 'Microsoft Basic Render Driver' (Feature Level 11_0)
[2025.02.03-07.41.21:267][  0]LogD3D11RHI:       0/0/8026 MB DedicatedVideo/DedicatedSystem/SharedSystem, Outputs:0, VendorId:0x1414
[2025.02.03-07.41.21:267][  0]LogD3D11RHI: Chosen D3D11 Adapter: 0
[2025.02.03-07.41.21:273][  0]LogD3D11RHI: Creating new Direct3DDevice
[2025.02.03-07.41.21:274][  0]LogD3D11RHI:     GPU DeviceId: 0x25a2 (for the marketing name, search the web for "GPU Device Id")
[2025.02.03-07.41.21:274][  0]LogWindows: EnumDisplayDevices:
[2025.02.03-07.41.21:274][  0]LogWindows:    0. 'Intel(R) UHD Graphics' (P:1 D:1)
[2025.02.03-07.41.21:274][  0]LogWindows:    1. 'Intel(R) UHD Graphics' (P:0 D:0)
[2025.02.03-07.41.21:274][  0]LogWindows:    2. 'Intel(R) UHD Graphics' (P:0 D:0)
[2025.02.03-07.41.21:274][  0]LogWindows:    3. 'Intel(R) UHD Graphics' (P:0 D:0)
[2025.02.03-07.41.21:274][  0]LogWindows:    4. 'NVIDIA GeForce RTX 3050 Laptop GPU' (P:0 D:0)
[2025.02.03-07.41.21:274][  0]LogWindows: DebugString: PrimaryIsNotTheChoosenAdapter PrimaryIsNotTheChoosenAdapter PrimaryIsNotTheChoosenAdapter PrimaryIsNotTheChoosenAdapter 
[2025.02.03-07.41.21:274][  0]LogD3D11RHI:     Adapter Name: NVIDIA GeForce RTX 3050 Laptop GPU
[2025.02.03-07.41.21:274][  0]LogD3D11RHI:   Driver Version: 556.13 (internal:32.0.15.5613, unified:556.13)
[2025.02.03-07.41.21:274][  0]LogD3D11RHI:      Driver Date: 6-28-2024
[2025.02.03-07.41.21:274][  0]LogRHI: Texture pool is 2774 MB (70% of 3964 MB)
[2025.02.03-07.41.21:379][  0]LogD3D11RHI: RHI has support for 64 bit atomics
[2025.02.03-07.41.21:380][  0]LogD3D11RHI: Async texture creation enabled
[2025.02.03-07.41.21:380][  0]LogD3D11RHI: Array index from any shader is supported
[2025.02.03-07.41.21:397][  0]LogD3D11RHI: GPU Timing Frequency: 1000.000000 (Debug: 2 2)
[2025.02.03-07.41.21:883][  0]LogTargetPlatformManager: Display: Loaded TargetPlatform 'AllDesktop'
[2025.02.03-07.41.21:905][  0]LogTargetPlatformManager: Display: Loaded TargetPlatform 'Android'
[2025.02.03-07.41.21:905][  0]LogTargetPlatformManager: Display: Loaded TargetPlatform 'Android_ASTC'
[2025.02.03-07.41.21:905][  0]LogTargetPlatformManager: Display: Loaded TargetPlatform 'Android_DXT'
[2025.02.03-07.41.21:905][  0]LogTargetPlatformManager: Display: Loaded TargetPlatform 'Android_ETC2'
[2025.02.03-07.41.21:905][  0]LogTargetPlatformManager: Display: Loaded TargetPlatform 'AndroidClient'
[2025.02.03-07.41.21:905][  0]LogTargetPlatformManager: Display: Loaded TargetPlatform 'Android_ASTCClient'
[2025.02.03-07.41.21:905][  0]LogTargetPlatformManager: Display: Loaded TargetPlatform 'Android_DXTClient'
[2025.02.03-07.41.21:905][  0]LogTargetPlatformManager: Display: Loaded TargetPlatform 'Android_ETC2Client'
[2025.02.03-07.41.21:905][  0]LogTargetPlatformManager: Display: Loaded TargetPlatform 'Android_Multi'
[2025.02.03-07.41.21:905][  0]LogTargetPlatformManager: Display: Loaded TargetPlatform 'Android_MultiClient'
[2025.02.03-07.41.21:944][  0]LogTargetPlatformManager: Display: Loaded TargetPlatform 'IOSClient'
[2025.02.03-07.41.21:944][  0]LogTargetPlatformManager: Display: Loaded TargetPlatform 'IOS'
[2025.02.03-07.41.21:967][  0]LogTargetPlatformManager: Display: Loaded TargetPlatform 'Linux'
[2025.02.03-07.41.21:978][  0]LogTargetPlatformManager: Display: Loaded TargetPlatform 'LinuxNoEditor'
[2025.02.03-07.41.22:003][  0]LogTargetPlatformManager: Display: Loaded TargetPlatform 'LinuxClient'
[2025.02.03-07.41.22:008][  0]LogTargetPlatformManager: Display: Loaded TargetPlatform 'LinuxServer'
[2025.02.03-07.41.22:014][  0]LogTargetPlatformManager: Display: Loaded TargetPlatform 'LinuxAArch64NoEditor'
[2025.02.03-07.41.22:020][  0]LogTargetPlatformManager: Display: Loaded TargetPlatform 'LinuxAArch64Client'
[2025.02.03-07.41.22:033][  0]LogTargetPlatformManager: Display: Loaded TargetPlatform 'LinuxAArch64Server'
[2025.02.03-07.41.22:062][  0]LogTargetPlatformManager: Display: Loaded TargetPlatform 'Lumin'
[2025.02.03-07.41.22:062][  0]LogTargetPlatformManager: Display: Loaded TargetPlatform 'LuminClient'
[2025.02.03-07.41.22:077][  0]LogTargetPlatformManager: Display: Loaded TargetPlatform 'TVOSClient'
[2025.02.03-07.41.22:077][  0]LogTargetPlatformManager: Display: Loaded TargetPlatform 'TVOS'
[2025.02.03-07.41.22:087][  0]LogTargetPlatformManager: Display: Loaded TargetPlatform 'WindowsNoEditor'
[2025.02.03-07.41.22:097][  0]LogTargetPlatformManager: Display: Loaded TargetPlatform 'Windows'
[2025.02.03-07.41.22:107][  0]LogTargetPlatformManager: Display: Loaded TargetPlatform 'WindowsClient'
[2025.02.03-07.41.22:116][  0]LogTargetPlatformManager: Display: Loaded TargetPlatform 'WindowsServer'
[2025.02.03-07.41.22:116][  0]LogTargetPlatformManager: Display: Building Assets For Windows
[2025.02.03-07.41.22:131][  0]LogAudioDebug: Display: Lib vorbis DLL was dynamically loaded.
[2025.02.03-07.41.22:276][  0]LogShaderCompilers: Guid format shader working directory is -76 characters bigger than the processId version (../../../../../../Users/yukin/OneDrive/Documents/Unreal Projects/CIJ_RisqueAuditifUE-ryan-mj2/CIJ_RisqueAuditifUE-ryan-mj2/Intermediate/Shaders/WorkingDirectory/4232/).
[2025.02.03-07.41.22:278][  0]LogShaderCompilers: Cleaned the shader compiler working directory 'C:/Users/yukin/AppData/Local/Temp/UnrealShaderWorkingDir/CAFDC0D9491F8FA57FA6CAB542F66021/'.
[2025.02.03-07.41.22:279][  0]LogXGEController: Cannot use XGE Controller as Incredibuild is not installed on this machine.
[2025.02.03-07.41.22:279][  0]LogShaderCompilers: Cannot use XGE Shader Compiler as Incredibuild is not installed on this machine.
[2025.02.03-07.41.22:279][  0]LogShaderCompilers: Display: Using Local Shader Compiler.
[2025.02.03-07.41.25:566][  0]LogDerivedDataCache: Display: Max Cache Size: 512 MB
[2025.02.03-07.41.25:646][  0]LogDerivedDataCache: Loaded boot cache 0.08s 76MB C:/Users/yukin/AppData/Local/UnrealEngine/4.25/DerivedDataCache/Boot.ddc.
[2025.02.03-07.41.25:646][  0]LogDerivedDataCache: Display: Loaded Boot cache: C:/Users/yukin/AppData/Local/UnrealEngine/4.25/DerivedDataCache/Boot.ddc
[2025.02.03-07.41.25:646][  0]LogDerivedDataCache: FDerivedDataBackendGraph:  Pak pak cache file ../../../../../../Users/yukin/OneDrive/Documents/Unreal Projects/CIJ_RisqueAuditifUE-ryan-mj2/CIJ_RisqueAuditifUE-ryan-mj2/DerivedDataCache/DDC.ddp not found, will not use a pak cache.
[2025.02.03-07.41.25:646][  0]LogDerivedDataCache: Unable to find inner node Pak for hierarchical cache Hierarchy.
[2025.02.03-07.41.25:646][  0]LogDerivedDataCache: FDerivedDataBackendGraph:  CompressedPak pak cache file ../../../../../../Users/yukin/OneDrive/Documents/Unreal Projects/CIJ_RisqueAuditifUE-ryan-mj2/CIJ_RisqueAuditifUE-ryan-mj2/DerivedDataCache/Compressed.ddp not found, will not use a pak cache.
[2025.02.03-07.41.25:646][  0]LogDerivedDataCache: Unable to find inner node CompressedPak for hierarchical cache Hierarchy.
[2025.02.03-07.41.25:669][  0]LogDerivedDataCache: Display: Pak cache opened for reading ../../../Engine/DerivedDataCache/Compressed.ddp.
[2025.02.03-07.41.25:670][  0]LogDerivedDataCache: FDerivedDataBackendGraph:  EnterprisePak pak cache file ../../../Enterprise/DerivedDataCache/Compressed.ddp not found, will not use a pak cache.
[2025.02.03-07.41.25:670][  0]LogDerivedDataCache: Unable to find inner node EnterprisePak for hierarchical cache Hierarchy.
[2025.02.03-07.41.25:672][  0]LogDerivedDataCache: Using Local data cache path C:/Users/yukin/AppData/Local/UnrealEngine/Common/DerivedDataCache: Writable
[2025.02.03-07.41.25:672][  0]LogDerivedDataCache: Shared data cache path not found in *engine.ini, will not use an Shared cache.
[2025.02.03-07.41.25:672][  0]LogDerivedDataCache: Unable to find inner node Shared for hierarchical cache Hierarchy.
[2025.02.03-07.41.25:719][  0]LogSlate: Using FreeType 2.10.0
[2025.02.03-07.41.25:738][  0]LogSlate: SlateFontServices - WITH_FREETYPE: 1, WITH_HARFBUZZ: 1
[2025.02.03-07.41.25:779][  0]LogAssetRegistry: FAssetRegistry took 0.0051 seconds to start up
[2025.02.03-07.41.26:140][  0]LogInit: Selected Device Profile: [Windows]
[2025.02.03-07.41.26:401][  0]LogMeshReduction: Using QuadricMeshReduction for automatic static mesh reduction
[2025.02.03-07.41.26:401][  0]LogMeshReduction: Using SimplygonMeshReduction for automatic skeletal mesh reduction
[2025.02.03-07.41.26:401][  0]LogMeshReduction: Using ProxyLODMeshReduction for automatic mesh merging
[2025.02.03-07.41.26:401][  0]LogMeshReduction: No distributed automatic mesh merging module available
[2025.02.03-07.41.26:402][  0]LogMeshMerging: No distributed automatic mesh merging module available
[2025.02.03-07.41.26:468][  0]LogNetVersion: CIJ_RisqueAuditif 1.0.0, NetCL: 13144385, EngineNetVer: 14, GameNetVer: 0 (Checksum: 414046930)
[2025.02.03-07.41.27:814][  0]LogAISub: UAISubsystem::UAISubsystem AISubsystem (000001BF134AE3C0), frame # 0
[2025.02.03-07.41.27:814][  0]LogAISub: UAISubsystem::UAISubsystem AIPerceptionSystem (000001BF13461080), frame # 0
[2025.02.03-07.41.27:817][  0]LogAISub: UAISubsystem::UAISubsystem EnvQueryManager (000001BF135A6800), frame # 0
[2025.02.03-07.41.27:866][  0]LogFileManager: Warning: MoveFile was unable to move '../../../../../../Users/yukin/OneDrive/Documents/Unreal Projects/CIJ_RisqueAuditifUE-ryan-mj2/CIJ_RisqueAuditifUE-ryan-mj2/Intermediate/AssetRegistryCache/d6d1dbf5.bin.tmp' to '../../../../../../Users/yukin/OneDrive/Documents/Unreal Projects/CIJ_RisqueAuditifUE-ryan-mj2/CIJ_RisqueAuditifUE-ryan-mj2/Intermediate/AssetRegistryCache/d6d1dbf5.bin' (Error Code 32), retrying in .5s...
[2025.02.03-07.41.28:368][  0]LogFileManager: Warning: MoveFile was unable to move '../../../../../../Users/yukin/OneDrive/Documents/Unreal Projects/CIJ_RisqueAuditifUE-ryan-mj2/CIJ_RisqueAuditifUE-ryan-mj2/Intermediate/AssetRegistryCache/d6d1dbf5.bin.tmp' to '../../../../../../Users/yukin/OneDrive/Documents/Unreal Projects/CIJ_RisqueAuditifUE-ryan-mj2/CIJ_RisqueAuditifUE-ryan-mj2/Intermediate/AssetRegistryCache/d6d1dbf5.bin' (Error Code 2), retrying in .5s...
[2025.02.03-07.41.28:868][  0]LogFileManager: Warning: MoveFile was unable to move '../../../../../../Users/yukin/OneDrive/Documents/Unreal Projects/CIJ_RisqueAuditifUE-ryan-mj2/CIJ_RisqueAuditifUE-ryan-mj2/Intermediate/AssetRegistryCache/d6d1dbf5.bin.tmp' to '../../../../../../Users/yukin/OneDrive/Documents/Unreal Projects/CIJ_RisqueAuditifUE-ryan-mj2/CIJ_RisqueAuditifUE-ryan-mj2/Intermediate/AssetRegistryCache/d6d1dbf5.bin' (Error Code 2), retrying in .5s...
[2025.02.03-07.41.29:369][  0]LogFileManager: Warning: MoveFile was unable to move '../../../../../../Users/yukin/OneDrive/Documents/Unreal Projects/CIJ_RisqueAuditifUE-ryan-mj2/CIJ_RisqueAuditifUE-ryan-mj2/Intermediate/AssetRegistryCache/d6d1dbf5.bin.tmp' to '../../../../../../Users/yukin/OneDrive/Documents/Unreal Projects/CIJ_RisqueAuditifUE-ryan-mj2/CIJ_RisqueAuditifUE-ryan-mj2/Intermediate/AssetRegistryCache/d6d1dbf5.bin' (Error Code 2), retrying in .5s...
[2025.02.03-07.41.29:869][  0]LogFileManager: Warning: MoveFile was unable to move '../../../../../../Users/yukin/OneDrive/Documents/Unreal Projects/CIJ_RisqueAuditifUE-ryan-mj2/CIJ_RisqueAuditifUE-ryan-mj2/Intermediate/AssetRegistryCache/d6d1dbf5.bin.tmp' to '../../../../../../Users/yukin/OneDrive/Documents/Unreal Projects/CIJ_RisqueAuditifUE-ryan-mj2/CIJ_RisqueAuditifUE-ryan-mj2/Intermediate/AssetRegistryCache/d6d1dbf5.bin' (Error Code 2), retrying in .5s...
[2025.02.03-07.41.30:370][  0]LogFileManager: Warning: MoveFile was unable to move '../../../../../../Users/yukin/OneDrive/Documents/Unreal Projects/CIJ_RisqueAuditifUE-ryan-mj2/CIJ_RisqueAuditifUE-ryan-mj2/Intermediate/AssetRegistryCache/d6d1dbf5.bin.tmp' to '../../../../../../Users/yukin/OneDrive/Documents/Unreal Projects/CIJ_RisqueAuditifUE-ryan-mj2/CIJ_RisqueAuditifUE-ryan-mj2/Intermediate/AssetRegistryCache/d6d1dbf5.bin' (Error Code 2), retrying in .5s...
[2025.02.03-07.41.30:871][  0]LogFileManager: Warning: MoveFile was unable to move '../../../../../../Users/yukin/OneDrive/Documents/Unreal Projects/CIJ_RisqueAuditifUE-ryan-mj2/CIJ_RisqueAuditifUE-ryan-mj2/Intermediate/AssetRegistryCache/d6d1dbf5.bin.tmp' to '../../../../../../Users/yukin/OneDrive/Documents/Unreal Projects/CIJ_RisqueAuditifUE-ryan-mj2/CIJ_RisqueAuditifUE-ryan-mj2/Intermediate/AssetRegistryCache/d6d1dbf5.bin' (Error Code 2), retrying in .5s...
[2025.02.03-07.41.31:371][  0]LogFileManager: Warning: MoveFile was unable to move '../../../../../../Users/yukin/OneDrive/Documents/Unreal Projects/CIJ_RisqueAuditifUE-ryan-mj2/CIJ_RisqueAuditifUE-ryan-mj2/Intermediate/AssetRegistryCache/d6d1dbf5.bin.tmp' to '../../../../../../Users/yukin/OneDrive/Documents/Unreal Projects/CIJ_RisqueAuditifUE-ryan-mj2/CIJ_RisqueAuditifUE-ryan-mj2/Intermediate/AssetRegistryCache/d6d1dbf5.bin' (Error Code 2), retrying in .5s...
[2025.02.03-07.41.31:872][  0]LogFileManager: Warning: MoveFile was unable to move '../../../../../../Users/yukin/OneDrive/Documents/Unreal Projects/CIJ_RisqueAuditifUE-ryan-mj2/CIJ_RisqueAuditifUE-ryan-mj2/Intermediate/AssetRegistryCache/d6d1dbf5.bin.tmp' to '../../../../../../Users/yukin/OneDrive/Documents/Unreal Projects/CIJ_RisqueAuditifUE-ryan-mj2/CIJ_RisqueAuditifUE-ryan-mj2/Intermediate/AssetRegistryCache/d6d1dbf5.bin' (Error Code 2), retrying in .5s...
[2025.02.03-07.41.32:373][  0]LogFileManager: Warning: MoveFile was unable to move '../../../../../../Users/yukin/OneDrive/Documents/Unreal Projects/CIJ_RisqueAuditifUE-ryan-mj2/CIJ_RisqueAuditifUE-ryan-mj2/Intermediate/AssetRegistryCache/d6d1dbf5.bin.tmp' to '../../../../../../Users/yukin/OneDrive/Documents/Unreal Projects/CIJ_RisqueAuditifUE-ryan-mj2/CIJ_RisqueAuditifUE-ryan-mj2/Intermediate/AssetRegistryCache/d6d1dbf5.bin' (Error Code 2), retrying in .5s...
[2025.02.03-07.41.32:874][  0]LogFileManager: Error: Error moving file '../../../../../../Users/yukin/OneDrive/Documents/Unreal Projects/CIJ_RisqueAuditifUE-ryan-mj2/CIJ_RisqueAuditifUE-ryan-mj2/Intermediate/AssetRegistryCache/d6d1dbf5.bin.tmp' to '../../../../../../Users/yukin/OneDrive/Documents/Unreal Projects/CIJ_RisqueAuditifUE-ryan-mj2/CIJ_RisqueAuditifUE-ryan-mj2/Intermediate/AssetRegistryCache/d6d1dbf5.bin'.
[2025.02.03-07.41.32:916][  0]LogPackageLocalizationCache: Processed 21 localized package path(s) for 1 prioritized culture(s) in 5.070785 seconds
[2025.02.03-07.41.32:921][  0]LogUObjectArray: 15917 objects as part of root set at end of initial load.
[2025.02.03-07.41.32:921][  0]LogUObjectAllocator: 3965568 out of 0 bytes used by permanent object pool.
[2025.02.03-07.41.32:921][  0]LogUObjectArray: CloseDisregardForGC: 0/0 objects in disregard for GC pool
[2025.02.03-07.41.33:254][  0]LogTcpMessaging: Initializing TcpMessaging bridge
[2025.02.03-07.41.33:259][  0]LogUdpMessaging: Initializing bridge on interface 0.0.0.0:0 to multicast group 230.0.0.1:6666.
[2025.02.03-07.41.33:333][  0]SourceControl: Source control is disabled
[2025.02.03-07.41.33:333][  0]SourceControl: Source control is disabled
[2025.02.03-07.41.33:336][  0]SourceControl: Source control is disabled
[2025.02.03-07.41.33:339][  0]SourceControl: Source control is disabled
[2025.02.03-07.41.33:346][  0]SourceControl: Source control is disabled
[2025.02.03-07.41.33:612][  0]LogAndroidPermission: UAndroidPermissionCallbackProxy::GetInstance
[2025.02.03-07.41.33:631][  0]LogAudioCaptureCore: Display: No Audio Capture implementations found. Audio input will be silent.
[2025.02.03-07.41.33:631][  0]LogAudioCaptureCore: Display: No Audio Capture implementations found. Audio input will be silent.
[2025.02.03-07.41.33:679][  0]LogOcInput: OculusInput pre-init called
[2025.02.03-07.41.33:689][  0]LogWindows: Failed to load 'OVRPlugin.dll' (GetLastError=126)
[2025.02.03-07.41.33:690][  0]LogWindows: File 'OVRPlugin.dll' does not exist
[2025.02.03-07.41.33:742][  0]LogEngine: Initializing Engine...
[2025.02.03-07.41.33:743][  0]LogHMD: Failed to initialize OpenVR with code 110
[2025.02.03-07.41.33:743][  0]LogMagicLeap: Warning: VR disabled because ZI is not enabled.  To enable, in the editor, Edit -> Project Settings -> Plugins -> Magic Leap Plugin -> Enable Zero Iteration
[2025.02.03-07.41.33:744][  0]LogStylusInput: Initializing StylusInput subsystem.
[2025.02.03-07.41.33:747][  0]LogStats: UGameplayTagsManager::InitializeManager -  0.000 s
[2025.02.03-07.41.33:852][  0]LogInit: Initializing FReadOnlyCVARCache
[2025.02.03-07.41.33:859][  0]LogAIModule: Creating AISystem for world Untitled
[2025.02.03-07.41.33:859][  0]LogAISub: UAISubsystem::UAISubsystem EnvQueryManager (000001BF1980D200), frame # 0
[2025.02.03-07.41.33:859][  0]LogAISub: UAISubsystem::UAISubsystem AIPerceptionSystem (000001BF1984CF40), frame # 0
[2025.02.03-07.41.33:867][  0]LogAudioMixer: Display: Audio Mixer Platform Settings:
[2025.02.03-07.41.33:867][  0]LogAudioMixer: Display: 	Sample Rate:						  48000
[2025.02.03-07.41.33:867][  0]LogAudioMixer: Display: 	Callback Buffer Frame Size Requested: 1024
[2025.02.03-07.41.33:867][  0]LogAudioMixer: Display: 	Callback Buffer Frame Size To Use:	  1024
[2025.02.03-07.41.33:867][  0]LogAudioMixer: Display: 	Number of buffers to queue:			  2
[2025.02.03-07.41.33:867][  0]LogAudioMixer: Display: 	Max Channels (voices):				  32
[2025.02.03-07.41.33:867][  0]LogAudioMixer: Display: 	Number of Async Source Workers:		  0
[2025.02.03-07.41.33:867][  0]LogAudio: Display: AudioDevice MaxSources: 32
[2025.02.03-07.41.33:867][  0]LogAudio: Display: Using built-in audio occlusion.
[2025.02.03-07.41.33:867][  0]LogAudioMixer: Display: Initializing audio mixer.
[2025.02.03-07.41.33:878][  0]LogAudioMixer: Display: 0: FrontLeft
[2025.02.03-07.41.33:878][  0]LogAudioMixer: Display: 1: FrontRight
[2025.02.03-07.41.33:994][  0]LogAudioMixer: Display: Using Audio Device Speaker (2- Realtek(R) Audio)
[2025.02.03-07.41.33:996][  0]LogAudioMixer: Display: Initializing Sound Submixes...
[2025.02.03-07.41.33:997][  0]LogAudioMixer: Display: Creating Master Submix 'MasterSubmixDefault'
[2025.02.03-07.41.33:997][  0]LogAudioMixer: Display: Creating Master Submix 'MasterReverbSubmixDefault'
[2025.02.03-07.41.33:999][  0]LogAudioMixer: Display: Creating Master Submix 'MasterEQSubmixDefault'
[2025.02.03-07.41.34:000][  0]LogInit: FAudioDevice initialized.
[2025.02.03-07.41.34:001][  0]LogNetVersion: Set ProjectVersion to 1.0.0.0. Version Checksum will be recalculated on next use.
[2025.02.03-07.41.34:058][  0]LogDerivedDataCache: Saved boot cache 0.06s 76MB C:/Users/yukin/AppData/Local/UnrealEngine/4.25/DerivedDataCache/Boot.ddc.
[2025.02.03-07.41.34:058][  0]LogInit: Texture streaming: Enabled
[2025.02.03-07.41.34:076][  0]LogEngineSessionManager: EngineSessionManager initialized
[2025.02.03-07.41.34:076][  0]LogEditorSessionSummary: Verbose: Initializing EditorSessionSummaryWriter for editor session tracking
[2025.02.03-07.41.34:077][  0]LogEditorSessionSummary: EditorSessionSummaryWriter initialized
[2025.02.03-07.41.34:114][  0]LogInit: Transaction tracking system initialized
[2025.02.03-07.41.34:135][  0]BlueprintLog: New page: Editor Load
[2025.02.03-07.41.34:209][  0]LocalizationService: Localization service is disabled
[2025.02.03-07.41.34:363][  0]LogCook: Display: Max memory allowance for cook 16384mb min free memory 0mb
[2025.02.03-07.41.34:363][  0]LogCook: Display: Mobile HDR setting 1
[2025.02.03-07.41.34:527][  0]LogFileCache: Scanning file cache for directory 'C:/Users/yukin/OneDrive/Documents/Unreal Projects/CIJ_RisqueAuditifUE-ryan-mj2/CIJ_RisqueAuditifUE-ryan-mj2/Content/' took 0.00s
[2025.02.03-07.41.34:699][  0]SourceControl: Source control is disabled
[2025.02.03-07.41.34:699][  0]LogUnrealEdMisc: Loading editor; pre map load, took 22.444
[2025.02.03-07.41.34:700][  0]LightingResults: New page: Lighting Build
[2025.02.03-07.41.34:700][  0]LogWorld: UWorld::CleanupWorld for Untitled, bSessionEnded=true, bCleanupResources=true
[2025.02.03-07.41.34:700][  0]LogSlate: InvalidateAllWidgets triggered.  All widgets were invalidated
[2025.02.03-07.41.34:700][  0]MapCheck: New page: Map Check
[2025.02.03-07.41.34:700][  0]LightingResults: New page: Lighting Build
[2025.02.03-07.41.34:712][  0]LogAISub: UAISubsystem::~UAISubsystem EnvQueryManager (000001BF1980D200), frame # 0
[2025.02.03-07.41.34:712][  0]LogAISub: UAISubsystem::~UAISubsystem AIPerceptionSystem (000001BF1984CF40), frame # 0
[2025.02.03-07.41.34:712][  0]LogUObjectHash: Compacting FUObjectHashTables data took   0.49ms
[2025.02.03-07.41.34:801][  0]LogAIModule: Creating AISystem for world MenuMap
[2025.02.03-07.41.34:801][  0]LogAISub: UAISubsystem::UAISubsystem EnvQueryManager (000001BF072C7E00), frame # 0
[2025.02.03-07.41.34:801][  0]LogAISub: UAISubsystem::UAISubsystem AIPerceptionSystem (000001BF074F4CC0), frame # 0
[2025.02.03-07.41.34:804][  0]LogEditorServer: Finished looking for orphan Actors (0.000 secs)
[2025.02.03-07.41.34:818][  0]LogUObjectHash: Compacting FUObjectHashTables data took   0.54ms
[2025.02.03-07.41.34:819][  0]Cmd: MAP CHECKDEP NOCLEARLOG
[2025.02.03-07.41.34:820][  0]MapCheck: Map check complete: 0 Error(s), 0 Warning(s), took 0,158ms to complete.
[2025.02.03-07.41.34:820][  0]LogFileHelpers: Loading map 'MenuMap' took 0.120
[2025.02.03-07.41.34:821][  0]LogUnrealEdMisc: Total Editor Startup Time, took 22.566
[2025.02.03-07.41.34:922][  0]LogSlate: Updating window title bar state: overlay mode, drag disabled, window buttons hidden, title bar hidden
[2025.02.03-07.41.34:927][  0]LogSlate: Updating window title bar state: overlay mode, drag disabled, window buttons hidden, title bar hidden
[2025.02.03-07.41.34:932][  0]LogSlate: Updating window title bar state: overlay mode, drag disabled, window buttons hidden, title bar hidden
[2025.02.03-07.41.34:937][  0]LogSlate: Updating window title bar state: overlay mode, drag disabled, window buttons hidden, title bar hidden
[2025.02.03-07.41.34:941][  0]LogCollectionManager: Loaded 0 collections in 0.001109 seconds
[2025.02.03-07.41.34:955][  0]LogFileCache: Scanning file cache for directory 'C:/Users/yukin/OneDrive/Documents/Unreal Projects/CIJ_RisqueAuditifUE-ryan-mj2/CIJ_RisqueAuditifUE-ryan-mj2/Saved/Collections/' took 0.00s
[2025.02.03-07.41.34:955][  0]LogFileCache: Scanning file cache for directory 'C:/Users/yukin/OneDrive/Documents/Unreal Projects/CIJ_RisqueAuditifUE-ryan-mj2/CIJ_RisqueAuditifUE-ryan-mj2/Content/Developers/yukin/Collections/' took 0.00s
[2025.02.03-07.41.34:955][  0]LogFileCache: Scanning file cache for directory 'C:/Users/yukin/OneDrive/Documents/Unreal Projects/CIJ_RisqueAuditifUE-ryan-mj2/CIJ_RisqueAuditifUE-ryan-mj2/Content/Collections/' took 0.00s
[2025.02.03-07.41.34:955][  0]LogContentBrowser: Native class hierarchy populated in 0.0067 seconds. Added 3590 classes and 840 folders.
[2025.02.03-07.41.34:957][  0]LogContentBrowser: Native class hierarchy updated for 'WidgetCarousel' in 0.0003 seconds. Added 0 classes and 0 folders.
[2025.02.03-07.41.34:991][  0]LogContentBrowser: Native class hierarchy updated for 'AddContentDialog' in 0.0002 seconds. Added 0 classes and 0 folders.
[2025.02.03-07.41.35:049][  0]LogSlate: Took 0.000181 seconds to synchronously load lazily loaded font '../../../Engine/Content/Slate/Fonts/Roboto-Regular.ttf' (155K)
[2025.02.03-07.41.35:052][  0]LogSlate: Took 0.000285 seconds to synchronously load lazily loaded font '../../../Engine/Content/Slate/Fonts/Roboto-Bold.ttf' (160K)
[2025.02.03-07.41.35:053][  0]LogSlate: Took 0.000188 seconds to synchronously load lazily loaded font '../../../Engine/Content/Editor/Slate/Fonts/FontAwesome.ttf' (139K)
[2025.02.03-07.41.35:094][  0]LogRenderer: Reallocating scene render targets to support 1224x460 Format 10 NumSamples 1 (Frame:1).
[2025.02.03-07.41.35:148][  0]LogContentBrowser: Native class hierarchy updated for 'HierarchicalLODOutliner' in 0.0003 seconds. Added 0 classes and 0 folders.
[2025.02.03-07.41.35:148][  0]LogLoad: (Engine Initialization) Total time: 22.89 seconds
[2025.02.03-07.41.35:148][  0]LogLoad: (Engine Initialization) Total Blueprint compile time: 0.00 seconds
[2025.02.03-07.41.35:210][  0]LogAssetRegistry: Asset discovery search completed in 9.4338 seconds
[2025.02.03-07.41.35:214][  0]LogCollectionManager: Fixed up redirectors for 0 collections in 0.000002 seconds (updated 0 objects)
[2025.02.03-07.41.35:216][  0]LogContentStreaming: Texture pool size now 1000 MB
[2025.02.03-07.41.35:238][  0]LogSlate: Took 0.000327 seconds to synchronously load lazily loaded font '../../../Engine/Content/Slate/Fonts/Roboto-Light.ttf' (167K)
[2025.02.03-07.52.10:758][ 41]LogSlate: Took 0.010723 seconds to synchronously load lazily loaded font '../../../Engine/Content/Slate/Fonts/DroidSansFallback.ttf' (3848K)
[2025.02.03-07.52.12:663][150]LogBlueprint: Warning: [Compiler UI__mj2] Event Reply  Return Value  should not be empty.  Return a reply such as Handled or Unhandled.
[2025.02.03-07.52.12:704][150]LogSlate: Took 0.000457 seconds to synchronously load lazily loaded font '../../../Engine/Content/Slate/Fonts/Roboto-Light.ttf' (167K)
[2025.02.03-07.52.12:720][150]LogAssetEditorSubsystem: Opening Asset editor for WidgetBlueprint /Game/Maps/MiniJeu2/UI__mj2.UI__mj2
[2025.02.03-07.52.13:223][150]LogContentBrowser: Native class hierarchy updated for 'BlueprintGraph' in 0.0005 seconds. Added 125 classes and 0 folders.
[2025.02.03-07.52.14:230][150]LogSlate: Took 0.007750 seconds to synchronously load lazily loaded font '../../../Engine/Content/Slate/Fonts/Roboto-BoldCondensed.ttf' (158K)
[2025.02.03-07.52.14:259][150]LogSlate: Took 0.007606 seconds to synchronously load lazily loaded font '../../../Engine/Content/Slate/Fonts/DroidSansMono.ttf' (77K)
[2025.02.03-07.52.15:811][243]LogTemp: Repeating last play command: New Editor Window (PIE)
[2025.02.03-07.52.15:824][243]LogPlayLevel: PlayLevel: No blueprints needed recompiling
[2025.02.03-07.52.15:824][243]PIE: New page: PIE session: MenuMap (3 févr. 2025 à 09:52:15)
[2025.02.03-07.52.15:831][243]LogOnline: OSS: Creating online subsystem instance for: NULL
[2025.02.03-07.52.15:833][243]LogOnline: OSS: TryLoadSubsystemAndSetDefault: Loaded subsystem for module [NULL]
[2025.02.03-07.52.15:834][243]LogPlayLevel: Creating play world package: /Game/Maps/MenuMap/UEDPIE_0_MenuMap
[2025.02.03-07.52.15:836][243]LogPlayLevel: PIE: StaticDuplicateObject took: (0.002426s)
[2025.02.03-07.52.15:838][243]LogAIModule: Creating AISystem for world MenuMap
[2025.02.03-07.52.15:839][243]LogAISub: UAISubsystem::UAISubsystem EnvQueryManager (000001BF80FE4E00), frame # 7243
[2025.02.03-07.52.15:839][243]LogAISub: UAISubsystem::UAISubsystem AIPerceptionSystem (000001BF80F6BD80), frame # 7243
[2025.02.03-07.52.15:839][243]LogPlayLevel: PIE: World Init took: (0.003258s)
[2025.02.03-07.52.15:839][243]LogPlayLevel: PIE: Created PIE world by copying editor world from /Game/Maps/MenuMap/MenuMap.MenuMap to /Game/Maps/MenuMap/UEDPIE_0_MenuMap.MenuMap (0.005833s)
[2025.02.03-07.52.15:877][243]LogUObjectHash: Compacting FUObjectHashTables data took   2.67ms
[2025.02.03-07.52.15:881][243]LogAudioMixer: Display: Audio Mixer Platform Settings:
[2025.02.03-07.52.15:881][243]LogAudioMixer: Display: 	Sample Rate:						  48000
[2025.02.03-07.52.15:881][243]LogAudioMixer: Display: 	Callback Buffer Frame Size Requested: 1024
[2025.02.03-07.52.15:881][243]LogAudioMixer: Display: 	Callback Buffer Frame Size To Use:	  1024
[2025.02.03-07.52.15:881][243]LogAudioMixer: Display: 	Number of buffers to queue:			  2
[2025.02.03-07.52.15:881][243]LogAudioMixer: Display: 	Max Channels (voices):				  32
[2025.02.03-07.52.15:881][243]LogAudioMixer: Display: 	Number of Async Source Workers:		  0
[2025.02.03-07.52.15:881][243]LogAudio: Display: AudioDevice MaxSources: 32
[2025.02.03-07.52.15:882][243]LogAudio: Display: Using built-in audio occlusion.
[2025.02.03-07.52.15:882][243]LogAudioMixer: Display: Initializing audio mixer.
[2025.02.03-07.52.15:885][243]LogAudioMixer: Display: 0: FrontLeft
[2025.02.03-07.52.15:885][243]LogAudioMixer: Display: 1: FrontRight
[2025.02.03-07.52.15:994][243]LogAudioMixer: Display: Using Audio Device Speaker (2- Realtek(R) Audio)
[2025.02.03-07.52.15:994][243]LogAudioMixer: Display: Initializing Sound Submixes...
[2025.02.03-07.52.15:994][243]LogAudioMixer: Display: Creating Master Submix 'MasterSubmixDefault'
[2025.02.03-07.52.15:994][243]LogAudioMixer: Display: Creating Master Submix 'MasterReverbSubmixDefault'
[2025.02.03-07.52.15:995][243]LogAudioMixer: Display: Creating Master Submix 'MasterEQSubmixDefault'
[2025.02.03-07.52.16:008][243]LogInit: FAudioDevice initialized.
[2025.02.03-07.52.16:038][243]LogSlate: Updating window title bar state: overlay mode, drag disabled, window buttons hidden, title bar hidden
[2025.02.03-07.52.16:040][243]LogLoad: Game class is 'GM_Menu_C'
[2025.02.03-07.52.16:043][243]LogWorld: Bringing World /Game/Maps/MenuMap/UEDPIE_0_MenuMap.MenuMap up for play (max tick rate 60) at 2025.02.03-08.52.16
[2025.02.03-07.52.16:045][243]LogWorld: Bringing up level for play took: 0.001956
[2025.02.03-07.52.16:047][243]LogOnline: OSS: Creating online subsystem instance for: :Context_3
[2025.02.03-07.52.16:052][243]LogGameMode: FindPlayerStart: PATHS NOT DEFINED or NO PLAYERSTART with positive rating
[2025.02.03-07.52.16:064][243]LogContentBrowser: Native class hierarchy updated for 'MovieSceneCapture' in 0.0003 seconds. Added 20 classes and 0 folders.
[2025.02.03-07.52.16:070][243]PIE: Server logged in
[2025.02.03-07.52.16:070][243]PIE: Play in editor total start time 0,249 seconds.
[2025.02.03-07.52.16:097][244]LogRenderer: Reallocating scene render targets to support 1280x720 Format 10 NumSamples 1 (Frame:1).
[2025.02.03-07.52.17:107][292]LogSlate: Updating window title bar state: overlay mode, drag disabled, window buttons hidden, title bar hidden
[2025.02.03-07.52.18:038][348]LogSlate: Updating window title bar state: overlay mode, drag disabled, window buttons hidden, title bar hidden
[2025.02.03-07.52.19:122][413]LogSlate: Updating window title bar state: overlay mode, drag disabled, window buttons hidden, title bar hidden
[2025.02.03-07.53.41:643][331]LogSlate: Updating window title bar state: overlay mode, drag disabled, window buttons hidden, title bar hidden
[2025.02.03-07.53.41:659][332]LogNet: Browse: /Game/Maps/MenuMap/MenuMap
[2025.02.03-07.53.41:659][332]LogLoad: LoadMap: /Game/Maps/MenuMap/MenuMap
[2025.02.03-07.53.41:659][332]LogWorld: BeginTearingDown for /Game/Maps/MenuMap/UEDPIE_0_MenuMap
[2025.02.03-07.53.41:660][332]LogWorld: UWorld::CleanupWorld for MenuMap, bSessionEnded=true, bCleanupResources=true
[2025.02.03-07.53.41:660][332]LogSlate: InvalidateAllWidgets triggered.  All widgets were invalidated
[2025.02.03-07.53.41:686][332]LogAISub: UAISubsystem::~UAISubsystem EnvQueryManager (000001BF80FE4E00), frame # 12332
[2025.02.03-07.53.41:686][332]LogAISub: UAISubsystem::~UAISubsystem AIPerceptionSystem (000001BF80F6BD80), frame # 12332
[2025.02.03-07.53.41:688][332]LogUObjectHash: Compacting FUObjectHashTables data took   2.43ms
[2025.02.03-07.53.41:689][332]LogPlayLevel: Creating play world package: /Game/Maps/MenuMap/UEDPIE_0_MenuMap
[2025.02.03-07.53.41:690][332]LogPlayLevel: PIE: StaticDuplicateObject took: (0.000770s)
[2025.02.03-07.53.41:691][332]LogAIModule: Creating AISystem for world MenuMap
[2025.02.03-07.53.41:691][332]LogAISub: UAISubsystem::UAISubsystem EnvQueryManager (000001BF80FE4400), frame # 12332
[2025.02.03-07.53.41:691][332]LogAISub: UAISubsystem::UAISubsystem AIPerceptionSystem (000001BF80F6B380), frame # 12332
[2025.02.03-07.53.41:691][332]LogPlayLevel: PIE: World Init took: (0.001024s)
[2025.02.03-07.53.41:691][332]LogPlayLevel: PIE: Created PIE world by copying editor world from /Game/Maps/MenuMap/MenuMap.MenuMap to /Game/Maps/MenuMap/UEDPIE_0_MenuMap.MenuMap (0.001901s)
[2025.02.03-07.53.41:691][332]LogLoad: Game class is 'GM_Menu_C'
[2025.02.03-07.53.41:692][332]LogWorld: Bringing World /Game/Maps/MenuMap/UEDPIE_0_MenuMap.MenuMap up for play (max tick rate 60) at 2025.02.03-08.53.41
[2025.02.03-07.53.41:692][332]LogWorld: Bringing up level for play took: 0.000227
[2025.02.03-07.53.41:693][332]LogGameMode: FindPlayerStart: PATHS NOT DEFINED or NO PLAYERSTART with positive rating
[2025.02.03-07.53.41:716][332]LogLoad: Took 0.057569 seconds to LoadMap(/Game/Maps/MenuMap/UEDPIE_0_MenuMap)
[2025.02.03-07.55.17:827][889]LogSlate: Window 'CIJ_RisqueAuditif Preview [NetMode: Standalone] (64-bit/Windows) ' being destroyed
[2025.02.03-07.55.17:837][889]LogWorld: BeginTearingDown for /Game/Maps/MenuMap/UEDPIE_0_MenuMap
[2025.02.03-07.55.17:837][889]LogWorld: UWorld::CleanupWorld for MenuMap, bSessionEnded=true, bCleanupResources=true
[2025.02.03-07.55.17:837][889]LogSlate: InvalidateAllWidgets triggered.  All widgets were invalidated
[2025.02.03-07.55.17:848][889]LogPlayLevel: Display: Shutting down PIE online subsystems
[2025.02.03-07.55.17:860][889]LogSlate: InvalidateAllWidgets triggered.  All widgets were invalidated
[2025.02.03-07.55.17:917][889]LogAISub: UAISubsystem::~UAISubsystem AIPerceptionSystem (000001BF80F6B380), frame # 12889
[2025.02.03-07.55.17:917][889]LogAISub: UAISubsystem::~UAISubsystem EnvQueryManager (000001BF80FE4400), frame # 12889
[2025.02.03-07.55.17:919][889]LogUObjectHash: Compacting FUObjectHashTables data took   1.89ms
[2025.02.03-07.55.17:933][890]LogPlayLevel: Display: Destroying online subsystem :Context_3
[2025.02.03-07.55.20:773][ 60]BlueprintLog: New page: Compile UI__mj2
[2025.02.03-07.55.20:793][ 60]LogBlueprint: Warning: [Compiler UI__mj2] Event Reply  Return Value  should not be empty.  Return a reply such as Handled or Unhandled.
[2025.02.03-07.55.20:825][ 60]LogUObjectHash: Compacting FUObjectHashTables data took   1.92ms
[2025.02.03-07.55.23:559][206]LogSlate: Took 0.009200 seconds to synchronously load lazily loaded font '../../../Engine/Content/Slate/Fonts/Roboto-Italic.ttf' (157K)
[2025.02.03-07.56.24:668][444]LogUObjectHash: Compacting FUObjectHashTables data took   3.00ms
[2025.02.03-07.56.24:711][444]LogSavePackage: Moving '../../../../../../Users/yukin/OneDrive/Documents/Unreal Projects/CIJ_RisqueAuditifUE-ryan-mj2/CIJ_RisqueAuditifUE-ryan-mj2/Saved/MenuMap945BE55A4B10A79FA068D8B95DADC643.tmp' to '../../../../../../Users/yukin/OneDrive/Documents/Unreal Projects/CIJ_RisqueAuditifUE-ryan-mj2/CIJ_RisqueAuditifUE-ryan-mj2/Content/Maps/MenuMap/MenuMap.umap'
[2025.02.03-07.56.24:740][444]AssetCheck: New page: Asset Save: MenuMap
[2025.02.03-07.56.24:740][444]LogContentValidation: Display: Validating World /Game/Maps/MenuMap/MenuMap.MenuMap
